# JRE version: OpenJDK Runtime Environment (22.0.2+9) (build 22.0.2+9-70)
# Java VM: OpenJDK 64-Bit Server VM (22.0.2+9-70, mixed mode, sharing, tiered, compressed oops, compressed class ptrs, g1 gc, windows-amd64)
GC Precious Log:
 CardTable entry size: 512
 Card Set container configuration: InlinePtr #cards 5 size 8 Array Of Cards #cards 12 size 40 Howl #buckets 4 coarsen threshold 1843 Howl Bitmap #cards 512 size 80 coarsen threshold 460 Card regions per heap region 1 cards per card region 2048
 CPUs: 4 total, 4 available
 Memory: 7878M
 Large Page Support: Disabled
 NUMA Support: Disabled
 Compressed Oops: Enabled (32-bit)
 Heap Region Size: 1M
 Heap Min Capacity: 8M
 Heap Initial Capacity: 124M
 Heap Max Capacity: 1970M
 Pre-touch: Disabled
 Parallel Workers: 4
 Concurrent Workers: 1
 Concurrent Refinement Workers: 4
 Periodic GC: Disabled
Heap:
 garbage-first heap   total reserved 2017280K, committed 289792K, used 246784K [0x0000000084e00000, 0x0000000100000000)
  region size 1024K, 63 young (64512K), 11 survivors (11264K)
 Metaspace       used 63782K, committed 64768K, reserved 1114112K
  class space    used 7764K, committed 8256K, reserved 1048576K
GC Heap History (20 events):
Event: 283.228 GC heap before
{Heap before GC invocations=88 (full 0):
 garbage-first heap   total reserved 2017280K, committed 128000K, used 114506K [0x0000000084e00000, 0x0000000100000000)
  region size 1024K, 33 young (33792K), 5 survivors (5120K)
 Metaspace       used 63626K, committed 64640K, reserved 1114112K
  class space    used 7762K, committed 8256K, reserved 1048576K
}
Event: 283.255 GC heap after
{Heap after GC invocations=89 (full 0):
 garbage-first heap   total reserved 2017280K, committed 210944K, used 91889K [0x0000000084e00000, 0x0000000100000000)
  region size 1024K, 5 young (5120K), 5 survivors (5120K)
 Metaspace       used 63626K, committed 64640K, reserved 1114112K
  class space    used 7762K, committed 8256K, reserved 1048576K
}
Event: 285.850 GC heap before
{Heap before GC invocations=90 (full 0):
 garbage-first heap   total reserved 2017280K, committed 210944K, used 172785K [0x0000000084e00000, 0x0000000100000000)
  region size 1024K, 84 young (86016K), 5 survivors (5120K)
 Metaspace       used 63697K, committed 64704K, reserved 1114112K
  class space    used 7763K, committed 8256K, reserved 1048576K
}
Event: 285.887 GC heap after
{Heap after GC invocations=91 (full 0):
 garbage-first heap   total reserved 2017280K, committed 210944K, used 103949K [0x0000000084e00000, 0x0000000100000000)
  region size 1024K, 11 young (11264K), 11 survivors (11264K)
 Metaspace       used 63697K, committed 64704K, reserved 1114112K
  class space    used 7763K, committed 8256K, reserved 1048576K
}
Event: 286.959 GC heap before
{Heap before GC invocations=91 (full 0):
 garbage-first heap   total reserved 2017280K, committed 210944K, used 171533K [0x0000000084e00000, 0x0000000100000000)
  region size 1024K, 77 young (78848K), 11 survivors (11264K)
 Metaspace       used 63721K, committed 64704K, reserved 1114112K
  class space    used 7763K, committed 8256K, reserved 1048576K
}
Event: 287.027 GC heap after
{Heap after GC invocations=92 (full 0):
 garbage-first heap   total reserved 2017280K, committed 210944K, used 113636K [0x0000000084e00000, 0x0000000100000000)
  region size 1024K, 10 young (10240K), 10 survivors (10240K)
 Metaspace       used 63721K, committed 64704K, reserved 1114112K
  class space    used 7763K, committed 8256K, reserved 1048576K
}
Event: 287.853 GC heap before
{Heap before GC invocations=92 (full 0):
 garbage-first heap   total reserved 2017280K, committed 210944K, used 178148K [0x0000000084e00000, 0x0000000100000000)
  region size 1024K, 73 young (74752K), 10 survivors (10240K)
 Metaspace       used 63735K, committed 64768K, reserved 1114112K
  class space    used 7763K, committed 8256K, reserved 1048576K
}
Event: 287.885 GC heap after
{Heap after GC invocations=93 (full 0):
 garbage-first heap   total reserved 2017280K, committed 210944K, used 122368K [0x0000000084e00000, 0x0000000100000000)
  region size 1024K, 9 young (9216K), 9 survivors (9216K)
 Metaspace       used 63735K, committed 64768K, reserved 1114112K
  class space    used 7763K, committed 8256K, reserved 1048576K
}
Event: 289.527 GC heap before
{Heap before GC invocations=94 (full 0):
 garbage-first heap   total reserved 2017280K, committed 210944K, used 183808K [0x0000000084e00000, 0x0000000100000000)
  region size 1024K, 69 young (70656K), 9 survivors (9216K)
 Metaspace       used 63737K, committed 64768K, reserved 1114112K
  class space    used 7764K, committed 8256K, reserved 1048576K
}
Event: 289.568 GC heap after
{Heap after GC invocations=95 (full 0):
 garbage-first heap   total reserved 2017280K, committed 210944K, used 132049K [0x0000000084e00000, 0x0000000100000000)
  region size 1024K, 9 young (9216K), 9 survivors (9216K)
 Metaspace       used 63737K, committed 64768K, reserved 1114112K
  class space    used 7764K, committed 8256K, reserved 1048576K
}
Event: 290.707 GC heap before
{Heap before GC invocations=95 (full 0):
 garbage-first heap   total reserved 2017280K, committed 210944K, used 187345K [0x0000000084e00000, 0x0000000100000000)
  region size 1024K, 63 young (64512K), 9 survivors (9216K)
 Metaspace       used 63754K, committed 64768K, reserved 1114112K
  class space    used 7764K, committed 8256K, reserved 1048576K
}
Event: 290.743 GC heap after
{Heap after GC invocations=96 (full 0):
 garbage-first heap   total reserved 2017280K, committed 210944K, used 140745K [0x0000000084e00000, 0x0000000100000000)
  region size 1024K, 8 young (8192K), 8 survivors (8192K)
 Metaspace       used 63754K, committed 64768K, reserved 1114112K
  class space    used 7764K, committed 8256K, reserved 1048576K
}
Event: 291.875 GC heap before
{Heap before GC invocations=96 (full 0):
 garbage-first heap   total reserved 2017280K, committed 210944K, used 189897K [0x0000000084e00000, 0x0000000100000000)
  region size 1024K, 56 young (57344K), 8 survivors (8192K)
 Metaspace       used 63754K, committed 64768K, reserved 1114112K
  class space    used 7764K, committed 8256K, reserved 1048576K
}
Event: 291.911 GC heap after
{Heap after GC invocations=97 (full 0):
 garbage-first heap   total reserved 2017280K, committed 289792K, used 150016K [0x0000000084e00000, 0x0000000100000000)
  region size 1024K, 7 young (7168K), 7 survivors (7168K)
 Metaspace       used 63754K, committed 64768K, reserved 1114112K
  class space    used 7764K, committed 8256K, reserved 1048576K
}
Event: 294.102 GC heap before
{Heap before GC invocations=98 (full 0):
 garbage-first heap   total reserved 2017280K, committed 289792K, used 246272K [0x0000000084e00000, 0x0000000100000000)
  region size 1024K, 101 young (103424K), 7 survivors (7168K)
 Metaspace       used 63773K, committed 64768K, reserved 1114112K
  class space    used 7764K, committed 8256K, reserved 1048576K
}
Event: 294.149 GC heap after
{Heap after GC invocations=99 (full 0):
 garbage-first heap   total reserved 2017280K, committed 289792K, used 165469K [0x0000000084e00000, 0x0000000100000000)
  region size 1024K, 13 young (13312K), 13 survivors (13312K)
 Metaspace       used 63773K, committed 64768K, reserved 1114112K
  class space    used 7764K, committed 8256K, reserved 1048576K
}
Event: 295.469 GC heap before
{Heap before GC invocations=99 (full 0):
 garbage-first heap   total reserved 2017280K, committed 289792K, used 251485K [0x0000000084e00000, 0x0000000100000000)
  region size 1024K, 97 young (99328K), 13 survivors (13312K)
 Metaspace       used 63782K, committed 64768K, reserved 1114112K
  class space    used 7764K, committed 8256K, reserved 1048576K
}
Event: 295.536 GC heap after
{Heap after GC invocations=100 (full 0):
 garbage-first heap   total reserved 2017280K, committed 289792K, used 180224K [0x0000000084e00000, 0x0000000100000000)
  region size 1024K, 13 young (13312K), 13 survivors (13312K)
 Metaspace       used 63782K, committed 64768K, reserved 1114112K
  class space    used 7764K, committed 8256K, reserved 1048576K
}
Event: 297.008 GC heap before
{Heap before GC invocations=100 (full 0):
 garbage-first heap   total reserved 2017280K, committed 289792K, used 257024K [0x0000000084e00000, 0x0000000100000000)
  region size 1024K, 88 young (90112K), 13 survivors (13312K)
 Metaspace       used 63782K, committed 64768K, reserved 1114112K
  class space    used 7764K, committed 8256K, reserved 1048576K
}
Event: 297.085 GC heap after
{Heap after GC invocations=101 (full 0):
 garbage-first heap   total reserved 2017280K, committed 289792K, used 194560K [0x0000000084e00000, 0x0000000100000000)
  region size 1024K, 11 young (11264K), 11 survivors (11264K)
 Metaspace       used 63782K, committed 64768K, reserved 1114112K
  class space    used 7764K, committed 8256K, reserved 1048576K
}

