# JRE version: OpenJDK Runtime Environment Temurin-21.0.8+9 (21.0.8+9) (build 21.0.8+9-LTS)
# Java VM: OpenJDK 64-Bit Server VM Temurin-21.0.8+9 (21.0.8+9-LTS, mixed mode, sharing, tiered, compressed oops, compressed class ptrs, parallel gc, windows-amd64)
GC Precious Log:
 CardTable entry size: 512
 CPUs: 4 total, 4 available
 Memory: 7878M
 Large Page Support: Disabled
 NUMA Support: Disabled
 Compressed Oops: Enabled (32-bit)
 Alignments: Space 512K, Generation 512K, Heap 2M
 Heap Min Capacity: 100M
 Heap Initial Capacity: 100M
 Heap Max Capacity: 2G
 Pre-touch: Disabled
 Parallel Workers: 4
Heap:
 PSYoungGen      total 3584K, used 2476K [0x00000000d5580000, 0x00000000d5980000, 0x0000000100000000)
  eden space 3072K, 67% used [0x00000000d5580000,0x00000000d57833d0,0x00000000d5880000)
  from space 512K, 81% used [0x00000000d5900000,0x00000000d5968000,0x00000000d5980000)
  to   space 512K, 0% used [0x00000000d5880000,0x00000000d5880000,0x00000000d5900000)
 ParOldGen       total 426496K, used 411391K [0x0000000080000000, 0x000000009a080000, 0x00000000d5580000)
  object space 426496K, 96% used [0x0000000080000000,0x00000000991bfee0,0x000000009a080000)
 Metaspace       used 61731K, committed 63168K, reserved 1114112K
  class space    used 7050K, committed 7680K, reserved 1048576K
GC Heap History (20 events):
Event: 53.062 GC heap before
{Heap before GC invocations=794 (full 5):
 PSYoungGen      total 3072K, used 3042K [0x00000000d5580000, 0x00000000d5980000, 0x0000000100000000)
  eden space 2048K, 100% used [0x00000000d5580000,0x00000000d5780000,0x00000000d5780000)
  from space 1024K, 97% used [0x00000000d5880000,0x00000000d5978b48,0x00000000d5980000)
  to   space 1024K, 0% used [0x00000000d5780000,0x00000000d5780000,0x00000000d5880000)
 ParOldGen       total 426496K, used 407226K [0x0000000080000000, 0x000000009a080000, 0x00000000d5580000)
  object space 426496K, 95% used [0x0000000080000000,0x0000000098daeb28,0x000000009a080000)
 Metaspace       used 61721K, committed 63104K, reserved 1114112K
  class space    used 7049K, committed 7680K, reserved 1048576K
}
Event: 53.066 GC heap after
{Heap after GC invocations=794 (full 5):
 PSYoungGen      total 3072K, used 994K [0x00000000d5580000, 0x00000000d5980000, 0x0000000100000000)
  eden space 2048K, 0% used [0x00000000d5580000,0x00000000d5580000,0x00000000d5780000)
  from space 1024K, 97% used [0x00000000d5780000,0x00000000d5878b48,0x00000000d5880000)
  to   space 1024K, 0% used [0x00000000d5880000,0x00000000d5880000,0x00000000d5980000)
 ParOldGen       total 426496K, used 407402K [0x0000000080000000, 0x000000009a080000, 0x00000000d5580000)
  object space 426496K, 95% used [0x0000000080000000,0x0000000098ddab28,0x000000009a080000)
 Metaspace       used 61721K, committed 63104K, reserved 1114112K
  class space    used 7049K, committed 7680K, reserved 1048576K
}
Event: 53.094 GC heap before
{Heap before GC invocations=795 (full 5):
 PSYoungGen      total 3072K, used 3042K [0x00000000d5580000, 0x00000000d5980000, 0x0000000100000000)
  eden space 2048K, 100% used [0x00000000d5580000,0x00000000d5780000,0x00000000d5780000)
  from space 1024K, 97% used [0x00000000d5780000,0x00000000d5878b48,0x00000000d5880000)
  to   space 1024K, 0% used [0x00000000d5880000,0x00000000d5880000,0x00000000d5980000)
 ParOldGen       total 426496K, used 407402K [0x0000000080000000, 0x000000009a080000, 0x00000000d5580000)
  object space 426496K, 95% used [0x0000000080000000,0x0000000098ddab28,0x000000009a080000)
 Metaspace       used 61721K, committed 63104K, reserved 1114112K
  class space    used 7049K, committed 7680K, reserved 1048576K
}
Event: 53.098 GC heap after
{Heap after GC invocations=795 (full 5):
 PSYoungGen      total 3072K, used 610K [0x00000000d5580000, 0x00000000d5980000, 0x0000000100000000)
  eden space 2048K, 0% used [0x00000000d5580000,0x00000000d5580000,0x00000000d5780000)
  from space 1024K, 59% used [0x00000000d5880000,0x00000000d5918b48,0x00000000d5980000)
  to   space 1024K, 0% used [0x00000000d5780000,0x00000000d5780000,0x00000000d5880000)
 ParOldGen       total 426496K, used 408146K [0x0000000080000000, 0x000000009a080000, 0x00000000d5580000)
  object space 426496K, 95% used [0x0000000080000000,0x0000000098e94b28,0x000000009a080000)
 Metaspace       used 61721K, committed 63104K, reserved 1114112K
  class space    used 7049K, committed 7680K, reserved 1048576K
}
Event: 53.113 GC heap before
{Heap before GC invocations=796 (full 5):
 PSYoungGen      total 3072K, used 2647K [0x00000000d5580000, 0x00000000d5980000, 0x0000000100000000)
  eden space 2048K, 99% used [0x00000000d5580000,0x00000000d577d4a0,0x00000000d5780000)
  from space 1024K, 59% used [0x00000000d5880000,0x00000000d5918b48,0x00000000d5980000)
  to   space 1024K, 0% used [0x00000000d5780000,0x00000000d5780000,0x00000000d5880000)
 ParOldGen       total 426496K, used 408146K [0x0000000080000000, 0x000000009a080000, 0x00000000d5580000)
  object space 426496K, 95% used [0x0000000080000000,0x0000000098e94b28,0x000000009a080000)
 Metaspace       used 61726K, committed 63168K, reserved 1114112K
  class space    used 7050K, committed 7680K, reserved 1048576K
}
Event: 53.117 GC heap after
{Heap after GC invocations=796 (full 5):
 PSYoungGen      total 3072K, used 733K [0x00000000d5580000, 0x00000000d5a00000, 0x0000000100000000)
  eden space 2048K, 0% used [0x00000000d5580000,0x00000000d5580000,0x00000000d5780000)
  from space 1024K, 71% used [0x00000000d5780000,0x00000000d5837750,0x00000000d5880000)
  to   space 1024K, 0% used [0x00000000d5900000,0x00000000d5900000,0x00000000d5a00000)
 ParOldGen       total 426496K, used 408178K [0x0000000080000000, 0x000000009a080000, 0x00000000d5580000)
  object space 426496K, 95% used [0x0000000080000000,0x0000000098e9cb28,0x000000009a080000)
 Metaspace       used 61726K, committed 63168K, reserved 1114112K
  class space    used 7050K, committed 7680K, reserved 1048576K
}
Event: 53.135 GC heap before
{Heap before GC invocations=797 (full 5):
 PSYoungGen      total 3072K, used 2781K [0x00000000d5580000, 0x00000000d5a00000, 0x0000000100000000)
  eden space 2048K, 100% used [0x00000000d5580000,0x00000000d5780000,0x00000000d5780000)
  from space 1024K, 71% used [0x00000000d5780000,0x00000000d5837750,0x00000000d5880000)
  to   space 1024K, 0% used [0x00000000d5900000,0x00000000d5900000,0x00000000d5a00000)
 ParOldGen       total 426496K, used 408178K [0x0000000080000000, 0x000000009a080000, 0x00000000d5580000)
  object space 426496K, 95% used [0x0000000080000000,0x0000000098e9cb28,0x000000009a080000)
 Metaspace       used 61728K, committed 63168K, reserved 1114112K
  class space    used 7050K, committed 7680K, reserved 1048576K
}
Event: 53.139 GC heap after
{Heap after GC invocations=797 (full 5):
 PSYoungGen      total 3584K, used 859K [0x00000000d5580000, 0x00000000d5a00000, 0x0000000100000000)
  eden space 2560K, 0% used [0x00000000d5580000,0x00000000d5580000,0x00000000d5800000)
  from space 1024K, 83% used [0x00000000d5900000,0x00000000d59d6c08,0x00000000d5a00000)
  to   space 1024K, 0% used [0x00000000d5800000,0x00000000d5800000,0x00000000d5900000)
 ParOldGen       total 426496K, used 408306K [0x0000000080000000, 0x000000009a080000, 0x00000000d5580000)
  object space 426496K, 95% used [0x0000000080000000,0x0000000098ebc8c0,0x000000009a080000)
 Metaspace       used 61728K, committed 63168K, reserved 1114112K
  class space    used 7050K, committed 7680K, reserved 1048576K
}
Event: 53.182 GC heap before
{Heap before GC invocations=798 (full 5):
 PSYoungGen      total 3584K, used 3419K [0x00000000d5580000, 0x00000000d5a00000, 0x0000000100000000)
  eden space 2560K, 100% used [0x00000000d5580000,0x00000000d5800000,0x00000000d5800000)
  from space 1024K, 83% used [0x00000000d5900000,0x00000000d59d6c08,0x00000000d5a00000)
  to   space 1024K, 0% used [0x00000000d5800000,0x00000000d5800000,0x00000000d5900000)
 ParOldGen       total 426496K, used 408306K [0x0000000080000000, 0x000000009a080000, 0x00000000d5580000)
  object space 426496K, 95% used [0x0000000080000000,0x0000000098ebc8c0,0x000000009a080000)
 Metaspace       used 61728K, committed 63168K, reserved 1114112K
  class space    used 7050K, committed 7680K, reserved 1048576K
}
Event: 53.186 GC heap after
{Heap after GC invocations=798 (full 5):
 PSYoungGen      total 3584K, used 731K [0x00000000d5580000, 0x00000000d5a00000, 0x0000000100000000)
  eden space 2560K, 0% used [0x00000000d5580000,0x00000000d5580000,0x00000000d5800000)
  from space 1024K, 71% used [0x00000000d5800000,0x00000000d58b6c08,0x00000000d5900000)
  to   space 1024K, 0% used [0x00000000d5900000,0x00000000d5900000,0x00000000d5a00000)
 ParOldGen       total 426496K, used 408680K [0x0000000080000000, 0x000000009a080000, 0x00000000d5580000)
  object space 426496K, 95% used [0x0000000080000000,0x0000000098f1a260,0x000000009a080000)
 Metaspace       used 61728K, committed 63168K, reserved 1114112K
  class space    used 7050K, committed 7680K, reserved 1048576K
}
Event: 53.206 GC heap before
{Heap before GC invocations=799 (full 5):
 PSYoungGen      total 3584K, used 3290K [0x00000000d5580000, 0x00000000d5a00000, 0x0000000100000000)
  eden space 2560K, 99% used [0x00000000d5580000,0x00000000d57ffff0,0x00000000d5800000)
  from space 1024K, 71% used [0x00000000d5800000,0x00000000d58b6c08,0x00000000d5900000)
  to   space 1024K, 0% used [0x00000000d5900000,0x00000000d5900000,0x00000000d5a00000)
 ParOldGen       total 426496K, used 408680K [0x0000000080000000, 0x000000009a080000, 0x00000000d5580000)
  object space 426496K, 95% used [0x0000000080000000,0x0000000098f1a260,0x000000009a080000)
 Metaspace       used 61730K, committed 63168K, reserved 1114112K
  class space    used 7050K, committed 7680K, reserved 1048576K
}
Event: 53.211 GC heap after
{Heap after GC invocations=799 (full 5):
 PSYoungGen      total 3584K, used 630K [0x00000000d5580000, 0x00000000d5a80000, 0x0000000100000000)
  eden space 2560K, 0% used [0x00000000d5580000,0x00000000d5580000,0x00000000d5800000)
  from space 1024K, 61% used [0x00000000d5900000,0x00000000d599d808,0x00000000d5a00000)
  to   space 1024K, 0% used [0x00000000d5800000,0x00000000d5800000,0x00000000d5900000)
 ParOldGen       total 426496K, used 409064K [0x0000000080000000, 0x000000009a080000, 0x00000000d5580000)
  object space 426496K, 95% used [0x0000000080000000,0x0000000098f7a260,0x000000009a080000)
 Metaspace       used 61730K, committed 63168K, reserved 1114112K
  class space    used 7050K, committed 7680K, reserved 1048576K
}
Event: 53.254 GC heap before
{Heap before GC invocations=800 (full 5):
 PSYoungGen      total 3584K, used 3190K [0x00000000d5580000, 0x00000000d5a80000, 0x0000000100000000)
  eden space 2560K, 100% used [0x00000000d5580000,0x00000000d5800000,0x00000000d5800000)
  from space 1024K, 61% used [0x00000000d5900000,0x00000000d599d808,0x00000000d5a00000)
  to   space 1024K, 0% used [0x00000000d5800000,0x00000000d5800000,0x00000000d5900000)
 ParOldGen       total 426496K, used 409064K [0x0000000080000000, 0x000000009a080000, 0x00000000d5580000)
  object space 426496K, 95% used [0x0000000080000000,0x0000000098f7a260,0x000000009a080000)
 Metaspace       used 61730K, committed 63168K, reserved 1114112K
  class space    used 7050K, committed 7680K, reserved 1048576K
}
Event: 53.257 GC heap after
{Heap after GC invocations=800 (full 5):
 PSYoungGen      total 3584K, used 256K [0x00000000d5580000, 0x00000000d5980000, 0x0000000100000000)
  eden space 2560K, 0% used [0x00000000d5580000,0x00000000d5580000,0x00000000d5800000)
  from space 1024K, 25% used [0x00000000d5800000,0x00000000d5840000,0x00000000d5900000)
  to   space 512K, 0% used [0x00000000d5900000,0x00000000d5900000,0x00000000d5980000)
 ParOldGen       total 426496K, used 409630K [0x0000000080000000, 0x000000009a080000, 0x00000000d5580000)
  object space 426496K, 96% used [0x0000000080000000,0x0000000099007a68,0x000000009a080000)
 Metaspace       used 61730K, committed 63168K, reserved 1114112K
  class space    used 7050K, committed 7680K, reserved 1048576K
}
Event: 53.329 GC heap before
{Heap before GC invocations=801 (full 5):
 PSYoungGen      total 3584K, used 2816K [0x00000000d5580000, 0x00000000d5980000, 0x0000000100000000)
  eden space 2560K, 100% used [0x00000000d5580000,0x00000000d5800000,0x00000000d5800000)
  from space 1024K, 25% used [0x00000000d5800000,0x00000000d5840000,0x00000000d5900000)
  to   space 512K, 0% used [0x00000000d5900000,0x00000000d5900000,0x00000000d5980000)
 ParOldGen       total 426496K, used 409630K [0x0000000080000000, 0x000000009a080000, 0x00000000d5580000)
  object space 426496K, 96% used [0x0000000080000000,0x0000000099007a68,0x000000009a080000)
 Metaspace       used 61730K, committed 63168K, reserved 1114112K
  class space    used 7050K, committed 7680K, reserved 1048576K
}
Event: 53.332 GC heap after
{Heap after GC invocations=801 (full 5):
 PSYoungGen      total 3072K, used 407K [0x00000000d5580000, 0x00000000d5980000, 0x0000000100000000)
  eden space 2560K, 0% used [0x00000000d5580000,0x00000000d5580000,0x00000000d5800000)
  from space 512K, 79% used [0x00000000d5900000,0x00000000d5965d88,0x00000000d5980000)
  to   space 512K, 0% used [0x00000000d5880000,0x00000000d5880000,0x00000000d5900000)
 ParOldGen       total 426496K, used 409822K [0x0000000080000000, 0x000000009a080000, 0x00000000d5580000)
  object space 426496K, 96% used [0x0000000080000000,0x0000000099037a68,0x000000009a080000)
 Metaspace       used 61730K, committed 63168K, reserved 1114112K
  class space    used 7050K, committed 7680K, reserved 1048576K
}
Event: 53.348 GC heap before
{Heap before GC invocations=802 (full 5):
 PSYoungGen      total 3072K, used 2967K [0x00000000d5580000, 0x00000000d5980000, 0x0000000100000000)
  eden space 2560K, 100% used [0x00000000d5580000,0x00000000d5800000,0x00000000d5800000)
  from space 512K, 79% used [0x00000000d5900000,0x00000000d5965d88,0x00000000d5980000)
  to   space 512K, 0% used [0x00000000d5880000,0x00000000d5880000,0x00000000d5900000)
 ParOldGen       total 426496K, used 409822K [0x0000000080000000, 0x000000009a080000, 0x00000000d5580000)
  object space 426496K, 96% used [0x0000000080000000,0x0000000099037a68,0x000000009a080000)
 Metaspace       used 61730K, committed 63168K, reserved 1114112K
  class space    used 7050K, committed 7680K, reserved 1048576K
}
Event: 53.352 GC heap after
{Heap after GC invocations=802 (full 5):
 PSYoungGen      total 3584K, used 480K [0x00000000d5580000, 0x00000000d5980000, 0x0000000100000000)
  eden space 3072K, 0% used [0x00000000d5580000,0x00000000d5580000,0x00000000d5880000)
  from space 512K, 93% used [0x00000000d5880000,0x00000000d58f8000,0x00000000d5900000)
  to   space 512K, 0% used [0x00000000d5900000,0x00000000d5900000,0x00000000d5980000)
 ParOldGen       total 426496K, used 410089K [0x0000000080000000, 0x000000009a080000, 0x00000000d5580000)
  object space 426496K, 96% used [0x0000000080000000,0x000000009907a6d8,0x000000009a080000)
 Metaspace       used 61730K, committed 63168K, reserved 1114112K
  class space    used 7050K, committed 7680K, reserved 1048576K
}
Event: 53.393 GC heap before
{Heap before GC invocations=803 (full 5):
 PSYoungGen      total 3584K, used 3552K [0x00000000d5580000, 0x00000000d5980000, 0x0000000100000000)
  eden space 3072K, 100% used [0x00000000d5580000,0x00000000d5880000,0x00000000d5880000)
  from space 512K, 93% used [0x00000000d5880000,0x00000000d58f8000,0x00000000d5900000)
  to   space 512K, 0% used [0x00000000d5900000,0x00000000d5900000,0x00000000d5980000)
 ParOldGen       total 426496K, used 410089K [0x0000000080000000, 0x000000009a080000, 0x00000000d5580000)
  object space 426496K, 96% used [0x0000000080000000,0x000000009907a6d8,0x000000009a080000)
 Metaspace       used 61731K, committed 63168K, reserved 1114112K
  class space    used 7050K, committed 7680K, reserved 1048576K
}
Event: 53.397 GC heap after
{Heap after GC invocations=803 (full 5):
 PSYoungGen      total 3584K, used 497K [0x00000000d5580000, 0x00000000d5980000, 0x0000000100000000)
  eden space 3072K, 0% used [0x00000000d5580000,0x00000000d5580000,0x00000000d5880000)
  from space 512K, 97% used [0x00000000d5900000,0x00000000d597c5a0,0x00000000d5980000)
  to   space 512K, 0% used [0x00000000d5880000,0x00000000d5880000,0x00000000d5900000)
 ParOldGen       total 426496K, used 410529K [0x0000000080000000, 0x000000009a080000, 0x00000000d5580000)
  object space 426496K, 96% used [0x0000000080000000,0x00000000990e86d8,0x000000009a080000)
 Metaspace       used 61731K, committed 63168K, reserved 1114112K
  class space    used 7050K, committed 7680K, reserved 1048576K
}

