# JRE version: OpenJDK Runtime Environment Temurin-21.0.8+9 (21.0.8+9) (build 21.0.8+9-LTS)
# Java VM: OpenJDK 64-Bit Server VM Temurin-21.0.8+9 (21.0.8+9-LTS, mixed mode, sharing, tiered, compressed oops, compressed class ptrs, parallel gc, windows-amd64)
GC Precious Log:
 CardTable entry size: 512
 CPUs: 4 total, 4 available
 Memory: 7878M
 Large Page Support: Disabled
 NUMA Support: Disabled
 Compressed Oops: Enabled (32-bit)
 Alignments: Space 512K, Generation 512K, Heap 2M
 Heap Min Capacity: 100M
 Heap Initial Capacity: 100M
 Heap Max Capacity: 2G
 Pre-touch: Disabled
 Parallel Workers: 4
Heap:
 PSYoungGen      total 6144K, used 1461K [0x00000000d5580000, 0x00000000d6000000, 0x0000000100000000)
  eden space 5632K, 16% used [0x00000000d5580000,0x00000000d566e2e0,0x00000000d5b00000)
  from space 512K, 99% used [0x00000000d5d80000,0x00000000d5dff1e8,0x00000000d5e00000)
  to   space 2560K, 0% used [0x00000000d5b00000,0x00000000d5b00000,0x00000000d5d80000)
 ParOldGen       total 131584K, used 131323K [0x0000000080000000, 0x0000000088080000, 0x00000000d5580000)
  object space 131584K, 99% used [0x0000000080000000,0x000000008803ee68,0x0000000088080000)
 Metaspace       used 57512K, committed 58752K, reserved 1114112K
  class space    used 6298K, committed 6912K, reserved 1048576K
GC Heap History (20 events):
Event: 157.178 GC heap before
{Heap before GC invocations=81 (full 2):
 PSYoungGen      total 6144K, used 5888K [0x00000000d5580000, 0x00000000d5e00000, 0x0000000100000000)
  eden space 5632K, 100% used [0x00000000d5580000,0x00000000d5b00000,0x00000000d5b00000)
  from space 512K, 50% used [0x00000000d5d80000,0x00000000d5dc0000,0x00000000d5e00000)
  to   space 512K, 0% used [0x00000000d5d00000,0x00000000d5d00000,0x00000000d5d80000)
 ParOldGen       total 128512K, used 128441K [0x0000000080000000, 0x0000000087d80000, 0x00000000d5580000)
  object space 128512K, 99% used [0x0000000080000000,0x0000000087d6e6a8,0x0000000087d80000)
 Metaspace       used 56937K, committed 58176K, reserved 1114112K
  class space    used 6222K, committed 6784K, reserved 1048576K
}
Event: 157.180 GC heap after
{Heap after GC invocations=81 (full 2):
 PSYoungGen      total 6144K, used 384K [0x00000000d5580000, 0x00000000d5e00000, 0x0000000100000000)
  eden space 5632K, 0% used [0x00000000d5580000,0x00000000d5580000,0x00000000d5b00000)
  from space 512K, 75% used [0x00000000d5d00000,0x00000000d5d60000,0x00000000d5d80000)
  to   space 512K, 0% used [0x00000000d5d80000,0x00000000d5d80000,0x00000000d5e00000)
 ParOldGen       total 129024K, used 128657K [0x0000000080000000, 0x0000000087e00000, 0x00000000d5580000)
  object space 129024K, 99% used [0x0000000080000000,0x0000000087da46b8,0x0000000087e00000)
 Metaspace       used 56937K, committed 58176K, reserved 1114112K
  class space    used 6222K, committed 6784K, reserved 1048576K
}
Event: 157.359 GC heap before
{Heap before GC invocations=82 (full 2):
 PSYoungGen      total 6144K, used 6016K [0x00000000d5580000, 0x00000000d5e00000, 0x0000000100000000)
  eden space 5632K, 100% used [0x00000000d5580000,0x00000000d5b00000,0x00000000d5b00000)
  from space 512K, 75% used [0x00000000d5d00000,0x00000000d5d60000,0x00000000d5d80000)
  to   space 512K, 0% used [0x00000000d5d80000,0x00000000d5d80000,0x00000000d5e00000)
 ParOldGen       total 129024K, used 128657K [0x0000000080000000, 0x0000000087e00000, 0x00000000d5580000)
  object space 129024K, 99% used [0x0000000080000000,0x0000000087da46b8,0x0000000087e00000)
 Metaspace       used 57411K, committed 58624K, reserved 1114112K
  class space    used 6284K, committed 6848K, reserved 1048576K
}
Event: 157.360 GC heap after
{Heap after GC invocations=82 (full 2):
 PSYoungGen      total 6144K, used 288K [0x00000000d5580000, 0x00000000d5e00000, 0x0000000100000000)
  eden space 5632K, 0% used [0x00000000d5580000,0x00000000d5580000,0x00000000d5b00000)
  from space 512K, 56% used [0x00000000d5d80000,0x00000000d5dc8000,0x00000000d5e00000)
  to   space 512K, 0% used [0x00000000d5d00000,0x00000000d5d00000,0x00000000d5d80000)
 ParOldGen       total 129024K, used 128921K [0x0000000080000000, 0x0000000087e00000, 0x00000000d5580000)
  object space 129024K, 99% used [0x0000000080000000,0x0000000087de66b8,0x0000000087e00000)
 Metaspace       used 57411K, committed 58624K, reserved 1114112K
  class space    used 6284K, committed 6848K, reserved 1048576K
}
Event: 157.426 GC heap before
{Heap before GC invocations=83 (full 2):
 PSYoungGen      total 6144K, used 5920K [0x00000000d5580000, 0x00000000d5e00000, 0x0000000100000000)
  eden space 5632K, 100% used [0x00000000d5580000,0x00000000d5b00000,0x00000000d5b00000)
  from space 512K, 56% used [0x00000000d5d80000,0x00000000d5dc8000,0x00000000d5e00000)
  to   space 512K, 0% used [0x00000000d5d00000,0x00000000d5d00000,0x00000000d5d80000)
 ParOldGen       total 129024K, used 128921K [0x0000000080000000, 0x0000000087e00000, 0x00000000d5580000)
  object space 129024K, 99% used [0x0000000080000000,0x0000000087de66b8,0x0000000087e00000)
 Metaspace       used 57417K, committed 58688K, reserved 1114112K
  class space    used 6284K, committed 6848K, reserved 1048576K
}
Event: 157.428 GC heap after
{Heap after GC invocations=83 (full 2):
 PSYoungGen      total 6144K, used 192K [0x00000000d5580000, 0x00000000d5e00000, 0x0000000100000000)
  eden space 5632K, 0% used [0x00000000d5580000,0x00000000d5580000,0x00000000d5b00000)
  from space 512K, 37% used [0x00000000d5d00000,0x00000000d5d30000,0x00000000d5d80000)
  to   space 512K, 0% used [0x00000000d5d80000,0x00000000d5d80000,0x00000000d5e00000)
 ParOldGen       total 129536K, used 129130K [0x0000000080000000, 0x0000000087e80000, 0x00000000d5580000)
  object space 129536K, 99% used [0x0000000080000000,0x0000000087e1aa58,0x0000000087e80000)
 Metaspace       used 57417K, committed 58688K, reserved 1114112K
  class space    used 6284K, committed 6848K, reserved 1048576K
}
Event: 157.887 GC heap before
{Heap before GC invocations=84 (full 2):
 PSYoungGen      total 6144K, used 5824K [0x00000000d5580000, 0x00000000d5e00000, 0x0000000100000000)
  eden space 5632K, 100% used [0x00000000d5580000,0x00000000d5b00000,0x00000000d5b00000)
  from space 512K, 37% used [0x00000000d5d00000,0x00000000d5d30000,0x00000000d5d80000)
  to   space 512K, 0% used [0x00000000d5d80000,0x00000000d5d80000,0x00000000d5e00000)
 ParOldGen       total 129536K, used 129130K [0x0000000080000000, 0x0000000087e80000, 0x00000000d5580000)
  object space 129536K, 99% used [0x0000000080000000,0x0000000087e1aa58,0x0000000087e80000)
 Metaspace       used 57435K, committed 58688K, reserved 1114112K
  class space    used 6285K, committed 6848K, reserved 1048576K
}
Event: 157.888 GC heap after
{Heap after GC invocations=84 (full 2):
 PSYoungGen      total 6144K, used 192K [0x00000000d5580000, 0x00000000d5e00000, 0x0000000100000000)
  eden space 5632K, 0% used [0x00000000d5580000,0x00000000d5580000,0x00000000d5b00000)
  from space 512K, 37% used [0x00000000d5d80000,0x00000000d5db0000,0x00000000d5e00000)
  to   space 512K, 0% used [0x00000000d5d00000,0x00000000d5d00000,0x00000000d5d80000)
 ParOldGen       total 129536K, used 129242K [0x0000000080000000, 0x0000000087e80000, 0x00000000d5580000)
  object space 129536K, 99% used [0x0000000080000000,0x0000000087e36a58,0x0000000087e80000)
 Metaspace       used 57435K, committed 58688K, reserved 1114112K
  class space    used 6285K, committed 6848K, reserved 1048576K
}
Event: 160.371 GC heap before
{Heap before GC invocations=85 (full 2):
 PSYoungGen      total 6144K, used 5824K [0x00000000d5580000, 0x00000000d5e00000, 0x0000000100000000)
  eden space 5632K, 100% used [0x00000000d5580000,0x00000000d5b00000,0x00000000d5b00000)
  from space 512K, 37% used [0x00000000d5d80000,0x00000000d5db0000,0x00000000d5e00000)
  to   space 512K, 0% used [0x00000000d5d00000,0x00000000d5d00000,0x00000000d5d80000)
 ParOldGen       total 129536K, used 129242K [0x0000000080000000, 0x0000000087e80000, 0x00000000d5580000)
  object space 129536K, 99% used [0x0000000080000000,0x0000000087e36a58,0x0000000087e80000)
 Metaspace       used 57436K, committed 58688K, reserved 1114112K
  class space    used 6285K, committed 6848K, reserved 1048576K
}
Event: 160.372 GC heap after
{Heap after GC invocations=85 (full 2):
 PSYoungGen      total 6144K, used 256K [0x00000000d5580000, 0x00000000d5e00000, 0x0000000100000000)
  eden space 5632K, 0% used [0x00000000d5580000,0x00000000d5580000,0x00000000d5b00000)
  from space 512K, 50% used [0x00000000d5d00000,0x00000000d5d40000,0x00000000d5d80000)
  to   space 512K, 0% used [0x00000000d5d80000,0x00000000d5d80000,0x00000000d5e00000)
 ParOldGen       total 129536K, used 129370K [0x0000000080000000, 0x0000000087e80000, 0x00000000d5580000)
  object space 129536K, 99% used [0x0000000080000000,0x0000000087e56a58,0x0000000087e80000)
 Metaspace       used 57436K, committed 58688K, reserved 1114112K
  class space    used 6285K, committed 6848K, reserved 1048576K
}
Event: 162.181 GC heap before
{Heap before GC invocations=86 (full 2):
 PSYoungGen      total 6144K, used 5888K [0x00000000d5580000, 0x00000000d5e00000, 0x0000000100000000)
  eden space 5632K, 100% used [0x00000000d5580000,0x00000000d5b00000,0x00000000d5b00000)
  from space 512K, 50% used [0x00000000d5d00000,0x00000000d5d40000,0x00000000d5d80000)
  to   space 512K, 0% used [0x00000000d5d80000,0x00000000d5d80000,0x00000000d5e00000)
 ParOldGen       total 129536K, used 129370K [0x0000000080000000, 0x0000000087e80000, 0x00000000d5580000)
  object space 129536K, 99% used [0x0000000080000000,0x0000000087e56a58,0x0000000087e80000)
 Metaspace       used 57437K, committed 58688K, reserved 1114112K
  class space    used 6285K, committed 6848K, reserved 1048576K
}
Event: 162.182 GC heap after
{Heap after GC invocations=86 (full 2):
 PSYoungGen      total 6144K, used 224K [0x00000000d5580000, 0x00000000d5e00000, 0x0000000100000000)
  eden space 5632K, 0% used [0x00000000d5580000,0x00000000d5580000,0x00000000d5b00000)
  from space 512K, 43% used [0x00000000d5d80000,0x00000000d5db8000,0x00000000d5e00000)
  to   space 512K, 0% used [0x00000000d5d00000,0x00000000d5d00000,0x00000000d5d80000)
 ParOldGen       total 130048K, used 129554K [0x0000000080000000, 0x0000000087f00000, 0x00000000d5580000)
  object space 130048K, 99% used [0x0000000080000000,0x0000000087e84a58,0x0000000087f00000)
 Metaspace       used 57437K, committed 58688K, reserved 1114112K
  class space    used 6285K, committed 6848K, reserved 1048576K
}
Event: 163.490 GC heap before
{Heap before GC invocations=87 (full 2):
 PSYoungGen      total 6144K, used 5856K [0x00000000d5580000, 0x00000000d5e00000, 0x0000000100000000)
  eden space 5632K, 100% used [0x00000000d5580000,0x00000000d5b00000,0x00000000d5b00000)
  from space 512K, 43% used [0x00000000d5d80000,0x00000000d5db8000,0x00000000d5e00000)
  to   space 512K, 0% used [0x00000000d5d00000,0x00000000d5d00000,0x00000000d5d80000)
 ParOldGen       total 130048K, used 129554K [0x0000000080000000, 0x0000000087f00000, 0x00000000d5580000)
  object space 130048K, 99% used [0x0000000080000000,0x0000000087e84a58,0x0000000087f00000)
 Metaspace       used 57440K, committed 58688K, reserved 1114112K
  class space    used 6285K, committed 6848K, reserved 1048576K
}
Event: 163.491 GC heap after
{Heap after GC invocations=87 (full 2):
 PSYoungGen      total 6144K, used 224K [0x00000000d5580000, 0x00000000d5e00000, 0x0000000100000000)
  eden space 5632K, 0% used [0x00000000d5580000,0x00000000d5580000,0x00000000d5b00000)
  from space 512K, 43% used [0x00000000d5d00000,0x00000000d5d38000,0x00000000d5d80000)
  to   space 512K, 0% used [0x00000000d5d80000,0x00000000d5d80000,0x00000000d5e00000)
 ParOldGen       total 130048K, used 129690K [0x0000000080000000, 0x0000000087f00000, 0x00000000d5580000)
  object space 130048K, 99% used [0x0000000080000000,0x0000000087ea6a58,0x0000000087f00000)
 Metaspace       used 57440K, committed 58688K, reserved 1114112K
  class space    used 6285K, committed 6848K, reserved 1048576K
}
Event: 166.636 GC heap before
{Heap before GC invocations=88 (full 2):
 PSYoungGen      total 6144K, used 5856K [0x00000000d5580000, 0x00000000d5e00000, 0x0000000100000000)
  eden space 5632K, 100% used [0x00000000d5580000,0x00000000d5b00000,0x00000000d5b00000)
  from space 512K, 43% used [0x00000000d5d00000,0x00000000d5d38000,0x00000000d5d80000)
  to   space 512K, 0% used [0x00000000d5d80000,0x00000000d5d80000,0x00000000d5e00000)
 ParOldGen       total 130048K, used 129690K [0x0000000080000000, 0x0000000087f00000, 0x00000000d5580000)
  object space 130048K, 99% used [0x0000000080000000,0x0000000087ea6a58,0x0000000087f00000)
 Metaspace       used 57441K, committed 58688K, reserved 1114112K
  class space    used 6285K, committed 6848K, reserved 1048576K
}
Event: 166.637 GC heap after
{Heap after GC invocations=88 (full 2):
 PSYoungGen      total 6144K, used 192K [0x00000000d5580000, 0x00000000d5e00000, 0x0000000100000000)
  eden space 5632K, 0% used [0x00000000d5580000,0x00000000d5580000,0x00000000d5b00000)
  from space 512K, 37% used [0x00000000d5d80000,0x00000000d5db0000,0x00000000d5e00000)
  to   space 512K, 0% used [0x00000000d5d00000,0x00000000d5d00000,0x00000000d5d80000)
 ParOldGen       total 130048K, used 129882K [0x0000000080000000, 0x0000000087f00000, 0x00000000d5580000)
  object space 130048K, 99% used [0x0000000080000000,0x0000000087ed6a58,0x0000000087f00000)
 Metaspace       used 57441K, committed 58688K, reserved 1114112K
  class space    used 6285K, committed 6848K, reserved 1048576K
}
Event: 171.452 GC heap before
{Heap before GC invocations=89 (full 2):
 PSYoungGen      total 6144K, used 5824K [0x00000000d5580000, 0x00000000d5e00000, 0x0000000100000000)
  eden space 5632K, 100% used [0x00000000d5580000,0x00000000d5b00000,0x00000000d5b00000)
  from space 512K, 37% used [0x00000000d5d80000,0x00000000d5db0000,0x00000000d5e00000)
  to   space 512K, 0% used [0x00000000d5d00000,0x00000000d5d00000,0x00000000d5d80000)
 ParOldGen       total 130048K, used 129882K [0x0000000080000000, 0x0000000087f00000, 0x00000000d5580000)
  object space 130048K, 99% used [0x0000000080000000,0x0000000087ed6a58,0x0000000087f00000)
 Metaspace       used 57441K, committed 58688K, reserved 1114112K
  class space    used 6285K, committed 6848K, reserved 1048576K
}
Event: 171.453 GC heap after
{Heap after GC invocations=89 (full 2):
 PSYoungGen      total 6144K, used 224K [0x00000000d5580000, 0x00000000d5e00000, 0x0000000100000000)
  eden space 5632K, 0% used [0x00000000d5580000,0x00000000d5580000,0x00000000d5b00000)
  from space 512K, 43% used [0x00000000d5d00000,0x00000000d5d38000,0x00000000d5d80000)
  to   space 512K, 0% used [0x00000000d5d80000,0x00000000d5d80000,0x00000000d5e00000)
 ParOldGen       total 130048K, used 130010K [0x0000000080000000, 0x0000000087f00000, 0x00000000d5580000)
  object space 130048K, 99% used [0x0000000080000000,0x0000000087ef6a58,0x0000000087f00000)
 Metaspace       used 57441K, committed 58688K, reserved 1114112K
  class space    used 6285K, committed 6848K, reserved 1048576K
}
Event: 175.717 GC heap before
{Heap before GC invocations=90 (full 2):
 PSYoungGen      total 6144K, used 5856K [0x00000000d5580000, 0x00000000d5e00000, 0x0000000100000000)
  eden space 5632K, 100% used [0x00000000d5580000,0x00000000d5b00000,0x00000000d5b00000)
  from space 512K, 43% used [0x00000000d5d00000,0x00000000d5d38000,0x00000000d5d80000)
  to   space 512K, 0% used [0x00000000d5d80000,0x00000000d5d80000,0x00000000d5e00000)
 ParOldGen       total 130048K, used 130010K [0x0000000080000000, 0x0000000087f00000, 0x00000000d5580000)
  object space 130048K, 99% used [0x0000000080000000,0x0000000087ef6a58,0x0000000087f00000)
 Metaspace       used 57443K, committed 58688K, reserved 1114112K
  class space    used 6285K, committed 6848K, reserved 1048576K
}
Event: 175.718 GC heap after
{Heap after GC invocations=90 (full 2):
 PSYoungGen      total 6144K, used 508K [0x00000000d5580000, 0x00000000d6000000, 0x0000000100000000)
  eden space 5632K, 0% used [0x00000000d5580000,0x00000000d5580000,0x00000000d5b00000)
  from space 512K, 99% used [0x00000000d5d80000,0x00000000d5dff1e8,0x00000000d5e00000)
  to   space 2560K, 0% used [0x00000000d5b00000,0x00000000d5b00000,0x00000000d5d80000)
 ParOldGen       total 131584K, used 131323K [0x0000000080000000, 0x0000000088080000, 0x00000000d5580000)
  object space 131584K, 99% used [0x0000000080000000,0x000000008803ee68,0x0000000088080000)
 Metaspace       used 57443K, committed 58688K, reserved 1114112K
  class space    used 6285K, committed 6848K, reserved 1048576K
}

