# JRE version: OpenJDK Runtime Environment Temurin-21.0.8+9 (21.0.8+9) (build 21.0.8+9-LTS)
# Java VM: OpenJDK 64-Bit Server VM Temurin-21.0.8+9 (21.0.8+9-LTS, mixed mode, sharing, tiered, compressed oops, compressed class ptrs, parallel gc, windows-amd64)
GC Precious Log:
 CardTable entry size: 512
 CPUs: 4 total, 4 available
 Memory: 7878M
 Large Page Support: Disabled
 NUMA Support: Disabled
 Compressed Oops: Enabled (32-bit)
 Alignments: Space 512K, Generation 512K, Heap 2M
 Heap Min Capacity: 100M
 Heap Initial Capacity: 100M
 Heap Max Capacity: 2G
 Pre-touch: Disabled
 Parallel Workers: 4
Heap:
 PSYoungGen      total 5120K, used 5024K [0x00000000d5580000, 0x00000000d5b80000, 0x0000000100000000)
  eden space 4096K, 98% used [0x00000000d5580000,0x00000000d5975788,0x00000000d5980000)
  from space 1024K, 94% used [0x00000000d5a80000,0x00000000d5b729c8,0x00000000d5b80000)
  to   space 1024K, 99% used [0x00000000d5980000,0x00000000d5a7faf0,0x00000000d5a80000)
 ParOldGen       total 430592K, used 430585K [0x0000000080000000, 0x000000009a480000, 0x00000000d5580000)
  object space 430592K, 99% used [0x0000000080000000,0x000000009a47e6d0,0x000000009a480000)
 Metaspace       used 64301K, committed 65728K, reserved 1114112K
  class space    used 7332K, committed 8000K, reserved 1048576K
GC Heap History (20 events):
Event: 40.660 GC heap after
{Heap after GC invocations=555 (full 3):
 PSYoungGen      total 5120K, used 1035K [0x00000000d5580000, 0x00000000d5c80000, 0x0000000100000000)
  eden space 3584K, 0% used [0x00000000d5580000,0x00000000d5580000,0x00000000d5900000)
  from space 1536K, 67% used [0x00000000d5b00000,0x00000000d5c02f50,0x00000000d5c80000)
  to   space 1536K, 0% used [0x00000000d5900000,0x00000000d5900000,0x00000000d5a80000)
 ParOldGen       total 423424K, used 423215K [0x0000000080000000, 0x0000000099d80000, 0x00000000d5580000)
  object space 423424K, 99% used [0x0000000080000000,0x0000000099d4bf68,0x0000000099d80000)
 Metaspace       used 64301K, committed 65728K, reserved 1114112K
  class space    used 7332K, committed 8000K, reserved 1048576K
}
Event: 40.675 GC heap before
{Heap before GC invocations=556 (full 3):
 PSYoungGen      total 5120K, used 4619K [0x00000000d5580000, 0x00000000d5c80000, 0x0000000100000000)
  eden space 3584K, 100% used [0x00000000d5580000,0x00000000d5900000,0x00000000d5900000)
  from space 1536K, 67% used [0x00000000d5b00000,0x00000000d5c02f50,0x00000000d5c80000)
  to   space 1536K, 0% used [0x00000000d5900000,0x00000000d5900000,0x00000000d5a80000)
 ParOldGen       total 423424K, used 423215K [0x0000000080000000, 0x0000000099d80000, 0x00000000d5580000)
  object space 423424K, 99% used [0x0000000080000000,0x0000000099d4bf68,0x0000000099d80000)
 Metaspace       used 64301K, committed 65728K, reserved 1114112K
  class space    used 7332K, committed 8000K, reserved 1048576K
}
Event: 40.677 GC heap after
{Heap after GC invocations=556 (full 3):
 PSYoungGen      total 5120K, used 927K [0x00000000d5580000, 0x00000000d5b80000, 0x0000000100000000)
  eden space 3584K, 0% used [0x00000000d5580000,0x00000000d5580000,0x00000000d5900000)
  from space 1536K, 60% used [0x00000000d5900000,0x00000000d59e7c98,0x00000000d5a80000)
  to   space 1024K, 0% used [0x00000000d5a80000,0x00000000d5a80000,0x00000000d5b80000)
 ParOldGen       total 424448K, used 424202K [0x0000000080000000, 0x0000000099e80000, 0x00000000d5580000)
  object space 424448K, 99% used [0x0000000080000000,0x0000000099e429b0,0x0000000099e80000)
 Metaspace       used 64301K, committed 65728K, reserved 1114112K
  class space    used 7332K, committed 8000K, reserved 1048576K
}
Event: 40.688 GC heap before
{Heap before GC invocations=557 (full 3):
 PSYoungGen      total 5120K, used 4511K [0x00000000d5580000, 0x00000000d5b80000, 0x0000000100000000)
  eden space 3584K, 100% used [0x00000000d5580000,0x00000000d5900000,0x00000000d5900000)
  from space 1536K, 60% used [0x00000000d5900000,0x00000000d59e7c98,0x00000000d5a80000)
  to   space 1024K, 0% used [0x00000000d5a80000,0x00000000d5a80000,0x00000000d5b80000)
 ParOldGen       total 424448K, used 424202K [0x0000000080000000, 0x0000000099e80000, 0x00000000d5580000)
  object space 424448K, 99% used [0x0000000080000000,0x0000000099e429b0,0x0000000099e80000)
 Metaspace       used 64301K, committed 65728K, reserved 1114112K
  class space    used 7332K, committed 8000K, reserved 1048576K
}
Event: 40.691 GC heap after
{Heap after GC invocations=557 (full 3):
 PSYoungGen      total 3584K, used 1002K [0x00000000d5580000, 0x00000000d5e00000, 0x0000000100000000)
  eden space 2560K, 0% used [0x00000000d5580000,0x00000000d5580000,0x00000000d5800000)
  from space 1024K, 97% used [0x00000000d5a80000,0x00000000d5b7a948,0x00000000d5b80000)
  to   space 2560K, 0% used [0x00000000d5800000,0x00000000d5800000,0x00000000d5a80000)
 ParOldGen       total 425472K, used 425140K [0x0000000080000000, 0x0000000099f80000, 0x00000000d5580000)
  object space 425472K, 99% used [0x0000000080000000,0x0000000099f2d390,0x0000000099f80000)
 Metaspace       used 64301K, committed 65728K, reserved 1114112K
  class space    used 7332K, committed 8000K, reserved 1048576K
}
Event: 40.702 GC heap before
{Heap before GC invocations=558 (full 3):
 PSYoungGen      total 3584K, used 3562K [0x00000000d5580000, 0x00000000d5e00000, 0x0000000100000000)
  eden space 2560K, 100% used [0x00000000d5580000,0x00000000d5800000,0x00000000d5800000)
  from space 1024K, 97% used [0x00000000d5a80000,0x00000000d5b7a948,0x00000000d5b80000)
  to   space 2560K, 0% used [0x00000000d5800000,0x00000000d5800000,0x00000000d5a80000)
 ParOldGen       total 425472K, used 425140K [0x0000000080000000, 0x0000000099f80000, 0x00000000d5580000)
  object space 425472K, 99% used [0x0000000080000000,0x0000000099f2d390,0x0000000099f80000)
 Metaspace       used 64301K, committed 65728K, reserved 1114112K
  class space    used 7332K, committed 8000K, reserved 1048576K
}
Event: 40.706 GC heap after
{Heap after GC invocations=558 (full 3):
 PSYoungGen      total 3584K, used 705K [0x00000000d5580000, 0x00000000d5b00000, 0x0000000100000000)
  eden space 2560K, 0% used [0x00000000d5580000,0x00000000d5580000,0x00000000d5800000)
  from space 1024K, 68% used [0x00000000d5800000,0x00000000d58b0758,0x00000000d5900000)
  to   space 1536K, 0% used [0x00000000d5980000,0x00000000d5980000,0x00000000d5b00000)
 ParOldGen       total 426496K, used 426097K [0x0000000080000000, 0x000000009a080000, 0x00000000d5580000)
  object space 426496K, 99% used [0x0000000080000000,0x000000009a01c500,0x000000009a080000)
 Metaspace       used 64301K, committed 65728K, reserved 1114112K
  class space    used 7332K, committed 8000K, reserved 1048576K
}
Event: 40.723 GC heap before
{Heap before GC invocations=559 (full 3):
 PSYoungGen      total 3584K, used 3265K [0x00000000d5580000, 0x00000000d5b00000, 0x0000000100000000)
  eden space 2560K, 100% used [0x00000000d5580000,0x00000000d5800000,0x00000000d5800000)
  from space 1024K, 68% used [0x00000000d5800000,0x00000000d58b0758,0x00000000d5900000)
  to   space 1536K, 0% used [0x00000000d5980000,0x00000000d5980000,0x00000000d5b00000)
 ParOldGen       total 426496K, used 426097K [0x0000000080000000, 0x000000009a080000, 0x00000000d5580000)
  object space 426496K, 99% used [0x0000000080000000,0x000000009a01c500,0x000000009a080000)
 Metaspace       used 64301K, committed 65728K, reserved 1114112K
  class space    used 7332K, committed 8000K, reserved 1048576K
}
Event: 40.727 GC heap after
{Heap after GC invocations=559 (full 3):
 PSYoungGen      total 3584K, used 888K [0x00000000d5580000, 0x00000000d5a80000, 0x0000000100000000)
  eden space 2560K, 0% used [0x00000000d5580000,0x00000000d5580000,0x00000000d5800000)
  from space 1024K, 86% used [0x00000000d5980000,0x00000000d5a5e0e8,0x00000000d5a80000)
  to   space 1024K, 0% used [0x00000000d5800000,0x00000000d5800000,0x00000000d5900000)
 ParOldGen       total 427008K, used 426758K [0x0000000080000000, 0x000000009a100000, 0x00000000d5580000)
  object space 427008K, 99% used [0x0000000080000000,0x000000009a0c1bd8,0x000000009a100000)
 Metaspace       used 64301K, committed 65728K, reserved 1114112K
  class space    used 7332K, committed 8000K, reserved 1048576K
}
Event: 40.735 GC heap before
{Heap before GC invocations=560 (full 3):
 PSYoungGen      total 3584K, used 3448K [0x00000000d5580000, 0x00000000d5a80000, 0x0000000100000000)
  eden space 2560K, 100% used [0x00000000d5580000,0x00000000d5800000,0x00000000d5800000)
  from space 1024K, 86% used [0x00000000d5980000,0x00000000d5a5e0e8,0x00000000d5a80000)
  to   space 1024K, 0% used [0x00000000d5800000,0x00000000d5800000,0x00000000d5900000)
 ParOldGen       total 427008K, used 426758K [0x0000000080000000, 0x000000009a100000, 0x00000000d5580000)
  object space 427008K, 99% used [0x0000000080000000,0x000000009a0c1bd8,0x000000009a100000)
 Metaspace       used 64301K, committed 65728K, reserved 1114112K
  class space    used 7332K, committed 8000K, reserved 1048576K
}
Event: 40.739 GC heap after
{Heap after GC invocations=560 (full 3):
 PSYoungGen      total 3584K, used 836K [0x00000000d5580000, 0x00000000d5a80000, 0x0000000100000000)
  eden space 2560K, 0% used [0x00000000d5580000,0x00000000d5580000,0x00000000d5800000)
  from space 1024K, 81% used [0x00000000d5800000,0x00000000d58d11b0,0x00000000d5900000)
  to   space 1024K, 0% used [0x00000000d5980000,0x00000000d5980000,0x00000000d5a80000)
 ParOldGen       total 428032K, used 427562K [0x0000000080000000, 0x000000009a200000, 0x00000000d5580000)
  object space 428032K, 99% used [0x0000000080000000,0x000000009a18a898,0x000000009a200000)
 Metaspace       used 64301K, committed 65728K, reserved 1114112K
  class space    used 7332K, committed 8000K, reserved 1048576K
}
Event: 40.744 GC heap before
{Heap before GC invocations=561 (full 3):
 PSYoungGen      total 3584K, used 3377K [0x00000000d5580000, 0x00000000d5a80000, 0x0000000100000000)
  eden space 2560K, 99% used [0x00000000d5580000,0x00000000d57fb2f8,0x00000000d5800000)
  from space 1024K, 81% used [0x00000000d5800000,0x00000000d58d11b0,0x00000000d5900000)
  to   space 1024K, 0% used [0x00000000d5980000,0x00000000d5980000,0x00000000d5a80000)
 ParOldGen       total 428032K, used 427562K [0x0000000080000000, 0x000000009a200000, 0x00000000d5580000)
  object space 428032K, 99% used [0x0000000080000000,0x000000009a18a898,0x000000009a200000)
 Metaspace       used 64301K, committed 65728K, reserved 1114112K
  class space    used 7332K, committed 8000K, reserved 1048576K
}
Event: 40.749 GC heap after
{Heap after GC invocations=561 (full 3):
 PSYoungGen      total 4096K, used 875K [0x00000000d5580000, 0x00000000d5a80000, 0x0000000100000000)
  eden space 3072K, 0% used [0x00000000d5580000,0x00000000d5580000,0x00000000d5880000)
  from space 1024K, 85% used [0x00000000d5980000,0x00000000d5a5ad70,0x00000000d5a80000)
  to   space 1024K, 0% used [0x00000000d5880000,0x00000000d5880000,0x00000000d5980000)
 ParOldGen       total 428544K, used 428309K [0x0000000080000000, 0x000000009a280000, 0x00000000d5580000)
  object space 428544K, 99% used [0x0000000080000000,0x000000009a2457e8,0x000000009a280000)
 Metaspace       used 64301K, committed 65728K, reserved 1114112K
  class space    used 7332K, committed 8000K, reserved 1048576K
}
Event: 40.754 GC heap before
{Heap before GC invocations=562 (full 3):
 PSYoungGen      total 4096K, used 3911K [0x00000000d5580000, 0x00000000d5a80000, 0x0000000100000000)
  eden space 3072K, 98% used [0x00000000d5580000,0x00000000d5876fd0,0x00000000d5880000)
  from space 1024K, 85% used [0x00000000d5980000,0x00000000d5a5ad70,0x00000000d5a80000)
  to   space 1024K, 0% used [0x00000000d5880000,0x00000000d5880000,0x00000000d5980000)
 ParOldGen       total 428544K, used 428309K [0x0000000080000000, 0x000000009a280000, 0x00000000d5580000)
  object space 428544K, 99% used [0x0000000080000000,0x000000009a2457e8,0x000000009a280000)
 Metaspace       used 64301K, committed 65728K, reserved 1114112K
  class space    used 7332K, committed 8000K, reserved 1048576K
}
Event: 40.758 GC heap after
{Heap after GC invocations=562 (full 3):
 PSYoungGen      total 4096K, used 996K [0x00000000d5580000, 0x00000000d5b80000, 0x0000000100000000)
  eden space 3072K, 0% used [0x00000000d5580000,0x00000000d5580000,0x00000000d5880000)
  from space 1024K, 97% used [0x00000000d5880000,0x00000000d5979370,0x00000000d5980000)
  to   space 1024K, 0% used [0x00000000d5a80000,0x00000000d5a80000,0x00000000d5b80000)
 ParOldGen       total 429568K, used 429316K [0x0000000080000000, 0x000000009a380000, 0x00000000d5580000)
  object space 429568K, 99% used [0x0000000080000000,0x000000009a341288,0x000000009a380000)
 Metaspace       used 64301K, committed 65728K, reserved 1114112K
  class space    used 7332K, committed 8000K, reserved 1048576K
}
Event: 40.772 GC heap before
{Heap before GC invocations=563 (full 3):
 PSYoungGen      total 4096K, used 4056K [0x00000000d5580000, 0x00000000d5b80000, 0x0000000100000000)
  eden space 3072K, 99% used [0x00000000d5580000,0x00000000d587cfe8,0x00000000d5880000)
  from space 1024K, 97% used [0x00000000d5880000,0x00000000d5979370,0x00000000d5980000)
  to   space 1024K, 0% used [0x00000000d5a80000,0x00000000d5a80000,0x00000000d5b80000)
 ParOldGen       total 429568K, used 429316K [0x0000000080000000, 0x000000009a380000, 0x00000000d5580000)
  object space 429568K, 99% used [0x0000000080000000,0x000000009a341288,0x000000009a380000)
 Metaspace       used 64301K, committed 65728K, reserved 1114112K
  class space    used 7332K, committed 8000K, reserved 1048576K
}
Event: 40.775 GC heap after
{Heap after GC invocations=563 (full 3):
 PSYoungGen      total 5120K, used 970K [0x00000000d5580000, 0x00000000d5b80000, 0x0000000100000000)
  eden space 4096K, 0% used [0x00000000d5580000,0x00000000d5580000,0x00000000d5980000)
  from space 1024K, 94% used [0x00000000d5a80000,0x00000000d5b729c8,0x00000000d5b80000)
  to   space 1024K, 0% used [0x00000000d5980000,0x00000000d5980000,0x00000000d5a80000)
 ParOldGen       total 430592K, used 430193K [0x0000000080000000, 0x000000009a480000, 0x00000000d5580000)
  object space 430592K, 99% used [0x0000000080000000,0x000000009a41c748,0x000000009a480000)
 Metaspace       used 64301K, committed 65728K, reserved 1114112K
  class space    used 7332K, committed 8000K, reserved 1048576K
}
Event: 40.786 GC heap before
{Heap before GC invocations=564 (full 3):
 PSYoungGen      total 5120K, used 5024K [0x00000000d5580000, 0x00000000d5b80000, 0x0000000100000000)
  eden space 4096K, 98% used [0x00000000d5580000,0x00000000d5975788,0x00000000d5980000)
  from space 1024K, 94% used [0x00000000d5a80000,0x00000000d5b729c8,0x00000000d5b80000)
  to   space 1024K, 0% used [0x00000000d5980000,0x00000000d5980000,0x00000000d5a80000)
 ParOldGen       total 430592K, used 430193K [0x0000000080000000, 0x000000009a480000, 0x00000000d5580000)
  object space 430592K, 99% used [0x0000000080000000,0x000000009a41c748,0x000000009a480000)
 Metaspace       used 64301K, committed 65728K, reserved 1114112K
  class space    used 7332K, committed 8000K, reserved 1048576K
}
Event: 40.788 GC heap after
{Heap after GC invocations=564 (full 3):
 PSYoungGen      total 5120K, used 5024K [0x00000000d5580000, 0x00000000d5b80000, 0x0000000100000000)
  eden space 4096K, 98% used [0x00000000d5580000,0x00000000d5975788,0x00000000d5980000)
  from space 1024K, 94% used [0x00000000d5a80000,0x00000000d5b729c8,0x00000000d5b80000)
  to   space 1024K, 99% used [0x00000000d5980000,0x00000000d5a7faf0,0x00000000d5a80000)
 ParOldGen       total 430592K, used 430585K [0x0000000080000000, 0x000000009a480000, 0x00000000d5580000)
  object space 430592K, 99% used [0x0000000080000000,0x000000009a47e6d0,0x000000009a480000)
 Metaspace       used 64301K, committed 65728K, reserved 1114112K
  class space    used 7332K, committed 8000K, reserved 1048576K
}
Event: 40.788 GC heap before
{Heap before GC invocations=565 (full 4):
 PSYoungGen      total 5120K, used 5024K [0x00000000d5580000, 0x00000000d5b80000, 0x0000000100000000)
  eden space 4096K, 98% used [0x00000000d5580000,0x00000000d5975788,0x00000000d5980000)
  from space 1024K, 94% used [0x00000000d5a80000,0x00000000d5b729c8,0x00000000d5b80000)
  to   space 1024K, 99% used [0x00000000d5980000,0x00000000d5a7faf0,0x00000000d5a80000)
 ParOldGen       total 430592K, used 430585K [0x0000000080000000, 0x000000009a480000, 0x00000000d5580000)
  object space 430592K, 99% used [0x0000000080000000,0x000000009a47e6d0,0x000000009a480000)
 Metaspace       used 64301K, committed 65728K, reserved 1114112K
  class space    used 7332K, committed 8000K, reserved 1048576K
}

