# JRE version: OpenJDK Runtime Environment Temurin-21.0.7+6 (21.0.7+6) (build 21.0.7+6-LTS)
# Java VM: OpenJDK 64-Bit Server VM Temurin-21.0.7+6 (21.0.7+6-LTS, mixed mode, sharing, tiered, compressed oops, compressed class ptrs, parallel gc, windows-amd64)
GC Precious Log:
 CardTable entry size: 512
 CPUs: 4 total, 4 available
 Memory: 7878M
 Large Page Support: Disabled
 NUMA Support: Disabled
 Compressed Oops: Enabled (32-bit)
 Alignments: Space 512K, Generation 512K, Heap 2M
 Heap Min Capacity: 100M
 Heap Initial Capacity: 100M
 Heap Max Capacity: 1G
 Pre-touch: Disabled
 Parallel Workers: 4
Heap:
 PSYoungGen      total 10240K, used 10216K [0x00000000eab00000, 0x00000000eb600000, 0x0000000100000000)
  eden space 9216K, 100% used [0x00000000eab00000,0x00000000eb400000,0x00000000eb400000)
  from space 1024K, 97% used [0x00000000eb400000,0x00000000eb4fa198,0x00000000eb500000)
  to   space 1024K, 0% used [0x00000000eb500000,0x00000000eb500000,0x00000000eb600000)
 ParOldGen       total 452096K, used 451756K [0x00000000c0000000, 0x00000000db980000, 0x00000000eab00000)
  object space 452096K, 99% used [0x00000000c0000000,0x00000000db92b3c0,0x00000000db980000)
 Metaspace       used 75024K, committed 76608K, reserved 1179648K
  class space    used 8203K, committed 8896K, reserved 1048576K
GC Heap History (20 events):
Event: 398.708 GC heap before
{Heap before GC invocations=1845 (full 4):
 PSYoungGen      total 8192K, used 7520K [0x00000000eab00000, 0x00000000eb380000, 0x0000000100000000)
  eden space 7168K, 100% used [0x00000000eab00000,0x00000000eb200000,0x00000000eb200000)
  from space 1024K, 34% used [0x00000000eb200000,0x00000000eb258000,0x00000000eb300000)
  to   space 512K, 0% used [0x00000000eb300000,0x00000000eb300000,0x00000000eb380000)
 ParOldGen       total 452096K, used 447284K [0x00000000c0000000, 0x00000000db980000, 0x00000000eab00000)
  object space 452096K, 98% used [0x00000000c0000000,0x00000000db4cd3c0,0x00000000db980000)
 Metaspace       used 75024K, committed 76608K, reserved 1179648K
  class space    used 8203K, committed 8896K, reserved 1048576K
}
Event: 398.711 GC heap after
{Heap after GC invocations=1845 (full 4):
 PSYoungGen      total 7680K, used 512K [0x00000000eab00000, 0x00000000eb400000, 0x0000000100000000)
  eden space 7168K, 0% used [0x00000000eab00000,0x00000000eab00000,0x00000000eb200000)
  from space 512K, 100% used [0x00000000eb300000,0x00000000eb380000,0x00000000eb380000)
  to   space 1024K, 0% used [0x00000000eb200000,0x00000000eb200000,0x00000000eb300000)
 ParOldGen       total 452096K, used 447660K [0x00000000c0000000, 0x00000000db980000, 0x00000000eab00000)
  object space 452096K, 99% used [0x00000000c0000000,0x00000000db52b3c0,0x00000000db980000)
 Metaspace       used 75024K, committed 76608K, reserved 1179648K
  class space    used 8203K, committed 8896K, reserved 1048576K
}
Event: 398.725 GC heap before
{Heap before GC invocations=1846 (full 4):
 PSYoungGen      total 7680K, used 7680K [0x00000000eab00000, 0x00000000eb400000, 0x0000000100000000)
  eden space 7168K, 100% used [0x00000000eab00000,0x00000000eb200000,0x00000000eb200000)
  from space 512K, 100% used [0x00000000eb300000,0x00000000eb380000,0x00000000eb380000)
  to   space 1024K, 0% used [0x00000000eb200000,0x00000000eb200000,0x00000000eb300000)
 ParOldGen       total 452096K, used 447660K [0x00000000c0000000, 0x00000000db980000, 0x00000000eab00000)
  object space 452096K, 99% used [0x00000000c0000000,0x00000000db52b3c0,0x00000000db980000)
 Metaspace       used 75024K, committed 76608K, reserved 1179648K
  class space    used 8203K, committed 8896K, reserved 1048576K
}
Event: 398.727 GC heap after
{Heap after GC invocations=1846 (full 4):
 PSYoungGen      total 8192K, used 480K [0x00000000eab00000, 0x00000000eb400000, 0x0000000100000000)
  eden space 7168K, 0% used [0x00000000eab00000,0x00000000eab00000,0x00000000eb200000)
  from space 1024K, 46% used [0x00000000eb200000,0x00000000eb278000,0x00000000eb300000)
  to   space 1024K, 0% used [0x00000000eb300000,0x00000000eb300000,0x00000000eb400000)
 ParOldGen       total 452096K, used 448180K [0x00000000c0000000, 0x00000000db980000, 0x00000000eab00000)
  object space 452096K, 99% used [0x00000000c0000000,0x00000000db5ad3c0,0x00000000db980000)
 Metaspace       used 75024K, committed 76608K, reserved 1179648K
  class space    used 8203K, committed 8896K, reserved 1048576K
}
Event: 398.764 GC heap before
{Heap before GC invocations=1847 (full 4):
 PSYoungGen      total 8192K, used 7647K [0x00000000eab00000, 0x00000000eb400000, 0x0000000100000000)
  eden space 7168K, 99% used [0x00000000eab00000,0x00000000eb1fffd8,0x00000000eb200000)
  from space 1024K, 46% used [0x00000000eb200000,0x00000000eb278000,0x00000000eb300000)
  to   space 1024K, 0% used [0x00000000eb300000,0x00000000eb300000,0x00000000eb400000)
 ParOldGen       total 452096K, used 448180K [0x00000000c0000000, 0x00000000db980000, 0x00000000eab00000)
  object space 452096K, 99% used [0x00000000c0000000,0x00000000db5ad3c0,0x00000000db980000)
 Metaspace       used 75024K, committed 76608K, reserved 1179648K
  class space    used 8203K, committed 8896K, reserved 1048576K
}
Event: 398.768 GC heap after
{Heap after GC invocations=1847 (full 4):
 PSYoungGen      total 7680K, used 416K [0x00000000eab00000, 0x00000000eb380000, 0x0000000100000000)
  eden space 7168K, 0% used [0x00000000eab00000,0x00000000eab00000,0x00000000eb200000)
  from space 512K, 81% used [0x00000000eb300000,0x00000000eb368000,0x00000000eb380000)
  to   space 512K, 0% used [0x00000000eb280000,0x00000000eb280000,0x00000000eb300000)
 ParOldGen       total 452096K, used 448604K [0x00000000c0000000, 0x00000000db980000, 0x00000000eab00000)
  object space 452096K, 99% used [0x00000000c0000000,0x00000000db6173c0,0x00000000db980000)
 Metaspace       used 75024K, committed 76608K, reserved 1179648K
  class space    used 8203K, committed 8896K, reserved 1048576K
}
Event: 398.781 GC heap before
{Heap before GC invocations=1848 (full 4):
 PSYoungGen      total 7680K, used 7584K [0x00000000eab00000, 0x00000000eb380000, 0x0000000100000000)
  eden space 7168K, 100% used [0x00000000eab00000,0x00000000eb200000,0x00000000eb200000)
  from space 512K, 81% used [0x00000000eb300000,0x00000000eb368000,0x00000000eb380000)
  to   space 512K, 0% used [0x00000000eb280000,0x00000000eb280000,0x00000000eb300000)
 ParOldGen       total 452096K, used 448604K [0x00000000c0000000, 0x00000000db980000, 0x00000000eab00000)
  object space 452096K, 99% used [0x00000000c0000000,0x00000000db6173c0,0x00000000db980000)
 Metaspace       used 75024K, committed 76608K, reserved 1179648K
  class space    used 8203K, committed 8896K, reserved 1048576K
}
Event: 398.792 GC heap after
{Heap after GC invocations=1848 (full 4):
 PSYoungGen      total 8192K, used 448K [0x00000000eab00000, 0x00000000eb480000, 0x0000000100000000)
  eden space 7680K, 0% used [0x00000000eab00000,0x00000000eab00000,0x00000000eb280000)
  from space 512K, 87% used [0x00000000eb280000,0x00000000eb2f0000,0x00000000eb300000)
  to   space 512K, 0% used [0x00000000eb400000,0x00000000eb400000,0x00000000eb480000)
 ParOldGen       total 452096K, used 448932K [0x00000000c0000000, 0x00000000db980000, 0x00000000eab00000)
  object space 452096K, 99% used [0x00000000c0000000,0x00000000db6693c0,0x00000000db980000)
 Metaspace       used 75024K, committed 76608K, reserved 1179648K
  class space    used 8203K, committed 8896K, reserved 1048576K
}
Event: 398.856 GC heap before
{Heap before GC invocations=1849 (full 4):
 PSYoungGen      total 8192K, used 8128K [0x00000000eab00000, 0x00000000eb480000, 0x0000000100000000)
  eden space 7680K, 100% used [0x00000000eab00000,0x00000000eb280000,0x00000000eb280000)
  from space 512K, 87% used [0x00000000eb280000,0x00000000eb2f0000,0x00000000eb300000)
  to   space 512K, 0% used [0x00000000eb400000,0x00000000eb400000,0x00000000eb480000)
 ParOldGen       total 452096K, used 448932K [0x00000000c0000000, 0x00000000db980000, 0x00000000eab00000)
  object space 452096K, 99% used [0x00000000c0000000,0x00000000db6693c0,0x00000000db980000)
 Metaspace       used 75024K, committed 76608K, reserved 1179648K
  class space    used 8203K, committed 8896K, reserved 1048576K
}
Event: 398.860 GC heap after
{Heap after GC invocations=1849 (full 4):
 PSYoungGen      total 8192K, used 492K [0x00000000eab00000, 0x00000000eb480000, 0x0000000100000000)
  eden space 7680K, 0% used [0x00000000eab00000,0x00000000eab00000,0x00000000eb280000)
  from space 512K, 96% used [0x00000000eb400000,0x00000000eb47b330,0x00000000eb480000)
  to   space 512K, 0% used [0x00000000eb280000,0x00000000eb280000,0x00000000eb300000)
 ParOldGen       total 452096K, used 449420K [0x00000000c0000000, 0x00000000db980000, 0x00000000eab00000)
  object space 452096K, 99% used [0x00000000c0000000,0x00000000db6e33c0,0x00000000db980000)
 Metaspace       used 75024K, committed 76608K, reserved 1179648K
  class space    used 8203K, committed 8896K, reserved 1048576K
}
Event: 398.882 GC heap before
{Heap before GC invocations=1850 (full 4):
 PSYoungGen      total 8192K, used 8172K [0x00000000eab00000, 0x00000000eb480000, 0x0000000100000000)
  eden space 7680K, 100% used [0x00000000eab00000,0x00000000eb280000,0x00000000eb280000)
  from space 512K, 96% used [0x00000000eb400000,0x00000000eb47b330,0x00000000eb480000)
  to   space 512K, 0% used [0x00000000eb280000,0x00000000eb280000,0x00000000eb300000)
 ParOldGen       total 452096K, used 449420K [0x00000000c0000000, 0x00000000db980000, 0x00000000eab00000)
  object space 452096K, 99% used [0x00000000c0000000,0x00000000db6e33c0,0x00000000db980000)
 Metaspace       used 75024K, committed 76608K, reserved 1179648K
  class space    used 8203K, committed 8896K, reserved 1048576K
}
Event: 398.885 GC heap after
{Heap after GC invocations=1850 (full 4):
 PSYoungGen      total 8192K, used 256K [0x00000000eab00000, 0x00000000eb480000, 0x0000000100000000)
  eden space 7680K, 0% used [0x00000000eab00000,0x00000000eab00000,0x00000000eb280000)
  from space 512K, 50% used [0x00000000eb280000,0x00000000eb2c0000,0x00000000eb300000)
  to   space 512K, 0% used [0x00000000eb400000,0x00000000eb400000,0x00000000eb480000)
 ParOldGen       total 452096K, used 449876K [0x00000000c0000000, 0x00000000db980000, 0x00000000eab00000)
  object space 452096K, 99% used [0x00000000c0000000,0x00000000db7553c0,0x00000000db980000)
 Metaspace       used 75024K, committed 76608K, reserved 1179648K
  class space    used 8203K, committed 8896K, reserved 1048576K
}
Event: 398.945 GC heap before
{Heap before GC invocations=1851 (full 4):
 PSYoungGen      total 8192K, used 7936K [0x00000000eab00000, 0x00000000eb480000, 0x0000000100000000)
  eden space 7680K, 100% used [0x00000000eab00000,0x00000000eb280000,0x00000000eb280000)
  from space 512K, 50% used [0x00000000eb280000,0x00000000eb2c0000,0x00000000eb300000)
  to   space 512K, 0% used [0x00000000eb400000,0x00000000eb400000,0x00000000eb480000)
 ParOldGen       total 452096K, used 449876K [0x00000000c0000000, 0x00000000db980000, 0x00000000eab00000)
  object space 452096K, 99% used [0x00000000c0000000,0x00000000db7553c0,0x00000000db980000)
 Metaspace       used 75024K, committed 76608K, reserved 1179648K
  class space    used 8203K, committed 8896K, reserved 1048576K
}
Event: 398.947 GC heap after
{Heap after GC invocations=1851 (full 4):
 PSYoungGen      total 8192K, used 512K [0x00000000eab00000, 0x00000000eb480000, 0x0000000100000000)
  eden space 7680K, 0% used [0x00000000eab00000,0x00000000eab00000,0x00000000eb280000)
  from space 512K, 100% used [0x00000000eb400000,0x00000000eb480000,0x00000000eb480000)
  to   space 1024K, 0% used [0x00000000eb280000,0x00000000eb280000,0x00000000eb380000)
 ParOldGen       total 452096K, used 450180K [0x00000000c0000000, 0x00000000db980000, 0x00000000eab00000)
  object space 452096K, 99% used [0x00000000c0000000,0x00000000db7a13c0,0x00000000db980000)
 Metaspace       used 75024K, committed 76608K, reserved 1179648K
  class space    used 8203K, committed 8896K, reserved 1048576K
}
Event: 398.960 GC heap before
{Heap before GC invocations=1852 (full 4):
 PSYoungGen      total 8192K, used 8192K [0x00000000eab00000, 0x00000000eb480000, 0x0000000100000000)
  eden space 7680K, 100% used [0x00000000eab00000,0x00000000eb280000,0x00000000eb280000)
  from space 512K, 100% used [0x00000000eb400000,0x00000000eb480000,0x00000000eb480000)
  to   space 1024K, 0% used [0x00000000eb280000,0x00000000eb280000,0x00000000eb380000)
 ParOldGen       total 452096K, used 450180K [0x00000000c0000000, 0x00000000db980000, 0x00000000eab00000)
  object space 452096K, 99% used [0x00000000c0000000,0x00000000db7a13c0,0x00000000db980000)
 Metaspace       used 75024K, committed 76608K, reserved 1179648K
  class space    used 8203K, committed 8896K, reserved 1048576K
}
Event: 398.971 GC heap after
{Heap after GC invocations=1852 (full 4):
 PSYoungGen      total 8704K, used 608K [0x00000000eab00000, 0x00000000eb600000, 0x0000000100000000)
  eden space 7680K, 0% used [0x00000000eab00000,0x00000000eab00000,0x00000000eb280000)
  from space 1024K, 59% used [0x00000000eb280000,0x00000000eb318000,0x00000000eb380000)
  to   space 1024K, 0% used [0x00000000eb500000,0x00000000eb500000,0x00000000eb600000)
 ParOldGen       total 452096K, used 450692K [0x00000000c0000000, 0x00000000db980000, 0x00000000eab00000)
  object space 452096K, 99% used [0x00000000c0000000,0x00000000db8213c0,0x00000000db980000)
 Metaspace       used 75024K, committed 76608K, reserved 1179648K
  class space    used 8203K, committed 8896K, reserved 1048576K
}
Event: 398.985 GC heap before
{Heap before GC invocations=1853 (full 4):
 PSYoungGen      total 8704K, used 8288K [0x00000000eab00000, 0x00000000eb600000, 0x0000000100000000)
  eden space 7680K, 100% used [0x00000000eab00000,0x00000000eb280000,0x00000000eb280000)
  from space 1024K, 59% used [0x00000000eb280000,0x00000000eb318000,0x00000000eb380000)
  to   space 1024K, 0% used [0x00000000eb500000,0x00000000eb500000,0x00000000eb600000)
 ParOldGen       total 452096K, used 450692K [0x00000000c0000000, 0x00000000db980000, 0x00000000eab00000)
  object space 452096K, 99% used [0x00000000c0000000,0x00000000db8213c0,0x00000000db980000)
 Metaspace       used 75024K, committed 76608K, reserved 1179648K
  class space    used 8203K, committed 8896K, reserved 1048576K
}
Event: 398.989 GC heap after
{Heap after GC invocations=1853 (full 4):
 PSYoungGen      total 10240K, used 576K [0x00000000eab00000, 0x00000000eb600000, 0x0000000100000000)
  eden space 9216K, 0% used [0x00000000eab00000,0x00000000eab00000,0x00000000eb400000)
  from space 1024K, 56% used [0x00000000eb500000,0x00000000eb590000,0x00000000eb600000)
  to   space 1024K, 0% used [0x00000000eb400000,0x00000000eb400000,0x00000000eb500000)
 ParOldGen       total 452096K, used 451252K [0x00000000c0000000, 0x00000000db980000, 0x00000000eab00000)
  object space 452096K, 99% used [0x00000000c0000000,0x00000000db8ad3c0,0x00000000db980000)
 Metaspace       used 75024K, committed 76608K, reserved 1179648K
  class space    used 8203K, committed 8896K, reserved 1048576K
}
Event: 399.168 GC heap before
{Heap before GC invocations=1854 (full 4):
 PSYoungGen      total 10240K, used 9792K [0x00000000eab00000, 0x00000000eb600000, 0x0000000100000000)
  eden space 9216K, 100% used [0x00000000eab00000,0x00000000eb400000,0x00000000eb400000)
  from space 1024K, 56% used [0x00000000eb500000,0x00000000eb590000,0x00000000eb600000)
  to   space 1024K, 0% used [0x00000000eb400000,0x00000000eb400000,0x00000000eb500000)
 ParOldGen       total 452096K, used 451252K [0x00000000c0000000, 0x00000000db980000, 0x00000000eab00000)
  object space 452096K, 99% used [0x00000000c0000000,0x00000000db8ad3c0,0x00000000db980000)
 Metaspace       used 75024K, committed 76608K, reserved 1179648K
  class space    used 8203K, committed 8896K, reserved 1048576K
}
Event: 399.179 GC heap after
{Heap after GC invocations=1854 (full 4):
 PSYoungGen      total 10240K, used 1000K [0x00000000eab00000, 0x00000000eb600000, 0x0000000100000000)
  eden space 9216K, 0% used [0x00000000eab00000,0x00000000eab00000,0x00000000eb400000)
  from space 1024K, 97% used [0x00000000eb400000,0x00000000eb4fa198,0x00000000eb500000)
  to   space 1024K, 0% used [0x00000000eb500000,0x00000000eb500000,0x00000000eb600000)
 ParOldGen       total 452096K, used 451756K [0x00000000c0000000, 0x00000000db980000, 0x00000000eab00000)
  object space 452096K, 99% used [0x00000000c0000000,0x00000000db92b3c0,0x00000000db980000)
 Metaspace       used 75024K, committed 76608K, reserved 1179648K
  class space    used 8203K, committed 8896K, reserved 1048576K
}

