# JRE version: OpenJDK Runtime Environment Temurin-21.0.8+9 (21.0.8+9) (build 21.0.8+9-LTS)
# Java VM: OpenJDK 64-Bit Server VM Temurin-21.0.8+9 (21.0.8+9-LTS, mixed mode, sharing, tiered, compressed oops, compressed class ptrs, parallel gc, windows-amd64)
GC Precious Log:
 CardTable entry size: 512
 CPUs: 4 total, 4 available
 Memory: 7878M
 Large Page Support: Disabled
 NUMA Support: Disabled
 Compressed Oops: Enabled (32-bit)
 Alignments: Space 512K, Generation 512K, Heap 2M
 Heap Min Capacity: 100M
 Heap Initial Capacity: 100M
 Heap Max Capacity: 2G
 Pre-touch: Disabled
 Parallel Workers: 4
Heap:
 PSYoungGen      total 3072K, used 2013K [0x00000000d5580000, 0x00000000d5980000, 0x0000000100000000)
  eden space 2560K, 74% used [0x00000000d5580000,0x00000000d575f5e8,0x00000000d5800000)
  from space 512K, 18% used [0x00000000d5900000,0x00000000d5918000,0x00000000d5980000)
  to   space 512K, 0% used [0x00000000d5880000,0x00000000d5880000,0x00000000d5900000)
 ParOldGen       total 869888K, used 473997K [0x0000000080000000, 0x00000000b5180000, 0x00000000d5580000)
  object space 869888K, 54% used [0x0000000080000000,0x000000009cee3468,0x00000000b5180000)
 Metaspace       used 65260K, committed 66816K, reserved 1114112K
  class space    used 7397K, committed 8064K, reserved 1048576K
GC Heap History (20 events):
Event: 193.613 GC heap before
{Heap before GC invocations=1762 (full 3):
 PSYoungGen      total 3072K, used 2736K [0x00000000d5580000, 0x00000000d5980000, 0x0000000100000000)
  eden space 2560K, 100% used [0x00000000d5580000,0x00000000d5800000,0x00000000d5800000)
  from space 512K, 34% used [0x00000000d5900000,0x00000000d592c010,0x00000000d5980000)
  to   space 512K, 0% used [0x00000000d5880000,0x00000000d5880000,0x00000000d5900000)
 ParOldGen       total 869888K, used 473309K [0x0000000080000000, 0x00000000b5180000, 0x00000000d5580000)
  object space 869888K, 54% used [0x0000000080000000,0x000000009ce37448,0x00000000b5180000)
 Metaspace       used 64832K, committed 66304K, reserved 1114112K
  class space    used 7366K, committed 8000K, reserved 1048576K
}
Event: 193.615 GC heap after
{Heap after GC invocations=1762 (full 3):
 PSYoungGen      total 3072K, used 192K [0x00000000d5580000, 0x00000000d5980000, 0x0000000100000000)
  eden space 2560K, 0% used [0x00000000d5580000,0x00000000d5580000,0x00000000d5800000)
  from space 512K, 37% used [0x00000000d5880000,0x00000000d58b0000,0x00000000d5900000)
  to   space 512K, 0% used [0x00000000d5900000,0x00000000d5900000,0x00000000d5980000)
 ParOldGen       total 869888K, used 473357K [0x0000000080000000, 0x00000000b5180000, 0x00000000d5580000)
  object space 869888K, 54% used [0x0000000080000000,0x000000009ce43448,0x00000000b5180000)
 Metaspace       used 64832K, committed 66304K, reserved 1114112K
  class space    used 7366K, committed 8000K, reserved 1048576K
}
Event: 194.228 GC heap before
{Heap before GC invocations=1763 (full 3):
 PSYoungGen      total 3072K, used 2752K [0x00000000d5580000, 0x00000000d5980000, 0x0000000100000000)
  eden space 2560K, 100% used [0x00000000d5580000,0x00000000d5800000,0x00000000d5800000)
  from space 512K, 37% used [0x00000000d5880000,0x00000000d58b0000,0x00000000d5900000)
  to   space 512K, 0% used [0x00000000d5900000,0x00000000d5900000,0x00000000d5980000)
 ParOldGen       total 869888K, used 473357K [0x0000000080000000, 0x00000000b5180000, 0x00000000d5580000)
  object space 869888K, 54% used [0x0000000080000000,0x000000009ce43448,0x00000000b5180000)
 Metaspace       used 64862K, committed 66368K, reserved 1114112K
  class space    used 7366K, committed 8000K, reserved 1048576K
}
Event: 194.230 GC heap after
{Heap after GC invocations=1763 (full 3):
 PSYoungGen      total 3072K, used 160K [0x00000000d5580000, 0x00000000d5980000, 0x0000000100000000)
  eden space 2560K, 0% used [0x00000000d5580000,0x00000000d5580000,0x00000000d5800000)
  from space 512K, 31% used [0x00000000d5900000,0x00000000d5928000,0x00000000d5980000)
  to   space 512K, 0% used [0x00000000d5880000,0x00000000d5880000,0x00000000d5900000)
 ParOldGen       total 869888K, used 473501K [0x0000000080000000, 0x00000000b5180000, 0x00000000d5580000)
  object space 869888K, 54% used [0x0000000080000000,0x000000009ce67448,0x00000000b5180000)
 Metaspace       used 64862K, committed 66368K, reserved 1114112K
  class space    used 7366K, committed 8000K, reserved 1048576K
}
Event: 194.937 GC heap before
{Heap before GC invocations=1764 (full 3):
 PSYoungGen      total 3072K, used 2720K [0x00000000d5580000, 0x00000000d5980000, 0x0000000100000000)
  eden space 2560K, 100% used [0x00000000d5580000,0x00000000d5800000,0x00000000d5800000)
  from space 512K, 31% used [0x00000000d5900000,0x00000000d5928000,0x00000000d5980000)
  to   space 512K, 0% used [0x00000000d5880000,0x00000000d5880000,0x00000000d5900000)
 ParOldGen       total 869888K, used 473501K [0x0000000080000000, 0x00000000b5180000, 0x00000000d5580000)
  object space 869888K, 54% used [0x0000000080000000,0x000000009ce67448,0x00000000b5180000)
 Metaspace       used 64862K, committed 66368K, reserved 1114112K
  class space    used 7366K, committed 8000K, reserved 1048576K
}
Event: 194.941 GC heap after
{Heap after GC invocations=1764 (full 3):
 PSYoungGen      total 3072K, used 96K [0x00000000d5580000, 0x00000000d5980000, 0x0000000100000000)
  eden space 2560K, 0% used [0x00000000d5580000,0x00000000d5580000,0x00000000d5800000)
  from space 512K, 18% used [0x00000000d5880000,0x00000000d5898000,0x00000000d5900000)
  to   space 512K, 0% used [0x00000000d5900000,0x00000000d5900000,0x00000000d5980000)
 ParOldGen       total 869888K, used 473589K [0x0000000080000000, 0x00000000b5180000, 0x00000000d5580000)
  object space 869888K, 54% used [0x0000000080000000,0x000000009ce7d468,0x00000000b5180000)
 Metaspace       used 64862K, committed 66368K, reserved 1114112K
  class space    used 7366K, committed 8000K, reserved 1048576K
}
Event: 197.119 GC heap before
{Heap before GC invocations=1765 (full 3):
 PSYoungGen      total 3072K, used 2656K [0x00000000d5580000, 0x00000000d5980000, 0x0000000100000000)
  eden space 2560K, 100% used [0x00000000d5580000,0x00000000d5800000,0x00000000d5800000)
  from space 512K, 18% used [0x00000000d5880000,0x00000000d5898000,0x00000000d5900000)
  to   space 512K, 0% used [0x00000000d5900000,0x00000000d5900000,0x00000000d5980000)
 ParOldGen       total 869888K, used 473589K [0x0000000080000000, 0x00000000b5180000, 0x00000000d5580000)
  object space 869888K, 54% used [0x0000000080000000,0x000000009ce7d468,0x00000000b5180000)
 Metaspace       used 64866K, committed 66368K, reserved 1114112K
  class space    used 7366K, committed 8000K, reserved 1048576K
}
Event: 197.121 GC heap after
{Heap after GC invocations=1765 (full 3):
 PSYoungGen      total 3072K, used 128K [0x00000000d5580000, 0x00000000d5980000, 0x0000000100000000)
  eden space 2560K, 0% used [0x00000000d5580000,0x00000000d5580000,0x00000000d5800000)
  from space 512K, 25% used [0x00000000d5900000,0x00000000d5920000,0x00000000d5980000)
  to   space 512K, 0% used [0x00000000d5880000,0x00000000d5880000,0x00000000d5900000)
 ParOldGen       total 869888K, used 473613K [0x0000000080000000, 0x00000000b5180000, 0x00000000d5580000)
  object space 869888K, 54% used [0x0000000080000000,0x000000009ce83468,0x00000000b5180000)
 Metaspace       used 64866K, committed 66368K, reserved 1114112K
  class space    used 7366K, committed 8000K, reserved 1048576K
}
Event: 197.845 GC heap before
{Heap before GC invocations=1766 (full 3):
 PSYoungGen      total 3072K, used 2688K [0x00000000d5580000, 0x00000000d5980000, 0x0000000100000000)
  eden space 2560K, 100% used [0x00000000d5580000,0x00000000d5800000,0x00000000d5800000)
  from space 512K, 25% used [0x00000000d5900000,0x00000000d5920000,0x00000000d5980000)
  to   space 512K, 0% used [0x00000000d5880000,0x00000000d5880000,0x00000000d5900000)
 ParOldGen       total 869888K, used 473613K [0x0000000080000000, 0x00000000b5180000, 0x00000000d5580000)
  object space 869888K, 54% used [0x0000000080000000,0x000000009ce83468,0x00000000b5180000)
 Metaspace       used 64870K, committed 66368K, reserved 1114112K
  class space    used 7366K, committed 8000K, reserved 1048576K
}
Event: 197.846 GC heap after
{Heap after GC invocations=1766 (full 3):
 PSYoungGen      total 3072K, used 128K [0x00000000d5580000, 0x00000000d5980000, 0x0000000100000000)
  eden space 2560K, 0% used [0x00000000d5580000,0x00000000d5580000,0x00000000d5800000)
  from space 512K, 25% used [0x00000000d5880000,0x00000000d58a0000,0x00000000d5900000)
  to   space 512K, 0% used [0x00000000d5900000,0x00000000d5900000,0x00000000d5980000)
 ParOldGen       total 869888K, used 473645K [0x0000000080000000, 0x00000000b5180000, 0x00000000d5580000)
  object space 869888K, 54% used [0x0000000080000000,0x000000009ce8b468,0x00000000b5180000)
 Metaspace       used 64870K, committed 66368K, reserved 1114112K
  class space    used 7366K, committed 8000K, reserved 1048576K
}
Event: 357.059 GC heap before
{Heap before GC invocations=1767 (full 3):
 PSYoungGen      total 3072K, used 2687K [0x00000000d5580000, 0x00000000d5980000, 0x0000000100000000)
  eden space 2560K, 99% used [0x00000000d5580000,0x00000000d57ffff0,0x00000000d5800000)
  from space 512K, 25% used [0x00000000d5880000,0x00000000d58a0000,0x00000000d5900000)
  to   space 512K, 0% used [0x00000000d5900000,0x00000000d5900000,0x00000000d5980000)
 ParOldGen       total 869888K, used 473645K [0x0000000080000000, 0x00000000b5180000, 0x00000000d5580000)
  object space 869888K, 54% used [0x0000000080000000,0x000000009ce8b468,0x00000000b5180000)
 Metaspace       used 64983K, committed 66496K, reserved 1114112K
  class space    used 7371K, committed 8000K, reserved 1048576K
}
Event: 357.078 GC heap after
{Heap after GC invocations=1767 (full 3):
 PSYoungGen      total 3072K, used 288K [0x00000000d5580000, 0x00000000d5980000, 0x0000000100000000)
  eden space 2560K, 0% used [0x00000000d5580000,0x00000000d5580000,0x00000000d5800000)
  from space 512K, 56% used [0x00000000d5900000,0x00000000d5948000,0x00000000d5980000)
  to   space 512K, 0% used [0x00000000d5880000,0x00000000d5880000,0x00000000d5900000)
 ParOldGen       total 869888K, used 473669K [0x0000000080000000, 0x00000000b5180000, 0x00000000d5580000)
  object space 869888K, 54% used [0x0000000080000000,0x000000009ce91468,0x00000000b5180000)
 Metaspace       used 64983K, committed 66496K, reserved 1114112K
  class space    used 7371K, committed 8000K, reserved 1048576K
}
Event: 357.974 GC heap before
{Heap before GC invocations=1768 (full 3):
 PSYoungGen      total 3072K, used 2848K [0x00000000d5580000, 0x00000000d5980000, 0x0000000100000000)
  eden space 2560K, 100% used [0x00000000d5580000,0x00000000d5800000,0x00000000d5800000)
  from space 512K, 56% used [0x00000000d5900000,0x00000000d5948000,0x00000000d5980000)
  to   space 512K, 0% used [0x00000000d5880000,0x00000000d5880000,0x00000000d5900000)
 ParOldGen       total 869888K, used 473669K [0x0000000080000000, 0x00000000b5180000, 0x00000000d5580000)
  object space 869888K, 54% used [0x0000000080000000,0x000000009ce91468,0x00000000b5180000)
 Metaspace       used 65170K, committed 66688K, reserved 1114112K
  class space    used 7393K, committed 8064K, reserved 1048576K
}
Event: 357.990 GC heap after
{Heap after GC invocations=1768 (full 3):
 PSYoungGen      total 3072K, used 128K [0x00000000d5580000, 0x00000000d5980000, 0x0000000100000000)
  eden space 2560K, 0% used [0x00000000d5580000,0x00000000d5580000,0x00000000d5800000)
  from space 512K, 25% used [0x00000000d5880000,0x00000000d58a0000,0x00000000d5900000)
  to   space 512K, 0% used [0x00000000d5900000,0x00000000d5900000,0x00000000d5980000)
 ParOldGen       total 869888K, used 473893K [0x0000000080000000, 0x00000000b5180000, 0x00000000d5580000)
  object space 869888K, 54% used [0x0000000080000000,0x000000009cec9468,0x00000000b5180000)
 Metaspace       used 65170K, committed 66688K, reserved 1114112K
  class space    used 7393K, committed 8064K, reserved 1048576K
}
Event: 541.771 GC heap before
{Heap before GC invocations=1769 (full 3):
 PSYoungGen      total 3072K, used 2687K [0x00000000d5580000, 0x00000000d5980000, 0x0000000100000000)
  eden space 2560K, 99% used [0x00000000d5580000,0x00000000d57fffd0,0x00000000d5800000)
  from space 512K, 25% used [0x00000000d5880000,0x00000000d58a0000,0x00000000d5900000)
  to   space 512K, 0% used [0x00000000d5900000,0x00000000d5900000,0x00000000d5980000)
 ParOldGen       total 869888K, used 473893K [0x0000000080000000, 0x00000000b5180000, 0x00000000d5580000)
  object space 869888K, 54% used [0x0000000080000000,0x000000009cec9468,0x00000000b5180000)
 Metaspace       used 65192K, committed 66688K, reserved 1114112K
  class space    used 7396K, committed 8064K, reserved 1048576K
}
Event: 541.779 GC heap after
{Heap after GC invocations=1769 (full 3):
 PSYoungGen      total 3072K, used 128K [0x00000000d5580000, 0x00000000d5980000, 0x0000000100000000)
  eden space 2560K, 0% used [0x00000000d5580000,0x00000000d5580000,0x00000000d5800000)
  from space 512K, 25% used [0x00000000d5900000,0x00000000d5920000,0x00000000d5980000)
  to   space 512K, 0% used [0x00000000d5880000,0x00000000d5880000,0x00000000d5900000)
 ParOldGen       total 869888K, used 473941K [0x0000000080000000, 0x00000000b5180000, 0x00000000d5580000)
  object space 869888K, 54% used [0x0000000080000000,0x000000009ced5468,0x00000000b5180000)
 Metaspace       used 65192K, committed 66688K, reserved 1114112K
  class space    used 7396K, committed 8064K, reserved 1048576K
}
Event: 2043.761 GC heap before
{Heap before GC invocations=1770 (full 3):
 PSYoungGen      total 3072K, used 2687K [0x00000000d5580000, 0x00000000d5980000, 0x0000000100000000)
  eden space 2560K, 99% used [0x00000000d5580000,0x00000000d57ffff0,0x00000000d5800000)
  from space 512K, 25% used [0x00000000d5900000,0x00000000d5920000,0x00000000d5980000)
  to   space 512K, 0% used [0x00000000d5880000,0x00000000d5880000,0x00000000d5900000)
 ParOldGen       total 869888K, used 473941K [0x0000000080000000, 0x00000000b5180000, 0x00000000d5580000)
  object space 869888K, 54% used [0x0000000080000000,0x000000009ced5468,0x00000000b5180000)
 Metaspace       used 65218K, committed 66752K, reserved 1114112K
  class space    used 7397K, committed 8064K, reserved 1048576K
}
Event: 2043.807 GC heap after
{Heap after GC invocations=1770 (full 3):
 PSYoungGen      total 3072K, used 128K [0x00000000d5580000, 0x00000000d5980000, 0x0000000100000000)
  eden space 2560K, 0% used [0x00000000d5580000,0x00000000d5580000,0x00000000d5800000)
  from space 512K, 25% used [0x00000000d5880000,0x00000000d58a0000,0x00000000d5900000)
  to   space 512K, 0% used [0x00000000d5900000,0x00000000d5900000,0x00000000d5980000)
 ParOldGen       total 869888K, used 473981K [0x0000000080000000, 0x00000000b5180000, 0x00000000d5580000)
  object space 869888K, 54% used [0x0000000080000000,0x000000009cedf468,0x00000000b5180000)
 Metaspace       used 65218K, committed 66752K, reserved 1114112K
  class space    used 7397K, committed 8064K, reserved 1048576K
}
Event: 2922.670 GC heap before
{Heap before GC invocations=1771 (full 3):
 PSYoungGen      total 3072K, used 2687K [0x00000000d5580000, 0x00000000d5980000, 0x0000000100000000)
  eden space 2560K, 99% used [0x00000000d5580000,0x00000000d57ffff0,0x00000000d5800000)
  from space 512K, 25% used [0x00000000d5880000,0x00000000d58a0000,0x00000000d5900000)
  to   space 512K, 0% used [0x00000000d5900000,0x00000000d5900000,0x00000000d5980000)
 ParOldGen       total 869888K, used 473981K [0x0000000080000000, 0x00000000b5180000, 0x00000000d5580000)
  object space 869888K, 54% used [0x0000000080000000,0x000000009cedf468,0x00000000b5180000)
 Metaspace       used 65249K, committed 66752K, reserved 1114112K
  class space    used 7397K, committed 8064K, reserved 1048576K
}
Event: 2922.711 GC heap after
{Heap after GC invocations=1771 (full 3):
 PSYoungGen      total 3072K, used 96K [0x00000000d5580000, 0x00000000d5980000, 0x0000000100000000)
  eden space 2560K, 0% used [0x00000000d5580000,0x00000000d5580000,0x00000000d5800000)
  from space 512K, 18% used [0x00000000d5900000,0x00000000d5918000,0x00000000d5980000)
  to   space 512K, 0% used [0x00000000d5880000,0x00000000d5880000,0x00000000d5900000)
 ParOldGen       total 869888K, used 473997K [0x0000000080000000, 0x00000000b5180000, 0x00000000d5580000)
  object space 869888K, 54% used [0x0000000080000000,0x000000009cee3468,0x00000000b5180000)
 Metaspace       used 65249K, committed 66752K, reserved 1114112K
  class space    used 7397K, committed 8064K, reserved 1048576K
}

