# JRE version: OpenJDK Runtime Environment Temurin-21.0.7+6 (21.0.7+6) (build 21.0.7+6-LTS)
# Java VM: OpenJDK 64-Bit Server VM Temurin-21.0.7+6 (21.0.7+6-LTS, mixed mode, sharing, tiered, compressed oops, compressed class ptrs, parallel gc, windows-amd64)
GC Precious Log:
 CardTable entry size: 512
 CPUs: 4 total, 4 available
 Memory: 7878M
 Large Page Support: Disabled
 NUMA Support: Disabled
 Compressed Oops: Enabled (32-bit)
 Alignments: Space 512K, Generation 512K, Heap 2M
 Heap Min Capacity: 100M
 Heap Initial Capacity: 100M
 Heap Max Capacity: 2G
 Pre-touch: Disabled
 Parallel Workers: 4
Heap:
 PSYoungGen      total 2048K, used 1928K [0x00000000d5580000, 0x00000000d5880000, 0x0000000100000000)
  eden space 1536K, 93% used [0x00000000d5580000,0x00000000d56e5e80,0x00000000d5700000)
  from space 512K, 96% used [0x00000000d5800000,0x00000000d587c180,0x00000000d5880000)
  to   space 512K, 0% used [0x00000000d5780000,0x00000000d5780000,0x00000000d5800000)
 ParOldGen       total 288768K, used 288592K [0x0000000080000000, 0x0000000091a00000, 0x00000000d5580000)
  object space 288768K, 99% used [0x0000000080000000,0x00000000919d4310,0x0000000091a00000)
 Metaspace       used 76729K, committed 78336K, reserved 1179648K
  class space    used 8361K, committed 9024K, reserved 1048576K
GC Heap History (20 events):
Event: 700.353 GC heap before
{Heap before GC invocations=648 (full 3):
 PSYoungGen      total 3072K, used 2808K [0x00000000d5580000, 0x00000000d5a00000, 0x0000000100000000)
  eden space 1536K, 99% used [0x00000000d5580000,0x00000000d56fe140,0x00000000d5700000)
  from space 1536K, 83% used [0x00000000d5880000,0x00000000d59c0000,0x00000000d5a00000)
  to   space 1536K, 0% used [0x00000000d5700000,0x00000000d5700000,0x00000000d5880000)
 ParOldGen       total 281600K, used 281266K [0x0000000080000000, 0x0000000091300000, 0x00000000d5580000)
  object space 281600K, 99% used [0x0000000080000000,0x00000000912acb78,0x0000000091300000)
 Metaspace       used 75862K, committed 77376K, reserved 1179648K
  class space    used 8272K, committed 8896K, reserved 1048576K
}
Event: 700.364 GC heap after
{Heap after GC invocations=648 (full 3):
 PSYoungGen      total 2560K, used 832K [0x00000000d5580000, 0x00000000d5900000, 0x0000000100000000)
  eden space 1536K, 0% used [0x00000000d5580000,0x00000000d5580000,0x00000000d5700000)
  from space 1024K, 81% used [0x00000000d5700000,0x00000000d57d0000,0x00000000d5800000)
  to   space 1024K, 0% used [0x00000000d5800000,0x00000000d5800000,0x00000000d5900000)
 ParOldGen       total 282624K, used 282482K [0x0000000080000000, 0x0000000091400000, 0x00000000d5580000)
  object space 282624K, 99% used [0x0000000080000000,0x00000000913dcb78,0x0000000091400000)
 Metaspace       used 75862K, committed 77376K, reserved 1179648K
  class space    used 8272K, committed 8896K, reserved 1048576K
}
Event: 700.394 GC heap before
{Heap before GC invocations=649 (full 3):
 PSYoungGen      total 2560K, used 2368K [0x00000000d5580000, 0x00000000d5900000, 0x0000000100000000)
  eden space 1536K, 100% used [0x00000000d5580000,0x00000000d5700000,0x00000000d5700000)
  from space 1024K, 81% used [0x00000000d5700000,0x00000000d57d0000,0x00000000d5800000)
  to   space 1024K, 0% used [0x00000000d5800000,0x00000000d5800000,0x00000000d5900000)
 ParOldGen       total 284160K, used 283538K [0x0000000080000000, 0x0000000091580000, 0x00000000d5580000)
  object space 284160K, 99% used [0x0000000080000000,0x00000000914e4878,0x0000000091580000)
 Metaspace       used 75870K, committed 77440K, reserved 1179648K
  class space    used 8272K, committed 8896K, reserved 1048576K
}
Event: 700.400 GC heap after
{Heap after GC invocations=649 (full 3):
 PSYoungGen      total 2048K, used 248K [0x00000000d5580000, 0x00000000d5880000, 0x0000000100000000)
  eden space 1536K, 0% used [0x00000000d5580000,0x00000000d5580000,0x00000000d5700000)
  from space 512K, 48% used [0x00000000d5800000,0x00000000d583e198,0x00000000d5880000)
  to   space 512K, 0% used [0x00000000d5780000,0x00000000d5780000,0x00000000d5800000)
 ParOldGen       total 286208K, used 285384K [0x0000000080000000, 0x0000000091780000, 0x00000000d5580000)
  object space 286208K, 99% used [0x0000000080000000,0x00000000916b23d0,0x0000000091780000)
 Metaspace       used 75870K, committed 77440K, reserved 1179648K
  class space    used 8272K, committed 8896K, reserved 1048576K
}
Event: 706.297 GC heap before
{Heap before GC invocations=650 (full 3):
 PSYoungGen      total 2048K, used 1776K [0x00000000d5580000, 0x00000000d5880000, 0x0000000100000000)
  eden space 1536K, 99% used [0x00000000d5580000,0x00000000d56fe220,0x00000000d5700000)
  from space 512K, 48% used [0x00000000d5800000,0x00000000d583e198,0x00000000d5880000)
  to   space 512K, 0% used [0x00000000d5780000,0x00000000d5780000,0x00000000d5800000)
 ParOldGen       total 286208K, used 285384K [0x0000000080000000, 0x0000000091780000, 0x00000000d5580000)
  object space 286208K, 99% used [0x0000000080000000,0x00000000916b23d0,0x0000000091780000)
 Metaspace       used 75930K, committed 77440K, reserved 1179648K
  class space    used 8275K, committed 8896K, reserved 1048576K
}
Event: 706.304 GC heap after
{Heap after GC invocations=650 (full 3):
 PSYoungGen      total 2048K, used 483K [0x00000000d5580000, 0x00000000d5900000, 0x0000000100000000)
  eden space 1536K, 0% used [0x00000000d5580000,0x00000000d5580000,0x00000000d5700000)
  from space 512K, 94% used [0x00000000d5780000,0x00000000d57f8cd8,0x00000000d5800000)
  to   space 1024K, 0% used [0x00000000d5800000,0x00000000d5800000,0x00000000d5900000)
 ParOldGen       total 286208K, used 285561K [0x0000000080000000, 0x0000000091780000, 0x00000000d5580000)
  object space 286208K, 99% used [0x0000000080000000,0x00000000916de568,0x0000000091780000)
 Metaspace       used 75930K, committed 77440K, reserved 1179648K
  class space    used 8275K, committed 8896K, reserved 1048576K
}
Event: 713.424 GC heap before
{Heap before GC invocations=651 (full 3):
 PSYoungGen      total 2048K, used 1995K [0x00000000d5580000, 0x00000000d5900000, 0x0000000100000000)
  eden space 1536K, 98% used [0x00000000d5580000,0x00000000d56fa260,0x00000000d5700000)
  from space 512K, 94% used [0x00000000d5780000,0x00000000d57f8cd8,0x00000000d5800000)
  to   space 1024K, 0% used [0x00000000d5800000,0x00000000d5800000,0x00000000d5900000)
 ParOldGen       total 286208K, used 285561K [0x0000000080000000, 0x0000000091780000, 0x00000000d5580000)
  object space 286208K, 99% used [0x0000000080000000,0x00000000916de568,0x0000000091780000)
 Metaspace       used 75990K, committed 77568K, reserved 1179648K
  class space    used 8280K, committed 8960K, reserved 1048576K
}
Event: 713.437 GC heap after
{Heap after GC invocations=651 (full 3):
 PSYoungGen      total 2560K, used 896K [0x00000000d5580000, 0x00000000d5900000, 0x0000000100000000)
  eden space 1536K, 0% used [0x00000000d5580000,0x00000000d5580000,0x00000000d5700000)
  from space 1024K, 87% used [0x00000000d5800000,0x00000000d58e0020,0x00000000d5900000)
  to   space 1024K, 0% used [0x00000000d5700000,0x00000000d5700000,0x00000000d5800000)
 ParOldGen       total 286208K, used 285987K [0x0000000080000000, 0x0000000091780000, 0x00000000d5580000)
  object space 286208K, 99% used [0x0000000080000000,0x0000000091748fc0,0x0000000091780000)
 Metaspace       used 75990K, committed 77568K, reserved 1179648K
  class space    used 8280K, committed 8960K, reserved 1048576K
}
Event: 720.552 GC heap before
{Heap before GC invocations=652 (full 3):
 PSYoungGen      total 2560K, used 2432K [0x00000000d5580000, 0x00000000d5900000, 0x0000000100000000)
  eden space 1536K, 99% used [0x00000000d5580000,0x00000000d56ffff8,0x00000000d5700000)
  from space 1024K, 87% used [0x00000000d5800000,0x00000000d58e0020,0x00000000d5900000)
  to   space 1024K, 0% used [0x00000000d5700000,0x00000000d5700000,0x00000000d5800000)
 ParOldGen       total 286208K, used 285987K [0x0000000080000000, 0x0000000091780000, 0x00000000d5580000)
  object space 286208K, 99% used [0x0000000080000000,0x0000000091748fc0,0x0000000091780000)
 Metaspace       used 76189K, committed 77760K, reserved 1179648K
  class space    used 8309K, committed 8960K, reserved 1048576K
}
Event: 720.560 GC heap after
{Heap after GC invocations=652 (full 3):
 PSYoungGen      total 2560K, used 608K [0x00000000d5580000, 0x00000000d5900000, 0x0000000100000000)
  eden space 1536K, 0% used [0x00000000d5580000,0x00000000d5580000,0x00000000d5700000)
  from space 1024K, 59% used [0x00000000d5700000,0x00000000d5798000,0x00000000d5800000)
  to   space 1024K, 0% used [0x00000000d5800000,0x00000000d5800000,0x00000000d5900000)
 ParOldGen       total 287232K, used 286819K [0x0000000080000000, 0x0000000091880000, 0x00000000d5580000)
  object space 287232K, 99% used [0x0000000080000000,0x0000000091818fe0,0x0000000091880000)
 Metaspace       used 76189K, committed 77760K, reserved 1179648K
  class space    used 8309K, committed 8960K, reserved 1048576K
}
Event: 725.292 GC heap before
{Heap before GC invocations=653 (full 3):
 PSYoungGen      total 2560K, used 2144K [0x00000000d5580000, 0x00000000d5900000, 0x0000000100000000)
  eden space 1536K, 100% used [0x00000000d5580000,0x00000000d5700000,0x00000000d5700000)
  from space 1024K, 59% used [0x00000000d5700000,0x00000000d5798000,0x00000000d5800000)
  to   space 1024K, 0% used [0x00000000d5800000,0x00000000d5800000,0x00000000d5900000)
 ParOldGen       total 287232K, used 286819K [0x0000000080000000, 0x0000000091880000, 0x00000000d5580000)
  object space 287232K, 99% used [0x0000000080000000,0x0000000091818fe0,0x0000000091880000)
 Metaspace       used 76304K, committed 77824K, reserved 1179648K
  class space    used 8322K, committed 8960K, reserved 1048576K
}
Event: 725.413 GC heap after
{Heap after GC invocations=653 (full 3):
 PSYoungGen      total 2048K, used 313K [0x00000000d5580000, 0x00000000d5880000, 0x0000000100000000)
  eden space 1536K, 0% used [0x00000000d5580000,0x00000000d5580000,0x00000000d5700000)
  from space 512K, 61% used [0x00000000d5800000,0x00000000d584e740,0x00000000d5880000)
  to   space 512K, 0% used [0x00000000d5780000,0x00000000d5780000,0x00000000d5800000)
 ParOldGen       total 287744K, used 287387K [0x0000000080000000, 0x0000000091900000, 0x00000000d5580000)
  object space 287744K, 99% used [0x0000000080000000,0x00000000918a6fe0,0x0000000091900000)
 Metaspace       used 76304K, committed 77824K, reserved 1179648K
  class space    used 8322K, committed 8960K, reserved 1048576K
}
Event: 732.419 GC heap before
{Heap before GC invocations=654 (full 3):
 PSYoungGen      total 2048K, used 1849K [0x00000000d5580000, 0x00000000d5880000, 0x0000000100000000)
  eden space 1536K, 100% used [0x00000000d5580000,0x00000000d5700000,0x00000000d5700000)
  from space 512K, 61% used [0x00000000d5800000,0x00000000d584e740,0x00000000d5880000)
  to   space 512K, 0% used [0x00000000d5780000,0x00000000d5780000,0x00000000d5800000)
 ParOldGen       total 287744K, used 287387K [0x0000000080000000, 0x0000000091900000, 0x00000000d5580000)
  object space 287744K, 99% used [0x0000000080000000,0x00000000918a6fe0,0x0000000091900000)
 Metaspace       used 76382K, committed 77952K, reserved 1179648K
  class space    used 8333K, committed 9024K, reserved 1048576K
}
Event: 732.423 GC heap after
{Heap after GC invocations=654 (full 3):
 PSYoungGen      total 2048K, used 353K [0x00000000d5580000, 0x00000000d5880000, 0x0000000100000000)
  eden space 1536K, 0% used [0x00000000d5580000,0x00000000d5580000,0x00000000d5700000)
  from space 512K, 69% used [0x00000000d5780000,0x00000000d57d87c0,0x00000000d5800000)
  to   space 512K, 0% used [0x00000000d5800000,0x00000000d5800000,0x00000000d5880000)
 ParOldGen       total 287744K, used 287597K [0x0000000080000000, 0x0000000091900000, 0x00000000d5580000)
  object space 287744K, 99% used [0x0000000080000000,0x00000000918db740,0x0000000091900000)
 Metaspace       used 76382K, committed 77952K, reserved 1179648K
  class space    used 8333K, committed 9024K, reserved 1048576K
}
Event: 736.871 GC heap before
{Heap before GC invocations=655 (full 3):
 PSYoungGen      total 2048K, used 1889K [0x00000000d5580000, 0x00000000d5880000, 0x0000000100000000)
  eden space 1536K, 100% used [0x00000000d5580000,0x00000000d5700000,0x00000000d5700000)
  from space 512K, 69% used [0x00000000d5780000,0x00000000d57d87c0,0x00000000d5800000)
  to   space 512K, 0% used [0x00000000d5800000,0x00000000d5800000,0x00000000d5880000)
 ParOldGen       total 287744K, used 287597K [0x0000000080000000, 0x0000000091900000, 0x00000000d5580000)
  object space 287744K, 99% used [0x0000000080000000,0x00000000918db740,0x0000000091900000)
 Metaspace       used 76530K, committed 78080K, reserved 1179648K
  class space    used 8344K, committed 9024K, reserved 1048576K
}
Event: 736.874 GC heap after
{Heap after GC invocations=655 (full 3):
 PSYoungGen      total 2048K, used 372K [0x00000000d5580000, 0x00000000d5880000, 0x0000000100000000)
  eden space 1536K, 0% used [0x00000000d5580000,0x00000000d5580000,0x00000000d5700000)
  from space 512K, 72% used [0x00000000d5800000,0x00000000d585d0d8,0x00000000d5880000)
  to   space 512K, 0% used [0x00000000d5780000,0x00000000d5780000,0x00000000d5800000)
 ParOldGen       total 288256K, used 287915K [0x0000000080000000, 0x0000000091980000, 0x00000000d5580000)
  object space 288256K, 99% used [0x0000000080000000,0x000000009192acb8,0x0000000091980000)
 Metaspace       used 76530K, committed 78080K, reserved 1179648K
  class space    used 8344K, committed 9024K, reserved 1048576K
}
Event: 736.948 GC heap before
{Heap before GC invocations=656 (full 3):
 PSYoungGen      total 2048K, used 1908K [0x00000000d5580000, 0x00000000d5880000, 0x0000000100000000)
  eden space 1536K, 100% used [0x00000000d5580000,0x00000000d5700000,0x00000000d5700000)
  from space 512K, 72% used [0x00000000d5800000,0x00000000d585d0d8,0x00000000d5880000)
  to   space 512K, 0% used [0x00000000d5780000,0x00000000d5780000,0x00000000d5800000)
 ParOldGen       total 288256K, used 287915K [0x0000000080000000, 0x0000000091980000, 0x00000000d5580000)
  object space 288256K, 99% used [0x0000000080000000,0x000000009192acb8,0x0000000091980000)
 Metaspace       used 76591K, committed 78208K, reserved 1179648K
  class space    used 8348K, committed 9024K, reserved 1048576K
}
Event: 736.951 GC heap after
{Heap after GC invocations=656 (full 3):
 PSYoungGen      total 2048K, used 448K [0x00000000d5580000, 0x00000000d5880000, 0x0000000100000000)
  eden space 1536K, 0% used [0x00000000d5580000,0x00000000d5580000,0x00000000d5700000)
  from space 512K, 87% used [0x00000000d5780000,0x00000000d57f0000,0x00000000d5800000)
  to   space 512K, 0% used [0x00000000d5800000,0x00000000d5800000,0x00000000d5880000)
 ParOldGen       total 288256K, used 288232K [0x0000000080000000, 0x0000000091980000, 0x00000000d5580000)
  object space 288256K, 99% used [0x0000000080000000,0x000000009197a128,0x0000000091980000)
 Metaspace       used 76591K, committed 78208K, reserved 1179648K
  class space    used 8348K, committed 9024K, reserved 1048576K
}
Event: 737.216 GC heap before
{Heap before GC invocations=657 (full 3):
 PSYoungGen      total 2048K, used 1983K [0x00000000d5580000, 0x00000000d5880000, 0x0000000100000000)
  eden space 1536K, 99% used [0x00000000d5580000,0x00000000d56ffff0,0x00000000d5700000)
  from space 512K, 87% used [0x00000000d5780000,0x00000000d57f0000,0x00000000d5800000)
  to   space 512K, 0% used [0x00000000d5800000,0x00000000d5800000,0x00000000d5880000)
 ParOldGen       total 288256K, used 288232K [0x0000000080000000, 0x0000000091980000, 0x00000000d5580000)
  object space 288256K, 99% used [0x0000000080000000,0x000000009197a128,0x0000000091980000)
 Metaspace       used 76697K, committed 78336K, reserved 1179648K
  class space    used 8361K, committed 9024K, reserved 1048576K
}
Event: 737.220 GC heap after
{Heap after GC invocations=657 (full 3):
 PSYoungGen      total 2048K, used 496K [0x00000000d5580000, 0x00000000d5880000, 0x0000000100000000)
  eden space 1536K, 0% used [0x00000000d5580000,0x00000000d5580000,0x00000000d5700000)
  from space 512K, 96% used [0x00000000d5800000,0x00000000d587c180,0x00000000d5880000)
  to   space 512K, 0% used [0x00000000d5780000,0x00000000d5780000,0x00000000d5800000)
 ParOldGen       total 288768K, used 288592K [0x0000000080000000, 0x0000000091a00000, 0x00000000d5580000)
  object space 288768K, 99% used [0x0000000080000000,0x00000000919d4310,0x0000000091a00000)
 Metaspace       used 76697K, committed 78336K, reserved 1179648K
  class space    used 8361K, committed 9024K, reserved 1048576K
}

