# JRE version: OpenJDK Runtime Environment (22.0.2+9) (build 22.0.2+9-70)
# Java VM: OpenJDK 64-Bit Server VM (22.0.2+9-70, mixed mode, sharing, tiered, compressed oops, compressed class ptrs, g1 gc, windows-amd64)
GC Precious Log:
 CardTable entry size: 512
 Card Set container configuration: InlinePtr #cards 5 size 8 Array Of Cards #cards 12 size 40 Howl #buckets 4 coarsen threshold 1843 Howl Bitmap #cards 512 size 80 coarsen threshold 460 Card regions per heap region 1 cards per card region 2048
 CPUs: 4 total, 4 available
 Memory: 7878M
 Large Page Support: Disabled
 NUMA Support: Disabled
 Compressed Oops: Enabled (32-bit)
 Heap Region Size: 1M
 Heap Min Capacity: 8M
 Heap Initial Capacity: 124M
 Heap Max Capacity: 1970M
 Pre-touch: Disabled
 Parallel Workers: 4
 Concurrent Workers: 1
 Concurrent Refinement Workers: 4
 Periodic GC: Disabled
Heap:
 garbage-first heap   total reserved 2017280K, committed 384000K, used 259072K [0x0000000084e00000, 0x0000000100000000)
  region size 1024K, 14 young (14336K), 14 survivors (14336K)
 Metaspace       used 64044K, committed 65088K, reserved 1114112K
  class space    used 7780K, committed 8256K, reserved 1048576K
GC Heap History (20 events):
Event: 563.849 GC heap after
{Heap after GC invocations=87 (full 0):
 garbage-first heap   total reserved 2017280K, committed 219136K, used 118189K [0x0000000084e00000, 0x0000000100000000)
  region size 1024K, 10 young (10240K), 10 survivors (10240K)
 Metaspace       used 63918K, committed 64960K, reserved 1114112K
  class space    used 7773K, committed 8256K, reserved 1048576K
}
Event: 564.469 GC heap before
{Heap before GC invocations=87 (full 0):
 garbage-first heap   total reserved 2017280K, committed 219136K, used 187821K [0x0000000084e00000, 0x0000000100000000)
  region size 1024K, 79 young (80896K), 10 survivors (10240K)
 Metaspace       used 63922K, committed 64960K, reserved 1114112K
  class space    used 7774K, committed 8256K, reserved 1048576K
}
Event: 564.512 GC heap after
{Heap after GC invocations=88 (full 0):
 garbage-first heap   total reserved 2017280K, committed 219136K, used 129024K [0x0000000084e00000, 0x0000000100000000)
  region size 1024K, 10 young (10240K), 10 survivors (10240K)
 Metaspace       used 63922K, committed 64960K, reserved 1114112K
  class space    used 7774K, committed 8256K, reserved 1048576K
}
Event: 565.768 GC heap before
{Heap before GC invocations=89 (full 0):
 garbage-first heap   total reserved 2017280K, committed 219136K, used 193536K [0x0000000084e00000, 0x0000000100000000)
  region size 1024K, 73 young (74752K), 10 survivors (10240K)
 Metaspace       used 63932K, committed 64960K, reserved 1114112K
  class space    used 7774K, committed 8256K, reserved 1048576K
}
Event: 565.807 GC heap after
{Heap after GC invocations=90 (full 0):
 garbage-first heap   total reserved 2017280K, committed 219136K, used 139776K [0x0000000084e00000, 0x0000000100000000)
  region size 1024K, 10 young (10240K), 10 survivors (10240K)
 Metaspace       used 63932K, committed 64960K, reserved 1114112K
  class space    used 7774K, committed 8256K, reserved 1048576K
}
Event: 566.327 GC heap before
{Heap before GC invocations=90 (full 0):
 garbage-first heap   total reserved 2017280K, committed 219136K, used 196096K [0x0000000084e00000, 0x0000000100000000)
  region size 1024K, 65 young (66560K), 10 survivors (10240K)
 Metaspace       used 63940K, committed 64960K, reserved 1114112K
  class space    used 7774K, committed 8256K, reserved 1048576K
}
Event: 566.375 GC heap after
{Heap after GC invocations=91 (full 0):
 garbage-first heap   total reserved 2017280K, committed 219136K, used 149488K [0x0000000084e00000, 0x0000000100000000)
  region size 1024K, 9 young (9216K), 9 survivors (9216K)
 Metaspace       used 63940K, committed 64960K, reserved 1114112K
  class space    used 7774K, committed 8256K, reserved 1048576K
}
Event: 566.698 GC heap before
{Heap before GC invocations=91 (full 0):
 garbage-first heap   total reserved 2017280K, committed 219136K, used 197616K [0x0000000084e00000, 0x0000000100000000)
  region size 1024K, 56 young (57344K), 9 survivors (9216K)
 Metaspace       used 63942K, committed 64960K, reserved 1114112K
  class space    used 7774K, committed 8256K, reserved 1048576K
}
Event: 566.733 GC heap after
{Heap after GC invocations=92 (full 0):
 garbage-first heap   total reserved 2017280K, committed 384000K, used 157184K [0x0000000084e00000, 0x0000000100000000)
  region size 1024K, 7 young (7168K), 7 survivors (7168K)
 Metaspace       used 63942K, committed 64960K, reserved 1114112K
  class space    used 7774K, committed 8256K, reserved 1048576K
}
Event: 569.019 GC heap before
{Heap before GC invocations=93 (full 0):
 garbage-first heap   total reserved 2017280K, committed 384000K, used 309760K [0x0000000084e00000, 0x0000000100000000)
  region size 1024K, 156 young (159744K), 7 survivors (7168K)
 Metaspace       used 63960K, committed 64960K, reserved 1114112K
  class space    used 7774K, committed 8256K, reserved 1048576K
}
Event: 569.094 GC heap after
{Heap after GC invocations=94 (full 0):
 garbage-first heap   total reserved 2017280K, committed 384000K, used 183296K [0x0000000084e00000, 0x0000000100000000)
  region size 1024K, 20 young (20480K), 20 survivors (20480K)
 Metaspace       used 63960K, committed 64960K, reserved 1114112K
  class space    used 7774K, committed 8256K, reserved 1048576K
}
Event: 570.127 GC heap before
{Heap before GC invocations=94 (full 0):
 garbage-first heap   total reserved 2017280K, committed 384000K, used 311296K [0x0000000084e00000, 0x0000000100000000)
  region size 1024K, 145 young (148480K), 20 survivors (20480K)
 Metaspace       used 63973K, committed 65024K, reserved 1114112K
  class space    used 7774K, committed 8256K, reserved 1048576K
}
Event: 570.225 GC heap after
{Heap after GC invocations=95 (full 0):
 garbage-first heap   total reserved 2017280K, committed 384000K, used 204288K [0x0000000084e00000, 0x0000000100000000)
  region size 1024K, 19 young (19456K), 19 survivors (19456K)
 Metaspace       used 63973K, committed 65024K, reserved 1114112K
  class space    used 7774K, committed 8256K, reserved 1048576K
}
Event: 570.249 GC heap before
{Heap before GC invocations=95 (full 0):
 garbage-first heap   total reserved 2017280K, committed 384000K, used 206336K [0x0000000084e00000, 0x0000000100000000)
  region size 1024K, 22 young (22528K), 19 survivors (19456K)
 Metaspace       used 63973K, committed 65024K, reserved 1114112K
  class space    used 7774K, committed 8256K, reserved 1048576K
}
Event: 570.289 GC heap after
{Heap after GC invocations=96 (full 0):
 garbage-first heap   total reserved 2017280K, committed 384000K, used 207360K [0x0000000084e00000, 0x0000000100000000)
  region size 1024K, 2 young (2048K), 2 survivors (2048K)
 Metaspace       used 63973K, committed 65024K, reserved 1114112K
  class space    used 7774K, committed 8256K, reserved 1048576K
}
Event: 571.149 GC heap before
{Heap before GC invocations=96 (full 0):
 garbage-first heap   total reserved 2017280K, committed 384000K, used 323072K [0x0000000084e00000, 0x0000000100000000)
  region size 1024K, 113 young (115712K), 2 survivors (2048K)
 Metaspace       used 63974K, committed 65024K, reserved 1114112K
  class space    used 7774K, committed 8256K, reserved 1048576K
}
Event: 571.190 GC heap after
{Heap after GC invocations=97 (full 0):
 garbage-first heap   total reserved 2017280K, committed 384000K, used 227328K [0x0000000084e00000, 0x0000000100000000)
  region size 1024K, 15 young (15360K), 15 survivors (15360K)
 Metaspace       used 63974K, committed 65024K, reserved 1114112K
  class space    used 7774K, committed 8256K, reserved 1048576K
}
Event: 572.498 GC heap before
{Heap before GC invocations=98 (full 0):
 garbage-first heap   total reserved 2017280K, committed 384000K, used 332800K [0x0000000084e00000, 0x0000000100000000)
  region size 1024K, 118 young (120832K), 15 survivors (15360K)
 Metaspace       used 64044K, committed 65088K, reserved 1114112K
  class space    used 7780K, committed 8256K, reserved 1048576K
}
Event: 572.558 GC heap after
{Heap after GC invocations=99 (full 0):
 garbage-first heap   total reserved 2017280K, committed 384000K, used 243200K [0x0000000084e00000, 0x0000000100000000)
  region size 1024K, 15 young (15360K), 15 survivors (15360K)
 Metaspace       used 64044K, committed 65088K, reserved 1114112K
  class space    used 7780K, committed 8256K, reserved 1048576K
}
Event: 573.198 GC heap before
{Heap before GC invocations=99 (full 0):
 garbage-first heap   total reserved 2017280K, committed 384000K, used 340480K [0x0000000084e00000, 0x0000000100000000)
  region size 1024K, 110 young (112640K), 15 survivors (15360K)
 Metaspace       used 64044K, committed 65088K, reserved 1114112K
  class space    used 7780K, committed 8256K, reserved 1048576K
}

