# JRE version: OpenJDK Runtime Environment Temurin-21.0.8+9 (21.0.8+9) (build 21.0.8+9-LTS)
# Java VM: OpenJDK 64-Bit Server VM Temurin-21.0.8+9 (21.0.8+9-LTS, mixed mode, tiered, compressed oops, compressed class ptrs, parallel gc, windows-amd64)
GC Precious Log:
 CardTable entry size: 512
 CPUs: 4 total, 4 available
 Memory: 7878M
 Large Page Support: Disabled
 NUMA Support: Disabled
 Compressed Oops: Enabled (32-bit)
 Alignments: Space 512K, Generation 512K, Heap 2M
 Heap Min Capacity: 100M
 Heap Initial Capacity: 100M
 Heap Max Capacity: 2G
 Pre-touch: Disabled
 Parallel Workers: 4
Heap:
 PSYoungGen      total 3072K, used 2988K [0x00000000d5580000, 0x00000000d5980000, 0x0000000100000000)
  eden space 2560K, 100% used [0x00000000d5580000,0x00000000d5800000,0x00000000d5800000)
  from space 512K, 83% used [0x00000000d5800000,0x00000000d586b008,0x00000000d5880000)
  to   space 512K, 56% used [0x00000000d5900000,0x00000000d5948000,0x00000000d5980000)
 ParOldGen       total 423936K, used 423929K [0x0000000080000000, 0x0000000099e00000, 0x00000000d5580000)
  object space 423936K, 99% used [0x0000000080000000,0x0000000099dfe520,0x0000000099e00000)
 Metaspace       used 74001K, committed 75392K, reserved 1179648K
  class space    used 8235K, committed 8832K, reserved 1048576K
GC Heap History (20 events):
Event: 46.805 GC heap before
{Heap before GC invocations=503 (full 4):
 PSYoungGen      total 2560K, used 2240K [0x00000000d5580000, 0x00000000d5880000, 0x0000000100000000)
  eden space 2048K, 100% used [0x00000000d5580000,0x00000000d5780000,0x00000000d5780000)
  from space 512K, 37% used [0x00000000d5800000,0x00000000d5830000,0x00000000d5880000)
  to   space 512K, 0% used [0x00000000d5780000,0x00000000d5780000,0x00000000d5800000)
 ParOldGen       total 421376K, used 421181K [0x0000000080000000, 0x0000000099b80000, 0x00000000d5580000)
  object space 421376K, 99% used [0x0000000080000000,0x0000000099b4f708,0x0000000099b80000)
 Metaspace       used 74001K, committed 75392K, reserved 1179648K
  class space    used 8235K, committed 8832K, reserved 1048576K
}
Event: 46.808 GC heap after
{Heap after GC invocations=503 (full 4):
 PSYoungGen      total 2560K, used 288K [0x00000000d5580000, 0x00000000d5900000, 0x0000000100000000)
  eden space 2048K, 0% used [0x00000000d5580000,0x00000000d5580000,0x00000000d5780000)
  from space 512K, 56% used [0x00000000d5780000,0x00000000d57c8000,0x00000000d5800000)
  to   space 512K, 0% used [0x00000000d5880000,0x00000000d5880000,0x00000000d5900000)
 ParOldGen       total 421376K, used 421341K [0x0000000080000000, 0x0000000099b80000, 0x00000000d5580000)
  object space 421376K, 99% used [0x0000000080000000,0x0000000099b77708,0x0000000099b80000)
 Metaspace       used 74001K, committed 75392K, reserved 1179648K
  class space    used 8235K, committed 8832K, reserved 1048576K
}
Event: 46.824 GC heap before
{Heap before GC invocations=504 (full 4):
 PSYoungGen      total 2560K, used 2324K [0x00000000d5580000, 0x00000000d5900000, 0x0000000100000000)
  eden space 2048K, 99% used [0x00000000d5580000,0x00000000d577d1c8,0x00000000d5780000)
  from space 512K, 56% used [0x00000000d5780000,0x00000000d57c8000,0x00000000d5800000)
  to   space 512K, 0% used [0x00000000d5880000,0x00000000d5880000,0x00000000d5900000)
 ParOldGen       total 421376K, used 421341K [0x0000000080000000, 0x0000000099b80000, 0x00000000d5580000)
  object space 421376K, 99% used [0x0000000080000000,0x0000000099b77708,0x0000000099b80000)
 Metaspace       used 74001K, committed 75392K, reserved 1179648K
  class space    used 8235K, committed 8832K, reserved 1048576K
}
Event: 46.829 GC heap after
{Heap after GC invocations=504 (full 4):
 PSYoungGen      total 3072K, used 224K [0x00000000d5580000, 0x00000000d5900000, 0x0000000100000000)
  eden space 2560K, 0% used [0x00000000d5580000,0x00000000d5580000,0x00000000d5800000)
  from space 512K, 43% used [0x00000000d5880000,0x00000000d58b8000,0x00000000d5900000)
  to   space 512K, 0% used [0x00000000d5800000,0x00000000d5800000,0x00000000d5880000)
 ParOldGen       total 421888K, used 421573K [0x0000000080000000, 0x0000000099c00000, 0x00000000d5580000)
  object space 421888K, 99% used [0x0000000080000000,0x0000000099bb1708,0x0000000099c00000)
 Metaspace       used 74001K, committed 75392K, reserved 1179648K
  class space    used 8235K, committed 8832K, reserved 1048576K
}
Event: 46.847 GC heap before
{Heap before GC invocations=505 (full 4):
 PSYoungGen      total 3072K, used 2784K [0x00000000d5580000, 0x00000000d5900000, 0x0000000100000000)
  eden space 2560K, 100% used [0x00000000d5580000,0x00000000d5800000,0x00000000d5800000)
  from space 512K, 43% used [0x00000000d5880000,0x00000000d58b8000,0x00000000d5900000)
  to   space 512K, 0% used [0x00000000d5800000,0x00000000d5800000,0x00000000d5880000)
 ParOldGen       total 421888K, used 421573K [0x0000000080000000, 0x0000000099c00000, 0x00000000d5580000)
  object space 421888K, 99% used [0x0000000080000000,0x0000000099bb1708,0x0000000099c00000)
 Metaspace       used 74001K, committed 75392K, reserved 1179648K
  class space    used 8235K, committed 8832K, reserved 1048576K
}
Event: 46.850 GC heap after
{Heap after GC invocations=505 (full 4):
 PSYoungGen      total 3072K, used 374K [0x00000000d5580000, 0x00000000d5980000, 0x0000000100000000)
  eden space 2560K, 0% used [0x00000000d5580000,0x00000000d5580000,0x00000000d5800000)
  from space 512K, 73% used [0x00000000d5800000,0x00000000d585d808,0x00000000d5880000)
  to   space 512K, 0% used [0x00000000d5900000,0x00000000d5900000,0x00000000d5980000)
 ParOldGen       total 421888K, used 421789K [0x0000000080000000, 0x0000000099c00000, 0x00000000d5580000)
  object space 421888K, 99% used [0x0000000080000000,0x0000000099be7708,0x0000000099c00000)
 Metaspace       used 74001K, committed 75392K, reserved 1179648K
  class space    used 8235K, committed 8832K, reserved 1048576K
}
Event: 46.866 GC heap before
{Heap before GC invocations=506 (full 4):
 PSYoungGen      total 3072K, used 2934K [0x00000000d5580000, 0x00000000d5980000, 0x0000000100000000)
  eden space 2560K, 100% used [0x00000000d5580000,0x00000000d5800000,0x00000000d5800000)
  from space 512K, 73% used [0x00000000d5800000,0x00000000d585d808,0x00000000d5880000)
  to   space 512K, 0% used [0x00000000d5900000,0x00000000d5900000,0x00000000d5980000)
 ParOldGen       total 421888K, used 421789K [0x0000000080000000, 0x0000000099c00000, 0x00000000d5580000)
  object space 421888K, 99% used [0x0000000080000000,0x0000000099be7708,0x0000000099c00000)
 Metaspace       used 74001K, committed 75392K, reserved 1179648K
  class space    used 8235K, committed 8832K, reserved 1048576K
}
Event: 46.868 GC heap after
{Heap after GC invocations=506 (full 4):
 PSYoungGen      total 3072K, used 320K [0x00000000d5580000, 0x00000000d5980000, 0x0000000100000000)
  eden space 2560K, 0% used [0x00000000d5580000,0x00000000d5580000,0x00000000d5800000)
  from space 512K, 62% used [0x00000000d5900000,0x00000000d5950000,0x00000000d5980000)
  to   space 512K, 0% used [0x00000000d5800000,0x00000000d5800000,0x00000000d5880000)
 ParOldGen       total 422400K, used 422115K [0x0000000080000000, 0x0000000099c80000, 0x00000000d5580000)
  object space 422400K, 99% used [0x0000000080000000,0x0000000099c38f10,0x0000000099c80000)
 Metaspace       used 74001K, committed 75392K, reserved 1179648K
  class space    used 8235K, committed 8832K, reserved 1048576K
}
Event: 46.888 GC heap before
{Heap before GC invocations=507 (full 4):
 PSYoungGen      total 3072K, used 2880K [0x00000000d5580000, 0x00000000d5980000, 0x0000000100000000)
  eden space 2560K, 100% used [0x00000000d5580000,0x00000000d5800000,0x00000000d5800000)
  from space 512K, 62% used [0x00000000d5900000,0x00000000d5950000,0x00000000d5980000)
  to   space 512K, 0% used [0x00000000d5800000,0x00000000d5800000,0x00000000d5880000)
 ParOldGen       total 422400K, used 422115K [0x0000000080000000, 0x0000000099c80000, 0x00000000d5580000)
  object space 422400K, 99% used [0x0000000080000000,0x0000000099c38f10,0x0000000099c80000)
 Metaspace       used 74001K, committed 75392K, reserved 1179648K
  class space    used 8235K, committed 8832K, reserved 1048576K
}
Event: 46.891 GC heap after
{Heap after GC invocations=507 (full 4):
 PSYoungGen      total 3072K, used 288K [0x00000000d5580000, 0x00000000d5980000, 0x0000000100000000)
  eden space 2560K, 0% used [0x00000000d5580000,0x00000000d5580000,0x00000000d5800000)
  from space 512K, 56% used [0x00000000d5800000,0x00000000d5848000,0x00000000d5880000)
  to   space 512K, 0% used [0x00000000d5900000,0x00000000d5900000,0x00000000d5980000)
 ParOldGen       total 422912K, used 422403K [0x0000000080000000, 0x0000000099d00000, 0x00000000d5580000)
  object space 422912K, 99% used [0x0000000080000000,0x0000000099c80f10,0x0000000099d00000)
 Metaspace       used 74001K, committed 75392K, reserved 1179648K
  class space    used 8235K, committed 8832K, reserved 1048576K
}
Event: 46.911 GC heap before
{Heap before GC invocations=508 (full 4):
 PSYoungGen      total 3072K, used 2839K [0x00000000d5580000, 0x00000000d5980000, 0x0000000100000000)
  eden space 2560K, 99% used [0x00000000d5580000,0x00000000d57fdea0,0x00000000d5800000)
  from space 512K, 56% used [0x00000000d5800000,0x00000000d5848000,0x00000000d5880000)
  to   space 512K, 0% used [0x00000000d5900000,0x00000000d5900000,0x00000000d5980000)
 ParOldGen       total 422912K, used 422403K [0x0000000080000000, 0x0000000099d00000, 0x00000000d5580000)
  object space 422912K, 99% used [0x0000000080000000,0x0000000099c80f10,0x0000000099d00000)
 Metaspace       used 74001K, committed 75392K, reserved 1179648K
  class space    used 8235K, committed 8832K, reserved 1048576K
}
Event: 46.915 GC heap after
{Heap after GC invocations=508 (full 4):
 PSYoungGen      total 3072K, used 320K [0x00000000d5580000, 0x00000000d5980000, 0x0000000100000000)
  eden space 2560K, 0% used [0x00000000d5580000,0x00000000d5580000,0x00000000d5800000)
  from space 512K, 62% used [0x00000000d5900000,0x00000000d5950000,0x00000000d5980000)
  to   space 512K, 0% used [0x00000000d5800000,0x00000000d5800000,0x00000000d5880000)
 ParOldGen       total 422912K, used 422667K [0x0000000080000000, 0x0000000099d00000, 0x00000000d5580000)
  object space 422912K, 99% used [0x0000000080000000,0x0000000099cc2f10,0x0000000099d00000)
 Metaspace       used 74001K, committed 75392K, reserved 1179648K
  class space    used 8235K, committed 8832K, reserved 1048576K
}
Event: 46.937 GC heap before
{Heap before GC invocations=509 (full 4):
 PSYoungGen      total 3072K, used 2880K [0x00000000d5580000, 0x00000000d5980000, 0x0000000100000000)
  eden space 2560K, 100% used [0x00000000d5580000,0x00000000d5800000,0x00000000d5800000)
  from space 512K, 62% used [0x00000000d5900000,0x00000000d5950000,0x00000000d5980000)
  to   space 512K, 0% used [0x00000000d5800000,0x00000000d5800000,0x00000000d5880000)
 ParOldGen       total 422912K, used 422667K [0x0000000080000000, 0x0000000099d00000, 0x00000000d5580000)
  object space 422912K, 99% used [0x0000000080000000,0x0000000099cc2f10,0x0000000099d00000)
 Metaspace       used 74001K, committed 75392K, reserved 1179648K
  class space    used 8235K, committed 8832K, reserved 1048576K
}
Event: 46.939 GC heap after
{Heap after GC invocations=509 (full 4):
 PSYoungGen      total 3072K, used 256K [0x00000000d5580000, 0x00000000d5980000, 0x0000000100000000)
  eden space 2560K, 0% used [0x00000000d5580000,0x00000000d5580000,0x00000000d5800000)
  from space 512K, 50% used [0x00000000d5800000,0x00000000d5840000,0x00000000d5880000)
  to   space 512K, 0% used [0x00000000d5900000,0x00000000d5900000,0x00000000d5980000)
 ParOldGen       total 423424K, used 422931K [0x0000000080000000, 0x0000000099d80000, 0x00000000d5580000)
  object space 423424K, 99% used [0x0000000080000000,0x0000000099d04f10,0x0000000099d80000)
 Metaspace       used 74001K, committed 75392K, reserved 1179648K
  class space    used 8235K, committed 8832K, reserved 1048576K
}
Event: 46.956 GC heap before
{Heap before GC invocations=510 (full 4):
 PSYoungGen      total 3072K, used 2816K [0x00000000d5580000, 0x00000000d5980000, 0x0000000100000000)
  eden space 2560K, 100% used [0x00000000d5580000,0x00000000d5800000,0x00000000d5800000)
  from space 512K, 50% used [0x00000000d5800000,0x00000000d5840000,0x00000000d5880000)
  to   space 512K, 0% used [0x00000000d5900000,0x00000000d5900000,0x00000000d5980000)
 ParOldGen       total 423424K, used 422931K [0x0000000080000000, 0x0000000099d80000, 0x00000000d5580000)
  object space 423424K, 99% used [0x0000000080000000,0x0000000099d04f10,0x0000000099d80000)
 Metaspace       used 74001K, committed 75392K, reserved 1179648K
  class space    used 8235K, committed 8832K, reserved 1048576K
}
Event: 46.961 GC heap after
{Heap after GC invocations=510 (full 4):
 PSYoungGen      total 3072K, used 288K [0x00000000d5580000, 0x00000000d5980000, 0x0000000100000000)
  eden space 2560K, 0% used [0x00000000d5580000,0x00000000d5580000,0x00000000d5800000)
  from space 512K, 56% used [0x00000000d5900000,0x00000000d5948000,0x00000000d5980000)
  to   space 512K, 0% used [0x00000000d5800000,0x00000000d5800000,0x00000000d5880000)
 ParOldGen       total 423424K, used 423147K [0x0000000080000000, 0x0000000099d80000, 0x00000000d5580000)
  object space 423424K, 99% used [0x0000000080000000,0x0000000099d3af10,0x0000000099d80000)
 Metaspace       used 74001K, committed 75392K, reserved 1179648K
  class space    used 8235K, committed 8832K, reserved 1048576K
}
Event: 46.985 GC heap before
{Heap before GC invocations=511 (full 4):
 PSYoungGen      total 3072K, used 2848K [0x00000000d5580000, 0x00000000d5980000, 0x0000000100000000)
  eden space 2560K, 100% used [0x00000000d5580000,0x00000000d5800000,0x00000000d5800000)
  from space 512K, 56% used [0x00000000d5900000,0x00000000d5948000,0x00000000d5980000)
  to   space 512K, 0% used [0x00000000d5800000,0x00000000d5800000,0x00000000d5880000)
 ParOldGen       total 423424K, used 423147K [0x0000000080000000, 0x0000000099d80000, 0x00000000d5580000)
  object space 423424K, 99% used [0x0000000080000000,0x0000000099d3af10,0x0000000099d80000)
 Metaspace       used 74001K, committed 75392K, reserved 1179648K
  class space    used 8235K, committed 8832K, reserved 1048576K
}
Event: 46.989 GC heap after
{Heap after GC invocations=511 (full 4):
 PSYoungGen      total 3072K, used 320K [0x00000000d5580000, 0x00000000d5980000, 0x0000000100000000)
  eden space 2560K, 0% used [0x00000000d5580000,0x00000000d5580000,0x00000000d5800000)
  from space 512K, 62% used [0x00000000d5800000,0x00000000d5850000,0x00000000d5880000)
  to   space 512K, 0% used [0x00000000d5900000,0x00000000d5900000,0x00000000d5980000)
 ParOldGen       total 423424K, used 423387K [0x0000000080000000, 0x0000000099d80000, 0x00000000d5580000)
  object space 423424K, 99% used [0x0000000080000000,0x0000000099d76f10,0x0000000099d80000)
 Metaspace       used 74001K, committed 75392K, reserved 1179648K
  class space    used 8235K, committed 8832K, reserved 1048576K
}
Event: 47.005 GC heap before
{Heap before GC invocations=512 (full 4):
 PSYoungGen      total 3072K, used 2880K [0x00000000d5580000, 0x00000000d5980000, 0x0000000100000000)
  eden space 2560K, 100% used [0x00000000d5580000,0x00000000d5800000,0x00000000d5800000)
  from space 512K, 62% used [0x00000000d5800000,0x00000000d5850000,0x00000000d5880000)
  to   space 512K, 0% used [0x00000000d5900000,0x00000000d5900000,0x00000000d5980000)
 ParOldGen       total 423424K, used 423387K [0x0000000080000000, 0x0000000099d80000, 0x00000000d5580000)
  object space 423424K, 99% used [0x0000000080000000,0x0000000099d76f10,0x0000000099d80000)
 Metaspace       used 74001K, committed 75392K, reserved 1179648K
  class space    used 8235K, committed 8832K, reserved 1048576K
}
Event: 47.010 GC heap after
{Heap after GC invocations=512 (full 4):
 PSYoungGen      total 3072K, used 351K [0x00000000d5580000, 0x00000000d5980000, 0x0000000100000000)
  eden space 2560K, 0% used [0x00000000d5580000,0x00000000d5580000,0x00000000d5800000)
  from space 512K, 68% used [0x00000000d5900000,0x00000000d5957fa0,0x00000000d5980000)
  to   space 512K, 0% used [0x00000000d5800000,0x00000000d5800000,0x00000000d5880000)
 ParOldGen       total 423936K, used 423635K [0x0000000080000000, 0x0000000099e00000, 0x00000000d5580000)
  object space 423936K, 99% used [0x0000000080000000,0x0000000099db4f10,0x0000000099e00000)
 Metaspace       used 74001K, committed 75392K, reserved 1179648K
  class space    used 8235K, committed 8832K, reserved 1048576K
}

