# JRE version: OpenJDK Runtime Environment (22.0.2+9) (build 22.0.2+9-70)
# Java VM: OpenJDK 64-Bit Server VM (22.0.2+9-70, mixed mode, sharing, tiered, compressed oops, compressed class ptrs, g1 gc, windows-amd64)
GC Precious Log:
 CardTable entry size: 512
 Card Set container configuration: InlinePtr #cards 5 size 8 Array Of Cards #cards 12 size 40 Howl #buckets 4 coarsen threshold 1843 Howl Bitmap #cards 512 size 80 coarsen threshold 460 Card regions per heap region 1 cards per card region 2048
 CPUs: 4 total, 4 available
 Memory: 7878M
 Large Page Support: Disabled
 NUMA Support: Disabled
 Compressed Oops: Enabled (32-bit)
 Heap Region Size: 1M
 Heap Min Capacity: 8M
 Heap Initial Capacity: 124M
 Heap Max Capacity: 1970M
 Pre-touch: Disabled
 Parallel Workers: 4
 Concurrent Workers: 1
 Concurrent Refinement Workers: 4
 Periodic GC: Disabled
Heap:
 garbage-first heap   total reserved 2017280K, committed 197632K, used 148899K [0x0000000084e00000, 0x0000000100000000)
  region size 1024K, 6 young (6144K), 6 survivors (6144K)
 Metaspace       used 63920K, committed 64960K, reserved 1114112K
  class space    used 7766K, committed 8256K, reserved 1048576K
GC Heap History (20 events):
Event: 230.531 GC heap after
{Heap after GC invocations=81 (full 0):
 garbage-first heap   total reserved 2017280K, committed 138240K, used 69461K [0x0000000084e00000, 0x0000000100000000)
  region size 1024K, 8 young (8192K), 8 survivors (8192K)
 Metaspace       used 63718K, committed 64704K, reserved 1114112K
  class space    used 7763K, committed 8256K, reserved 1048576K
}
Event: 231.333 GC heap before
{Heap before GC invocations=81 (full 0):
 garbage-first heap   total reserved 2017280K, committed 138240K, used 116565K [0x0000000084e00000, 0x0000000100000000)
  region size 1024K, 54 young (55296K), 8 survivors (8192K)
 Metaspace       used 63741K, committed 64768K, reserved 1114112K
  class space    used 7763K, committed 8256K, reserved 1048576K
}
Event: 231.364 GC heap after
{Heap after GC invocations=82 (full 0):
 garbage-first heap   total reserved 2017280K, committed 138240K, used 78848K [0x0000000084e00000, 0x0000000100000000)
  region size 1024K, 7 young (7168K), 7 survivors (7168K)
 Metaspace       used 63741K, committed 64768K, reserved 1114112K
  class space    used 7763K, committed 8256K, reserved 1048576K
}
Event: 231.911 GC heap before
{Heap before GC invocations=82 (full 0):
 garbage-first heap   total reserved 2017280K, committed 138240K, used 119808K [0x0000000084e00000, 0x0000000100000000)
  region size 1024K, 47 young (48128K), 7 survivors (7168K)
 Metaspace       used 63771K, committed 64768K, reserved 1114112K
  class space    used 7763K, committed 8256K, reserved 1048576K
}
Event: 231.947 GC heap after
{Heap after GC invocations=83 (full 0):
 garbage-first heap   total reserved 2017280K, committed 138240K, used 87040K [0x0000000084e00000, 0x0000000100000000)
  region size 1024K, 6 young (6144K), 6 survivors (6144K)
 Metaspace       used 63771K, committed 64768K, reserved 1114112K
  class space    used 7763K, committed 8256K, reserved 1048576K
}
Event: 232.992 GC heap before
{Heap before GC invocations=84 (full 0):
 garbage-first heap   total reserved 2017280K, committed 145408K, used 122880K [0x0000000084e00000, 0x0000000100000000)
  region size 1024K, 41 young (41984K), 6 survivors (6144K)
 Metaspace       used 63776K, committed 64768K, reserved 1114112K
  class space    used 7763K, committed 8256K, reserved 1048576K
}
Event: 233.017 GC heap after
{Heap after GC invocations=85 (full 0):
 garbage-first heap   total reserved 2017280K, committed 145408K, used 94046K [0x0000000084e00000, 0x0000000100000000)
  region size 1024K, 6 young (6144K), 6 survivors (6144K)
 Metaspace       used 63776K, committed 64768K, reserved 1114112K
  class space    used 7763K, committed 8256K, reserved 1048576K
}
Event: 233.675 GC heap before
{Heap before GC invocations=85 (full 0):
 garbage-first heap   total reserved 2017280K, committed 145408K, used 128862K [0x0000000084e00000, 0x0000000100000000)
  region size 1024K, 40 young (40960K), 6 survivors (6144K)
 Metaspace       used 63814K, committed 64832K, reserved 1114112K
  class space    used 7763K, committed 8256K, reserved 1048576K
}
Event: 233.700 GC heap after
{Heap after GC invocations=86 (full 0):
 garbage-first heap   total reserved 2017280K, committed 197632K, used 99328K [0x0000000084e00000, 0x0000000100000000)
  region size 1024K, 5 young (5120K), 5 survivors (5120K)
 Metaspace       used 63814K, committed 64832K, reserved 1114112K
  class space    used 7763K, committed 8256K, reserved 1048576K
}
Event: 234.401 GC heap before
{Heap before GC invocations=86 (full 0):
 garbage-first heap   total reserved 2017280K, committed 197632K, used 164864K [0x0000000084e00000, 0x0000000100000000)
  region size 1024K, 69 young (70656K), 5 survivors (5120K)
 Metaspace       used 63864K, committed 64832K, reserved 1114112K
  class space    used 7765K, committed 8256K, reserved 1048576K
}
Event: 234.427 GC heap after
{Heap after GC invocations=87 (full 0):
 garbage-first heap   total reserved 2017280K, committed 197632K, used 109300K [0x0000000084e00000, 0x0000000100000000)
  region size 1024K, 9 young (9216K), 9 survivors (9216K)
 Metaspace       used 63864K, committed 64832K, reserved 1114112K
  class space    used 7765K, committed 8256K, reserved 1048576K
}
Event: 235.088 GC heap before
{Heap before GC invocations=88 (full 0):
 garbage-first heap   total reserved 2017280K, committed 197632K, used 169716K [0x0000000084e00000, 0x0000000100000000)
  region size 1024K, 68 young (69632K), 9 survivors (9216K)
 Metaspace       used 63871K, committed 64832K, reserved 1114112K
  class space    used 7766K, committed 8256K, reserved 1048576K
}
Event: 235.120 GC heap after
{Heap after GC invocations=89 (full 0):
 garbage-first heap   total reserved 2017280K, committed 197632K, used 117248K [0x0000000084e00000, 0x0000000100000000)
  region size 1024K, 8 young (8192K), 8 survivors (8192K)
 Metaspace       used 63871K, committed 64832K, reserved 1114112K
  class space    used 7766K, committed 8256K, reserved 1048576K
}
Event: 235.668 GC heap before
{Heap before GC invocations=89 (full 0):
 garbage-first heap   total reserved 2017280K, committed 197632K, used 173568K [0x0000000084e00000, 0x0000000100000000)
  region size 1024K, 63 young (64512K), 8 survivors (8192K)
 Metaspace       used 63883K, committed 64896K, reserved 1114112K
  class space    used 7766K, committed 8256K, reserved 1048576K
}
Event: 235.705 GC heap after
{Heap after GC invocations=90 (full 0):
 garbage-first heap   total reserved 2017280K, committed 197632K, used 125314K [0x0000000084e00000, 0x0000000100000000)
  region size 1024K, 8 young (8192K), 8 survivors (8192K)
 Metaspace       used 63883K, committed 64896K, reserved 1114112K
  class space    used 7766K, committed 8256K, reserved 1048576K
}
Event: 236.206 GC heap before
{Heap before GC invocations=90 (full 0):
 garbage-first heap   total reserved 2017280K, committed 197632K, used 176514K [0x0000000084e00000, 0x0000000100000000)
  region size 1024K, 58 young (59392K), 8 survivors (8192K)
 Metaspace       used 63903K, committed 64896K, reserved 1114112K
  class space    used 7766K, committed 8256K, reserved 1048576K
}
Event: 236.251 GC heap after
{Heap after GC invocations=91 (full 0):
 garbage-first heap   total reserved 2017280K, committed 197632K, used 133120K [0x0000000084e00000, 0x0000000100000000)
  region size 1024K, 8 young (8192K), 8 survivors (8192K)
 Metaspace       used 63903K, committed 64896K, reserved 1114112K
  class space    used 7766K, committed 8256K, reserved 1048576K
}
Event: 236.727 GC heap before
{Heap before GC invocations=91 (full 0):
 garbage-first heap   total reserved 2017280K, committed 197632K, used 178176K [0x0000000084e00000, 0x0000000100000000)
  region size 1024K, 52 young (53248K), 8 survivors (8192K)
 Metaspace       used 63917K, committed 64960K, reserved 1114112K
  class space    used 7766K, committed 8256K, reserved 1048576K
}
Event: 236.754 GC heap after
{Heap after GC invocations=92 (full 0):
 garbage-first heap   total reserved 2017280K, committed 197632K, used 141255K [0x0000000084e00000, 0x0000000100000000)
  region size 1024K, 7 young (7168K), 7 survivors (7168K)
 Metaspace       used 63917K, committed 64960K, reserved 1114112K
  class space    used 7766K, committed 8256K, reserved 1048576K
}
Event: 237.518 GC heap before
{Heap before GC invocations=92 (full 0):
 garbage-first heap   total reserved 2017280K, committed 197632K, used 179143K [0x0000000084e00000, 0x0000000100000000)
  region size 1024K, 44 young (45056K), 7 survivors (7168K)
 Metaspace       used 63920K, committed 64960K, reserved 1114112K
  class space    used 7766K, committed 8256K, reserved 1048576K
}

