# JRE version: OpenJDK Runtime Environment Temurin-21.0.8+9 (21.0.8+9) (build 21.0.8+9-LTS)
# Java VM: OpenJDK 64-Bit Server VM Temurin-21.0.8+9 (21.0.8+9-LTS, mixed mode, sharing, tiered, compressed oops, compressed class ptrs, parallel gc, windows-amd64)
GC Precious Log:
 CardTable entry size: 512
 CPUs: 4 total, 4 available
 Memory: 7878M
 Large Page Support: Disabled
 NUMA Support: Disabled
 Compressed Oops: Enabled (32-bit)
 Alignments: Space 512K, Generation 512K, Heap 2M
 Heap Min Capacity: 100M
 Heap Initial Capacity: 100M
 Heap Max Capacity: 2G
 Pre-touch: Disabled
 Parallel Workers: 4
Heap:
 PSYoungGen      total 4096K, used 1250K [0x00000000d5580000, 0x00000000d5b80000, 0x0000000100000000)
  eden space 3584K, 33% used [0x00000000d5580000,0x00000000d56a88c8,0x00000000d5900000)
  from space 512K, 12% used [0x00000000d5b00000,0x00000000d5b10000,0x00000000d5b80000)
  to   space 512K, 0% used [0x00000000d5a80000,0x00000000d5a80000,0x00000000d5b00000)
 ParOldGen       total 117760K, used 117575K [0x0000000080000000, 0x0000000087300000, 0x00000000d5580000)
  object space 117760K, 99% used [0x0000000080000000,0x00000000872d1e00,0x0000000087300000)
 Metaspace       used 53147K, committed 54528K, reserved 1114112K
  class space    used 5577K, committed 6144K, reserved 1048576K
GC Heap History (20 events):
Event: 66.232 GC heap before
{Heap before GC invocations=150 (full 2):
 PSYoungGen      total 4096K, used 3936K [0x00000000d5580000, 0x00000000d5b80000, 0x0000000100000000)
  eden space 3584K, 100% used [0x00000000d5580000,0x00000000d5900000,0x00000000d5900000)
  from space 512K, 68% used [0x00000000d5a80000,0x00000000d5ad8000,0x00000000d5b00000)
  to   space 512K, 0% used [0x00000000d5b00000,0x00000000d5b00000,0x00000000d5b80000)
 ParOldGen       total 115200K, used 114794K [0x0000000080000000, 0x0000000087080000, 0x00000000d5580000)
  object space 115200K, 99% used [0x0000000080000000,0x000000008701a918,0x0000000087080000)
 Metaspace       used 52604K, committed 53824K, reserved 1114112K
  class space    used 5535K, committed 6016K, reserved 1048576K
}
Event: 66.233 GC heap after
{Heap after GC invocations=150 (full 2):
 PSYoungGen      total 4096K, used 379K [0x00000000d5580000, 0x00000000d5b80000, 0x0000000100000000)
  eden space 3584K, 0% used [0x00000000d5580000,0x00000000d5580000,0x00000000d5900000)
  from space 512K, 74% used [0x00000000d5b00000,0x00000000d5b5ec08,0x00000000d5b80000)
  to   space 512K, 0% used [0x00000000d5a80000,0x00000000d5a80000,0x00000000d5b00000)
 ParOldGen       total 115200K, used 115066K [0x0000000080000000, 0x0000000087080000, 0x00000000d5580000)
  object space 115200K, 99% used [0x0000000080000000,0x000000008705e918,0x0000000087080000)
 Metaspace       used 52604K, committed 53824K, reserved 1114112K
  class space    used 5535K, committed 6016K, reserved 1048576K
}
Event: 66.438 GC heap before
{Heap before GC invocations=151 (full 2):
 PSYoungGen      total 4096K, used 3963K [0x00000000d5580000, 0x00000000d5b80000, 0x0000000100000000)
  eden space 3584K, 100% used [0x00000000d5580000,0x00000000d5900000,0x00000000d5900000)
  from space 512K, 74% used [0x00000000d5b00000,0x00000000d5b5ec08,0x00000000d5b80000)
  to   space 512K, 0% used [0x00000000d5a80000,0x00000000d5a80000,0x00000000d5b00000)
 ParOldGen       total 115200K, used 115066K [0x0000000080000000, 0x0000000087080000, 0x00000000d5580000)
  object space 115200K, 99% used [0x0000000080000000,0x000000008705e918,0x0000000087080000)
 Metaspace       used 52607K, committed 53824K, reserved 1114112K
  class space    used 5535K, committed 6016K, reserved 1048576K
}
Event: 66.439 GC heap after
{Heap after GC invocations=151 (full 2):
 PSYoungGen      total 4096K, used 384K [0x00000000d5580000, 0x00000000d5b80000, 0x0000000100000000)
  eden space 3584K, 0% used [0x00000000d5580000,0x00000000d5580000,0x00000000d5900000)
  from space 512K, 75% used [0x00000000d5a80000,0x00000000d5ae0000,0x00000000d5b00000)
  to   space 512K, 0% used [0x00000000d5b00000,0x00000000d5b00000,0x00000000d5b80000)
 ParOldGen       total 115712K, used 115397K [0x0000000080000000, 0x0000000087100000, 0x00000000d5580000)
  object space 115712K, 99% used [0x0000000080000000,0x00000000870b1520,0x0000000087100000)
 Metaspace       used 52607K, committed 53824K, reserved 1114112K
  class space    used 5535K, committed 6016K, reserved 1048576K
}
Event: 67.892 GC heap before
{Heap before GC invocations=152 (full 2):
 PSYoungGen      total 4096K, used 3968K [0x00000000d5580000, 0x00000000d5b80000, 0x0000000100000000)
  eden space 3584K, 100% used [0x00000000d5580000,0x00000000d5900000,0x00000000d5900000)
  from space 512K, 75% used [0x00000000d5a80000,0x00000000d5ae0000,0x00000000d5b00000)
  to   space 512K, 0% used [0x00000000d5b00000,0x00000000d5b00000,0x00000000d5b80000)
 ParOldGen       total 115712K, used 115397K [0x0000000080000000, 0x0000000087100000, 0x00000000d5580000)
  object space 115712K, 99% used [0x0000000080000000,0x00000000870b1520,0x0000000087100000)
 Metaspace       used 52609K, committed 53824K, reserved 1114112K
  class space    used 5535K, committed 6016K, reserved 1048576K
}
Event: 67.895 GC heap after
{Heap after GC invocations=152 (full 2):
 PSYoungGen      total 4096K, used 256K [0x00000000d5580000, 0x00000000d5b80000, 0x0000000100000000)
  eden space 3584K, 0% used [0x00000000d5580000,0x00000000d5580000,0x00000000d5900000)
  from space 512K, 50% used [0x00000000d5b00000,0x00000000d5b40000,0x00000000d5b80000)
  to   space 512K, 0% used [0x00000000d5a80000,0x00000000d5a80000,0x00000000d5b00000)
 ParOldGen       total 115712K, used 115693K [0x0000000080000000, 0x0000000087100000, 0x00000000d5580000)
  object space 115712K, 99% used [0x0000000080000000,0x00000000870fb520,0x0000000087100000)
 Metaspace       used 52609K, committed 53824K, reserved 1114112K
  class space    used 5535K, committed 6016K, reserved 1048576K
}
Event: 67.956 GC heap before
{Heap before GC invocations=153 (full 2):
 PSYoungGen      total 4096K, used 3840K [0x00000000d5580000, 0x00000000d5b80000, 0x0000000100000000)
  eden space 3584K, 100% used [0x00000000d5580000,0x00000000d5900000,0x00000000d5900000)
  from space 512K, 50% used [0x00000000d5b00000,0x00000000d5b40000,0x00000000d5b80000)
  to   space 512K, 0% used [0x00000000d5a80000,0x00000000d5a80000,0x00000000d5b00000)
 ParOldGen       total 115712K, used 115693K [0x0000000080000000, 0x0000000087100000, 0x00000000d5580000)
  object space 115712K, 99% used [0x0000000080000000,0x00000000870fb520,0x0000000087100000)
 Metaspace       used 52609K, committed 53824K, reserved 1114112K
  class space    used 5535K, committed 6016K, reserved 1048576K
}
Event: 67.958 GC heap after
{Heap after GC invocations=153 (full 2):
 PSYoungGen      total 4096K, used 470K [0x00000000d5580000, 0x00000000d5b80000, 0x0000000100000000)
  eden space 3584K, 0% used [0x00000000d5580000,0x00000000d5580000,0x00000000d5900000)
  from space 512K, 91% used [0x00000000d5a80000,0x00000000d5af5808,0x00000000d5b00000)
  to   space 512K, 0% used [0x00000000d5b00000,0x00000000d5b00000,0x00000000d5b80000)
 ParOldGen       total 116224K, used 115893K [0x0000000080000000, 0x0000000087180000, 0x00000000d5580000)
  object space 116224K, 99% used [0x0000000080000000,0x000000008712d520,0x0000000087180000)
 Metaspace       used 52609K, committed 53824K, reserved 1114112K
  class space    used 5535K, committed 6016K, reserved 1048576K
}
Event: 68.624 GC heap before
{Heap before GC invocations=154 (full 2):
 PSYoungGen      total 4096K, used 4053K [0x00000000d5580000, 0x00000000d5b80000, 0x0000000100000000)
  eden space 3584K, 99% used [0x00000000d5580000,0x00000000d58fffd8,0x00000000d5900000)
  from space 512K, 91% used [0x00000000d5a80000,0x00000000d5af5808,0x00000000d5b00000)
  to   space 512K, 0% used [0x00000000d5b00000,0x00000000d5b00000,0x00000000d5b80000)
 ParOldGen       total 116224K, used 115893K [0x0000000080000000, 0x0000000087180000, 0x00000000d5580000)
  object space 116224K, 99% used [0x0000000080000000,0x000000008712d520,0x0000000087180000)
 Metaspace       used 52624K, committed 53888K, reserved 1114112K
  class space    used 5535K, committed 6016K, reserved 1048576K
}
Event: 68.626 GC heap after
{Heap after GC invocations=154 (full 2):
 PSYoungGen      total 4096K, used 192K [0x00000000d5580000, 0x00000000d5b80000, 0x0000000100000000)
  eden space 3584K, 0% used [0x00000000d5580000,0x00000000d5580000,0x00000000d5900000)
  from space 512K, 37% used [0x00000000d5b00000,0x00000000d5b30000,0x00000000d5b80000)
  to   space 512K, 0% used [0x00000000d5a80000,0x00000000d5a80000,0x00000000d5b00000)
 ParOldGen       total 116736K, used 116307K [0x0000000080000000, 0x0000000087200000, 0x00000000d5580000)
  object space 116736K, 99% used [0x0000000080000000,0x0000000087194d28,0x0000000087200000)
 Metaspace       used 52624K, committed 53888K, reserved 1114112K
  class space    used 5535K, committed 6016K, reserved 1048576K
}
Event: 68.868 GC heap before
{Heap before GC invocations=155 (full 2):
 PSYoungGen      total 4096K, used 3776K [0x00000000d5580000, 0x00000000d5b80000, 0x0000000100000000)
  eden space 3584K, 100% used [0x00000000d5580000,0x00000000d5900000,0x00000000d5900000)
  from space 512K, 37% used [0x00000000d5b00000,0x00000000d5b30000,0x00000000d5b80000)
  to   space 512K, 0% used [0x00000000d5a80000,0x00000000d5a80000,0x00000000d5b00000)
 ParOldGen       total 116736K, used 116307K [0x0000000080000000, 0x0000000087200000, 0x00000000d5580000)
  object space 116736K, 99% used [0x0000000080000000,0x0000000087194d28,0x0000000087200000)
 Metaspace       used 52632K, committed 53888K, reserved 1114112K
  class space    used 5535K, committed 6016K, reserved 1048576K
}
Event: 68.870 GC heap after
{Heap after GC invocations=155 (full 2):
 PSYoungGen      total 4096K, used 384K [0x00000000d5580000, 0x00000000d5b80000, 0x0000000100000000)
  eden space 3584K, 0% used [0x00000000d5580000,0x00000000d5580000,0x00000000d5900000)
  from space 512K, 75% used [0x00000000d5a80000,0x00000000d5ae0000,0x00000000d5b00000)
  to   space 512K, 0% used [0x00000000d5b00000,0x00000000d5b00000,0x00000000d5b80000)
 ParOldGen       total 116736K, used 116443K [0x0000000080000000, 0x0000000087200000, 0x00000000d5580000)
  object space 116736K, 99% used [0x0000000080000000,0x00000000871b6d28,0x0000000087200000)
 Metaspace       used 52632K, committed 53888K, reserved 1114112K
  class space    used 5535K, committed 6016K, reserved 1048576K
}
Event: 70.535 GC heap before
{Heap before GC invocations=156 (full 2):
 PSYoungGen      total 4096K, used 3968K [0x00000000d5580000, 0x00000000d5b80000, 0x0000000100000000)
  eden space 3584K, 100% used [0x00000000d5580000,0x00000000d5900000,0x00000000d5900000)
  from space 512K, 75% used [0x00000000d5a80000,0x00000000d5ae0000,0x00000000d5b00000)
  to   space 512K, 0% used [0x00000000d5b00000,0x00000000d5b00000,0x00000000d5b80000)
 ParOldGen       total 116736K, used 116443K [0x0000000080000000, 0x0000000087200000, 0x00000000d5580000)
  object space 116736K, 99% used [0x0000000080000000,0x00000000871b6d28,0x0000000087200000)
 Metaspace       used 52663K, committed 53888K, reserved 1114112K
  class space    used 5536K, committed 6016K, reserved 1048576K
}
Event: 70.536 GC heap after
{Heap after GC invocations=156 (full 2):
 PSYoungGen      total 4096K, used 224K [0x00000000d5580000, 0x00000000d5b80000, 0x0000000100000000)
  eden space 3584K, 0% used [0x00000000d5580000,0x00000000d5580000,0x00000000d5900000)
  from space 512K, 43% used [0x00000000d5b00000,0x00000000d5b38000,0x00000000d5b80000)
  to   space 512K, 0% used [0x00000000d5a80000,0x00000000d5a80000,0x00000000d5b00000)
 ParOldGen       total 116736K, used 116723K [0x0000000080000000, 0x0000000087200000, 0x00000000d5580000)
  object space 116736K, 99% used [0x0000000080000000,0x00000000871fcd28,0x0000000087200000)
 Metaspace       used 52663K, committed 53888K, reserved 1114112K
  class space    used 5536K, committed 6016K, reserved 1048576K
}
Event: 70.615 GC heap before
{Heap before GC invocations=157 (full 2):
 PSYoungGen      total 4096K, used 3808K [0x00000000d5580000, 0x00000000d5b80000, 0x0000000100000000)
  eden space 3584K, 100% used [0x00000000d5580000,0x00000000d5900000,0x00000000d5900000)
  from space 512K, 43% used [0x00000000d5b00000,0x00000000d5b38000,0x00000000d5b80000)
  to   space 512K, 0% used [0x00000000d5a80000,0x00000000d5a80000,0x00000000d5b00000)
 ParOldGen       total 116736K, used 116723K [0x0000000080000000, 0x0000000087200000, 0x00000000d5580000)
  object space 116736K, 99% used [0x0000000080000000,0x00000000871fcd28,0x0000000087200000)
 Metaspace       used 52711K, committed 53952K, reserved 1114112K
  class space    used 5540K, committed 6016K, reserved 1048576K
}
Event: 70.617 GC heap after
{Heap after GC invocations=157 (full 2):
 PSYoungGen      total 4096K, used 384K [0x00000000d5580000, 0x00000000d5b80000, 0x0000000100000000)
  eden space 3584K, 0% used [0x00000000d5580000,0x00000000d5580000,0x00000000d5900000)
  from space 512K, 75% used [0x00000000d5a80000,0x00000000d5ae0000,0x00000000d5b00000)
  to   space 512K, 0% used [0x00000000d5b00000,0x00000000d5b00000,0x00000000d5b80000)
 ParOldGen       total 117248K, used 116883K [0x0000000080000000, 0x0000000087280000, 0x00000000d5580000)
  object space 117248K, 99% used [0x0000000080000000,0x0000000087224d28,0x0000000087280000)
 Metaspace       used 52711K, committed 53952K, reserved 1114112K
  class space    used 5540K, committed 6016K, reserved 1048576K
}
Event: 70.690 GC heap before
{Heap before GC invocations=158 (full 2):
 PSYoungGen      total 4096K, used 3967K [0x00000000d5580000, 0x00000000d5b80000, 0x0000000100000000)
  eden space 3584K, 99% used [0x00000000d5580000,0x00000000d58ffff0,0x00000000d5900000)
  from space 512K, 75% used [0x00000000d5a80000,0x00000000d5ae0000,0x00000000d5b00000)
  to   space 512K, 0% used [0x00000000d5b00000,0x00000000d5b00000,0x00000000d5b80000)
 ParOldGen       total 117248K, used 116883K [0x0000000080000000, 0x0000000087280000, 0x00000000d5580000)
  object space 117248K, 99% used [0x0000000080000000,0x0000000087224d28,0x0000000087280000)
 Metaspace       used 52868K, committed 54144K, reserved 1114112K
  class space    used 5554K, committed 6080K, reserved 1048576K
}
Event: 70.695 GC heap after
{Heap after GC invocations=158 (full 2):
 PSYoungGen      total 4096K, used 416K [0x00000000d5580000, 0x00000000d5b80000, 0x0000000100000000)
  eden space 3584K, 0% used [0x00000000d5580000,0x00000000d5580000,0x00000000d5900000)
  from space 512K, 81% used [0x00000000d5b00000,0x00000000d5b68000,0x00000000d5b80000)
  to   space 512K, 0% used [0x00000000d5a80000,0x00000000d5a80000,0x00000000d5b00000)
 ParOldGen       total 117248K, used 117219K [0x0000000080000000, 0x0000000087280000, 0x00000000d5580000)
  object space 117248K, 99% used [0x0000000080000000,0x0000000087278d28,0x0000000087280000)
 Metaspace       used 52868K, committed 54144K, reserved 1114112K
  class space    used 5554K, committed 6080K, reserved 1048576K
}
Event: 71.596 GC heap before
{Heap before GC invocations=159 (full 2):
 PSYoungGen      total 4096K, used 3999K [0x00000000d5580000, 0x00000000d5b80000, 0x0000000100000000)
  eden space 3584K, 99% used [0x00000000d5580000,0x00000000d58fffe8,0x00000000d5900000)
  from space 512K, 81% used [0x00000000d5b00000,0x00000000d5b68000,0x00000000d5b80000)
  to   space 512K, 0% used [0x00000000d5a80000,0x00000000d5a80000,0x00000000d5b00000)
 ParOldGen       total 117248K, used 117219K [0x0000000080000000, 0x0000000087280000, 0x00000000d5580000)
  object space 117248K, 99% used [0x0000000080000000,0x0000000087278d28,0x0000000087280000)
 Metaspace       used 53141K, committed 54464K, reserved 1114112K
  class space    used 5577K, committed 6144K, reserved 1048576K
}
Event: 71.597 GC heap after
{Heap after GC invocations=159 (full 2):
 PSYoungGen      total 4096K, used 128K [0x00000000d5580000, 0x00000000d5b80000, 0x0000000100000000)
  eden space 3584K, 0% used [0x00000000d5580000,0x00000000d5580000,0x00000000d5900000)
  from space 512K, 25% used [0x00000000d5a80000,0x00000000d5aa0000,0x00000000d5b00000)
  to   space 512K, 0% used [0x00000000d5b00000,0x00000000d5b00000,0x00000000d5b80000)
 ParOldGen       total 117760K, used 117519K [0x0000000080000000, 0x0000000087300000, 0x00000000d5580000)
  object space 117760K, 99% used [0x0000000080000000,0x00000000872c3e00,0x0000000087300000)
 Metaspace       used 53141K, committed 54464K, reserved 1114112K
  class space    used 5577K, committed 6144K, reserved 1048576K
}

