# JRE version: OpenJDK Runtime Environment Temurin-21.0.8+9 (21.0.8+9) (build 21.0.8+9-LTS)
# Java VM: OpenJDK 64-Bit Server VM Temurin-21.0.8+9 (21.0.8+9-LTS, mixed mode, sharing, tiered, compressed oops, compressed class ptrs, parallel gc, windows-amd64)
GC Precious Log:
 CardTable entry size: 512
 CPUs: 4 total, 4 available
 Memory: 7878M
 Large Page Support: Disabled
 NUMA Support: Disabled
 Compressed Oops: Enabled (32-bit)
 Alignments: Space 512K, Generation 512K, Heap 2M
 Heap Min Capacity: 100M
 Heap Initial Capacity: 100M
 Heap Max Capacity: 2G
 Pre-touch: Disabled
 Parallel Workers: 4
Heap:
 PSYoungGen      total 23552K, used 5184K [0x00000000d5580000, 0x00000000d7300000, 0x0000000100000000)
  eden space 22016K, 16% used [0x00000000d5580000,0x00000000d59113d8,0x00000000d6b00000)
  from space 1536K, 99% used [0x00000000d6b80000,0x00000000d6cfeda0,0x00000000d6d00000)
  to   space 4096K, 0% used [0x00000000d6f00000,0x00000000d6f00000,0x00000000d7300000)
 ParOldGen       total 68608K, used 17433K [0x0000000080000000, 0x0000000084300000, 0x00000000d5580000)
  object space 68608K, 25% used [0x0000000080000000,0x0000000081106708,0x0000000084300000)
 Metaspace       used 27804K, committed 28672K, reserved 1114112K
  class space    used 2735K, committed 3136K, reserved 1048576K
GC Heap History (20 events):
Event: 5.124 GC heap before
{Heap before GC invocations=3 (full 0):
 PSYoungGen      total 29696K, used 29626K [0x00000000d5580000, 0x00000000d7680000, 0x0000000100000000)
  eden space 25600K, 99% used [0x00000000d5580000,0x00000000d6e755a0,0x00000000d6e80000)
  from space 4096K, 99% used [0x00000000d7280000,0x00000000d7679540,0x00000000d7680000)
  to   space 4096K, 0% used [0x00000000d6e80000,0x00000000d6e80000,0x00000000d7280000)
 ParOldGen       total 68608K, used 1735K [0x0000000080000000, 0x0000000084300000, 0x00000000d5580000)
  object space 68608K, 2% used [0x0000000080000000,0x00000000801b1ed8,0x0000000084300000)
 Metaspace       used 9343K, committed 9664K, reserved 1114112K
  class space    used 995K, committed 1152K, reserved 1048576K
}
Event: 5.133 GC heap after
{Heap after GC invocations=3 (full 0):
 PSYoungGen      total 29696K, used 4085K [0x00000000d5580000, 0x00000000d7680000, 0x0000000100000000)
  eden space 25600K, 0% used [0x00000000d5580000,0x00000000d5580000,0x00000000d6e80000)
  from space 4096K, 99% used [0x00000000d6e80000,0x00000000d727d608,0x00000000d7280000)
  to   space 4096K, 0% used [0x00000000d7280000,0x00000000d7280000,0x00000000d7680000)
 ParOldGen       total 68608K, used 5086K [0x0000000080000000, 0x0000000084300000, 0x00000000d5580000)
  object space 68608K, 7% used [0x0000000080000000,0x00000000804f7b30,0x0000000084300000)
 Metaspace       used 9343K, committed 9664K, reserved 1114112K
  class space    used 995K, committed 1152K, reserved 1048576K
}
Event: 6.185 GC heap before
{Heap before GC invocations=4 (full 0):
 PSYoungGen      total 29696K, used 29685K [0x00000000d5580000, 0x00000000d7680000, 0x0000000100000000)
  eden space 25600K, 100% used [0x00000000d5580000,0x00000000d6e80000,0x00000000d6e80000)
  from space 4096K, 99% used [0x00000000d6e80000,0x00000000d727d608,0x00000000d7280000)
  to   space 4096K, 0% used [0x00000000d7280000,0x00000000d7280000,0x00000000d7680000)
 ParOldGen       total 68608K, used 5086K [0x0000000080000000, 0x0000000084300000, 0x00000000d5580000)
  object space 68608K, 7% used [0x0000000080000000,0x00000000804f7b30,0x0000000084300000)
 Metaspace       used 12122K, committed 12480K, reserved 1114112K
  class space    used 1289K, committed 1472K, reserved 1048576K
}
Event: 6.196 GC heap after
{Heap after GC invocations=4 (full 0):
 PSYoungGen      total 29696K, used 4094K [0x00000000d5580000, 0x00000000d7680000, 0x0000000100000000)
  eden space 25600K, 0% used [0x00000000d5580000,0x00000000d5580000,0x00000000d6e80000)
  from space 4096K, 99% used [0x00000000d7280000,0x00000000d767f868,0x00000000d7680000)
  to   space 4096K, 0% used [0x00000000d6e80000,0x00000000d6e80000,0x00000000d7280000)
 ParOldGen       total 68608K, used 6787K [0x0000000080000000, 0x0000000084300000, 0x00000000d5580000)
  object space 68608K, 9% used [0x0000000080000000,0x00000000806a0dc8,0x0000000084300000)
 Metaspace       used 12122K, committed 12480K, reserved 1114112K
  class space    used 1289K, committed 1472K, reserved 1048576K
}
Event: 7.206 GC heap before
{Heap before GC invocations=5 (full 0):
 PSYoungGen      total 29696K, used 29694K [0x00000000d5580000, 0x00000000d7680000, 0x0000000100000000)
  eden space 25600K, 100% used [0x00000000d5580000,0x00000000d6e80000,0x00000000d6e80000)
  from space 4096K, 99% used [0x00000000d7280000,0x00000000d767f868,0x00000000d7680000)
  to   space 4096K, 0% used [0x00000000d6e80000,0x00000000d6e80000,0x00000000d7280000)
 ParOldGen       total 68608K, used 6787K [0x0000000080000000, 0x0000000084300000, 0x00000000d5580000)
  object space 68608K, 9% used [0x0000000080000000,0x00000000806a0dc8,0x0000000084300000)
 Metaspace       used 15427K, committed 16064K, reserved 1114112K
  class space    used 1580K, committed 1856K, reserved 1048576K
}
Event: 7.214 GC heap after
{Heap after GC invocations=5 (full 0):
 PSYoungGen      total 29184K, used 4095K [0x00000000d5580000, 0x00000000d7a00000, 0x0000000100000000)
  eden space 25088K, 0% used [0x00000000d5580000,0x00000000d5580000,0x00000000d6e00000)
  from space 4096K, 99% used [0x00000000d6e80000,0x00000000d727fcc8,0x00000000d7280000)
  to   space 6144K, 0% used [0x00000000d7400000,0x00000000d7400000,0x00000000d7a00000)
 ParOldGen       total 68608K, used 8087K [0x0000000080000000, 0x0000000084300000, 0x00000000d5580000)
  object space 68608K, 11% used [0x0000000080000000,0x00000000807e5c70,0x0000000084300000)
 Metaspace       used 15427K, committed 16064K, reserved 1114112K
  class space    used 1580K, committed 1856K, reserved 1048576K
}
Event: 9.474 GC heap before
{Heap before GC invocations=6 (full 0):
 PSYoungGen      total 29184K, used 29183K [0x00000000d5580000, 0x00000000d7a00000, 0x0000000100000000)
  eden space 25088K, 100% used [0x00000000d5580000,0x00000000d6e00000,0x00000000d6e00000)
  from space 4096K, 99% used [0x00000000d6e80000,0x00000000d727fcc8,0x00000000d7280000)
  to   space 6144K, 0% used [0x00000000d7400000,0x00000000d7400000,0x00000000d7a00000)
 ParOldGen       total 68608K, used 8087K [0x0000000080000000, 0x0000000084300000, 0x00000000d5580000)
  object space 68608K, 11% used [0x0000000080000000,0x00000000807e5c70,0x0000000084300000)
 Metaspace       used 17692K, committed 18368K, reserved 1114112K
  class space    used 1825K, committed 2112K, reserved 1048576K
}
Event: 9.485 GC heap after
{Heap after GC invocations=6 (full 0):
 PSYoungGen      total 28672K, used 6129K [0x00000000d5580000, 0x00000000d7e80000, 0x0000000100000000)
  eden space 22528K, 0% used [0x00000000d5580000,0x00000000d5580000,0x00000000d6b80000)
  from space 6144K, 99% used [0x00000000d7400000,0x00000000d79fc400,0x00000000d7a00000)
  to   space 8704K, 0% used [0x00000000d6b80000,0x00000000d6b80000,0x00000000d7400000)
 ParOldGen       total 68608K, used 9751K [0x0000000080000000, 0x0000000084300000, 0x00000000d5580000)
  object space 68608K, 14% used [0x0000000080000000,0x0000000080985c70,0x0000000084300000)
 Metaspace       used 17692K, committed 18368K, reserved 1114112K
  class space    used 1825K, committed 2112K, reserved 1048576K
}
Event: 10.083 GC heap before
{Heap before GC invocations=7 (full 0):
 PSYoungGen      total 28672K, used 28657K [0x00000000d5580000, 0x00000000d7e80000, 0x0000000100000000)
  eden space 22528K, 100% used [0x00000000d5580000,0x00000000d6b80000,0x00000000d6b80000)
  from space 6144K, 99% used [0x00000000d7400000,0x00000000d79fc400,0x00000000d7a00000)
  to   space 8704K, 0% used [0x00000000d6b80000,0x00000000d6b80000,0x00000000d7400000)
 ParOldGen       total 68608K, used 9751K [0x0000000080000000, 0x0000000084300000, 0x00000000d5580000)
  object space 68608K, 14% used [0x0000000080000000,0x0000000080985c70,0x0000000084300000)
 Metaspace       used 19589K, committed 20352K, reserved 1114112K
  class space    used 2032K, committed 2304K, reserved 1048576K
}
Event: 10.096 GC heap after
{Heap after GC invocations=7 (full 0):
 PSYoungGen      total 27136K, used 4668K [0x00000000d5580000, 0x00000000d7700000, 0x0000000100000000)
  eden space 22016K, 0% used [0x00000000d5580000,0x00000000d5580000,0x00000000d6b00000)
  from space 5120K, 91% used [0x00000000d6b80000,0x00000000d700f3d0,0x00000000d7080000)
  to   space 6144K, 0% used [0x00000000d7100000,0x00000000d7100000,0x00000000d7700000)
 ParOldGen       total 68608K, used 11352K [0x0000000080000000, 0x0000000084300000, 0x00000000d5580000)
  object space 68608K, 16% used [0x0000000080000000,0x0000000080b161f0,0x0000000084300000)
 Metaspace       used 19589K, committed 20352K, reserved 1114112K
  class space    used 2032K, committed 2304K, reserved 1048576K
}
Event: 10.381 GC heap before
{Heap before GC invocations=8 (full 0):
 PSYoungGen      total 27136K, used 12770K [0x00000000d5580000, 0x00000000d7700000, 0x0000000100000000)
  eden space 22016K, 36% used [0x00000000d5580000,0x00000000d5d696c0,0x00000000d6b00000)
  from space 5120K, 91% used [0x00000000d6b80000,0x00000000d700f3d0,0x00000000d7080000)
  to   space 6144K, 0% used [0x00000000d7100000,0x00000000d7100000,0x00000000d7700000)
 ParOldGen       total 68608K, used 11352K [0x0000000080000000, 0x0000000084300000, 0x00000000d5580000)
  object space 68608K, 16% used [0x0000000080000000,0x0000000080b161f0,0x0000000084300000)
 Metaspace       used 20730K, committed 21504K, reserved 1114112K
  class space    used 2163K, committed 2496K, reserved 1048576K
}
Event: 10.392 GC heap after
{Heap after GC invocations=8 (full 0):
 PSYoungGen      total 27136K, used 4823K [0x00000000d5580000, 0x00000000d7600000, 0x0000000100000000)
  eden space 22016K, 0% used [0x00000000d5580000,0x00000000d5580000,0x00000000d6b00000)
  from space 5120K, 94% used [0x00000000d7100000,0x00000000d75b5d10,0x00000000d7600000)
  to   space 5120K, 0% used [0x00000000d6b80000,0x00000000d6b80000,0x00000000d7080000)
 ParOldGen       total 68608K, used 11747K [0x0000000080000000, 0x0000000084300000, 0x00000000d5580000)
  object space 68608K, 17% used [0x0000000080000000,0x0000000080b78ea8,0x0000000084300000)
 Metaspace       used 20730K, committed 21504K, reserved 1114112K
  class space    used 2163K, committed 2496K, reserved 1048576K
}
Event: 10.392 GC heap before
{Heap before GC invocations=9 (full 1):
 PSYoungGen      total 27136K, used 4823K [0x00000000d5580000, 0x00000000d7600000, 0x0000000100000000)
  eden space 22016K, 0% used [0x00000000d5580000,0x00000000d5580000,0x00000000d6b00000)
  from space 5120K, 94% used [0x00000000d7100000,0x00000000d75b5d10,0x00000000d7600000)
  to   space 5120K, 0% used [0x00000000d6b80000,0x00000000d6b80000,0x00000000d7080000)
 ParOldGen       total 68608K, used 11747K [0x0000000080000000, 0x0000000084300000, 0x00000000d5580000)
  object space 68608K, 17% used [0x0000000080000000,0x0000000080b78ea8,0x0000000084300000)
 Metaspace       used 20730K, committed 21504K, reserved 1114112K
  class space    used 2163K, committed 2496K, reserved 1048576K
}
Event: 10.480 GC heap after
{Heap after GC invocations=9 (full 1):
 PSYoungGen      total 27136K, used 0K [0x00000000d5580000, 0x00000000d7600000, 0x0000000100000000)
  eden space 22016K, 0% used [0x00000000d5580000,0x00000000d5580000,0x00000000d6b00000)
  from space 5120K, 0% used [0x00000000d7100000,0x00000000d7100000,0x00000000d7600000)
  to   space 5120K, 0% used [0x00000000d6b80000,0x00000000d6b80000,0x00000000d7080000)
 ParOldGen       total 68608K, used 15612K [0x0000000080000000, 0x0000000084300000, 0x00000000d5580000)
  object space 68608K, 22% used [0x0000000080000000,0x0000000080f3f358,0x0000000084300000)
 Metaspace       used 20717K, committed 21504K, reserved 1114112K
  class space    used 2159K, committed 2496K, reserved 1048576K
}
Event: 10.844 GC heap before
{Heap before GC invocations=10 (full 1):
 PSYoungGen      total 27136K, used 21751K [0x00000000d5580000, 0x00000000d7600000, 0x0000000100000000)
  eden space 22016K, 98% used [0x00000000d5580000,0x00000000d6abdc58,0x00000000d6b00000)
  from space 5120K, 0% used [0x00000000d7100000,0x00000000d7100000,0x00000000d7600000)
  to   space 5120K, 0% used [0x00000000d6b80000,0x00000000d6b80000,0x00000000d7080000)
 ParOldGen       total 68608K, used 15612K [0x0000000080000000, 0x0000000084300000, 0x00000000d5580000)
  object space 68608K, 22% used [0x0000000080000000,0x0000000080f3f358,0x0000000084300000)
 Metaspace       used 22546K, committed 23360K, reserved 1114112K
  class space    used 2300K, committed 2688K, reserved 1048576K
}
Event: 10.846 GC heap after
{Heap after GC invocations=10 (full 1):
 PSYoungGen      total 23552K, used 1257K [0x00000000d5580000, 0x00000000d7180000, 0x0000000100000000)
  eden space 22016K, 0% used [0x00000000d5580000,0x00000000d5580000,0x00000000d6b00000)
  from space 1536K, 81% used [0x00000000d6b80000,0x00000000d6cba450,0x00000000d6d00000)
  to   space 3072K, 0% used [0x00000000d6e80000,0x00000000d6e80000,0x00000000d7180000)
 ParOldGen       total 68608K, used 15620K [0x0000000080000000, 0x0000000084300000, 0x00000000d5580000)
  object space 68608K, 22% used [0x0000000080000000,0x0000000080f41358,0x0000000084300000)
 Metaspace       used 22546K, committed 23360K, reserved 1114112K
  class space    used 2300K, committed 2688K, reserved 1048576K
}
Event: 11.290 GC heap before
{Heap before GC invocations=11 (full 1):
 PSYoungGen      total 23552K, used 23273K [0x00000000d5580000, 0x00000000d7180000, 0x0000000100000000)
  eden space 22016K, 100% used [0x00000000d5580000,0x00000000d6b00000,0x00000000d6b00000)
  from space 1536K, 81% used [0x00000000d6b80000,0x00000000d6cba450,0x00000000d6d00000)
  to   space 3072K, 0% used [0x00000000d6e80000,0x00000000d6e80000,0x00000000d7180000)
 ParOldGen       total 68608K, used 15620K [0x0000000080000000, 0x0000000084300000, 0x00000000d5580000)
  object space 68608K, 22% used [0x0000000080000000,0x0000000080f41358,0x0000000084300000)
 Metaspace       used 25963K, committed 26752K, reserved 1114112K
  class space    used 2549K, committed 2880K, reserved 1048576K
}
Event: 11.292 GC heap after
{Heap after GC invocations=11 (full 1):
 PSYoungGen      total 23552K, used 1223K [0x00000000d5580000, 0x00000000d7000000, 0x0000000100000000)
  eden space 22016K, 0% used [0x00000000d5580000,0x00000000d5580000,0x00000000d6b00000)
  from space 1536K, 79% used [0x00000000d6e80000,0x00000000d6fb1d20,0x00000000d7000000)
  to   space 1536K, 0% used [0x00000000d6b80000,0x00000000d6b80000,0x00000000d6d00000)
 ParOldGen       total 68608K, used 15628K [0x0000000080000000, 0x0000000084300000, 0x00000000d5580000)
  object space 68608K, 22% used [0x0000000080000000,0x0000000080f43358,0x0000000084300000)
 Metaspace       used 25963K, committed 26752K, reserved 1114112K
  class space    used 2549K, committed 2880K, reserved 1048576K
}
Event: 11.698 GC heap before
{Heap before GC invocations=12 (full 1):
 PSYoungGen      total 23552K, used 23239K [0x00000000d5580000, 0x00000000d7000000, 0x0000000100000000)
  eden space 22016K, 100% used [0x00000000d5580000,0x00000000d6b00000,0x00000000d6b00000)
  from space 1536K, 79% used [0x00000000d6e80000,0x00000000d6fb1d20,0x00000000d7000000)
  to   space 1536K, 0% used [0x00000000d6b80000,0x00000000d6b80000,0x00000000d6d00000)
 ParOldGen       total 68608K, used 15628K [0x0000000080000000, 0x0000000084300000, 0x00000000d5580000)
  object space 68608K, 22% used [0x0000000080000000,0x0000000080f43358,0x0000000084300000)
 Metaspace       used 27588K, committed 28480K, reserved 1114112K
  class space    used 2705K, committed 3072K, reserved 1048576K
}
Event: 11.704 GC heap after
{Heap after GC invocations=12 (full 1):
 PSYoungGen      total 23552K, used 1531K [0x00000000d5580000, 0x00000000d7300000, 0x0000000100000000)
  eden space 22016K, 0% used [0x00000000d5580000,0x00000000d5580000,0x00000000d6b00000)
  from space 1536K, 99% used [0x00000000d6b80000,0x00000000d6cfeda0,0x00000000d6d00000)
  to   space 4096K, 0% used [0x00000000d6f00000,0x00000000d6f00000,0x00000000d7300000)
 ParOldGen       total 68608K, used 17433K [0x0000000080000000, 0x0000000084300000, 0x00000000d5580000)
  object space 68608K, 25% used [0x0000000080000000,0x0000000081106708,0x0000000084300000)
 Metaspace       used 27588K, committed 28480K, reserved 1114112K
  class space    used 2705K, committed 3072K, reserved 1048576K
}

