# JRE version: OpenJDK Runtime Environment (22.0.2+9) (build 22.0.2+9-70)
# Java VM: OpenJDK 64-Bit Server VM (22.0.2+9-70, mixed mode, sharing, tiered, compressed oops, compressed class ptrs, g1 gc, windows-amd64)
GC Precious Log:
 CardTable entry size: 512
 Card Set container configuration: InlinePtr #cards 5 size 8 Array Of Cards #cards 12 size 40 Howl #buckets 4 coarsen threshold 1843 Howl Bitmap #cards 512 size 80 coarsen threshold 460 Card regions per heap region 1 cards per card region 2048
 CPUs: 4 total, 4 available
 Memory: 7878M
 Large Page Support: Disabled
 NUMA Support: Disabled
 Compressed Oops: Enabled (32-bit)
 Heap Region Size: 1M
 Heap Min Capacity: 8M
 Heap Initial Capacity: 124M
 Heap Max Capacity: 1970M
 Pre-touch: Disabled
 Parallel Workers: 4
 Concurrent Workers: 1
 Concurrent Refinement Workers: 4
 Periodic GC: Disabled
Heap:
 garbage-first heap   total reserved 2017280K, committed 225280K, used 121684K [0x0000000084e00000, 0x0000000100000000)
  region size 1024K, 59 young (60416K), 4 survivors (4096K)
 Metaspace       used 71149K, committed 71936K, reserved 1114112K
  class space    used 8080K, committed 8448K, reserved 1048576K
GC Heap History (20 events):
Event: 3518.641 GC heap before
{Heap before GC invocations=283 (full 0):
 garbage-first heap   total reserved 2017280K, committed 225280K, used 197653K [0x0000000084e00000, 0x0000000100000000)
  region size 1024K, 132 young (135168K), 4 survivors (4096K)
 Metaspace       used 70832K, committed 71488K, reserved 1114112K
  class space    used 8056K, committed 8384K, reserved 1048576K
}
Event: 3518.647 GC heap after
{Heap after GC invocations=284 (full 0):
 garbage-first heap   total reserved 2017280K, committed 225280K, used 66700K [0x0000000084e00000, 0x0000000100000000)
  region size 1024K, 4 young (4096K), 4 survivors (4096K)
 Metaspace       used 70832K, committed 71488K, reserved 1114112K
  class space    used 8056K, committed 8384K, reserved 1048576K
}
Event: 3523.693 GC heap before
{Heap before GC invocations=285 (full 0):
 garbage-first heap   total reserved 2017280K, committed 225280K, used 197772K [0x0000000084e00000, 0x0000000100000000)
  region size 1024K, 132 young (135168K), 4 survivors (4096K)
 Metaspace       used 70832K, committed 71488K, reserved 1114112K
  class space    used 8056K, committed 8384K, reserved 1048576K
}
Event: 3523.700 GC heap after
{Heap after GC invocations=286 (full 0):
 garbage-first heap   total reserved 2017280K, committed 225280K, used 66864K [0x0000000084e00000, 0x0000000100000000)
  region size 1024K, 4 young (4096K), 4 survivors (4096K)
 Metaspace       used 70832K, committed 71488K, reserved 1114112K
  class space    used 8056K, committed 8384K, reserved 1048576K
}
Event: 3526.085 GC heap before
{Heap before GC invocations=286 (full 0):
 garbage-first heap   total reserved 2017280K, committed 225280K, used 197936K [0x0000000084e00000, 0x0000000100000000)
  region size 1024K, 132 young (135168K), 4 survivors (4096K)
 Metaspace       used 70832K, committed 71488K, reserved 1114112K
  class space    used 8056K, committed 8384K, reserved 1048576K
}
Event: 3526.094 GC heap after
{Heap after GC invocations=287 (full 0):
 garbage-first heap   total reserved 2017280K, committed 225280K, used 66630K [0x0000000084e00000, 0x0000000100000000)
  region size 1024K, 4 young (4096K), 4 survivors (4096K)
 Metaspace       used 70832K, committed 71488K, reserved 1114112K
  class space    used 8056K, committed 8384K, reserved 1048576K
}
Event: 3529.776 GC heap before
{Heap before GC invocations=287 (full 0):
 garbage-first heap   total reserved 2017280K, committed 225280K, used 197702K [0x0000000084e00000, 0x0000000100000000)
  region size 1024K, 132 young (135168K), 4 survivors (4096K)
 Metaspace       used 70832K, committed 71488K, reserved 1114112K
  class space    used 8056K, committed 8384K, reserved 1048576K
}
Event: 3529.782 GC heap after
{Heap after GC invocations=288 (full 0):
 garbage-first heap   total reserved 2017280K, committed 225280K, used 66642K [0x0000000084e00000, 0x0000000100000000)
  region size 1024K, 4 young (4096K), 4 survivors (4096K)
 Metaspace       used 70832K, committed 71488K, reserved 1114112K
  class space    used 8056K, committed 8384K, reserved 1048576K
}
Event: 3534.081 GC heap before
{Heap before GC invocations=289 (full 0):
 garbage-first heap   total reserved 2017280K, committed 225280K, used 197714K [0x0000000084e00000, 0x0000000100000000)
  region size 1024K, 132 young (135168K), 4 survivors (4096K)
 Metaspace       used 70832K, committed 71488K, reserved 1114112K
  class space    used 8056K, committed 8384K, reserved 1048576K
}
Event: 3534.086 GC heap after
{Heap after GC invocations=290 (full 0):
 garbage-first heap   total reserved 2017280K, committed 225280K, used 66362K [0x0000000084e00000, 0x0000000100000000)
  region size 1024K, 4 young (4096K), 4 survivors (4096K)
 Metaspace       used 70832K, committed 71488K, reserved 1114112K
  class space    used 8056K, committed 8384K, reserved 1048576K
}
Event: 3538.524 GC heap before
{Heap before GC invocations=290 (full 0):
 garbage-first heap   total reserved 2017280K, committed 225280K, used 197434K [0x0000000084e00000, 0x0000000100000000)
  region size 1024K, 132 young (135168K), 4 survivors (4096K)
 Metaspace       used 71026K, committed 71744K, reserved 1114112K
  class space    used 8056K, committed 8384K, reserved 1048576K
}
Event: 3538.540 GC heap after
{Heap after GC invocations=291 (full 0):
 garbage-first heap   total reserved 2017280K, committed 225280K, used 66509K [0x0000000084e00000, 0x0000000100000000)
  region size 1024K, 4 young (4096K), 4 survivors (4096K)
 Metaspace       used 71026K, committed 71744K, reserved 1114112K
  class space    used 8056K, committed 8384K, reserved 1048576K
}
Event: 3542.841 GC heap before
{Heap before GC invocations=291 (full 0):
 garbage-first heap   total reserved 2017280K, committed 225280K, used 197581K [0x0000000084e00000, 0x0000000100000000)
  region size 1024K, 132 young (135168K), 4 survivors (4096K)
 Metaspace       used 71026K, committed 71744K, reserved 1114112K
  class space    used 8056K, committed 8384K, reserved 1048576K
}
Event: 3542.847 GC heap after
{Heap after GC invocations=292 (full 0):
 garbage-first heap   total reserved 2017280K, committed 225280K, used 66188K [0x0000000084e00000, 0x0000000100000000)
  region size 1024K, 4 young (4096K), 4 survivors (4096K)
 Metaspace       used 71026K, committed 71744K, reserved 1114112K
  class space    used 8056K, committed 8384K, reserved 1048576K
}
Event: 3546.856 GC heap before
{Heap before GC invocations=293 (full 0):
 garbage-first heap   total reserved 2017280K, committed 225280K, used 197260K [0x0000000084e00000, 0x0000000100000000)
  region size 1024K, 132 young (135168K), 4 survivors (4096K)
 Metaspace       used 71026K, committed 71744K, reserved 1114112K
  class space    used 8056K, committed 8384K, reserved 1048576K
}
Event: 3546.861 GC heap after
{Heap after GC invocations=294 (full 0):
 garbage-first heap   total reserved 2017280K, committed 225280K, used 66339K [0x0000000084e00000, 0x0000000100000000)
  region size 1024K, 4 young (4096K), 4 survivors (4096K)
 Metaspace       used 71026K, committed 71744K, reserved 1114112K
  class space    used 8056K, committed 8384K, reserved 1048576K
}
Event: 3551.254 GC heap before
{Heap before GC invocations=294 (full 0):
 garbage-first heap   total reserved 2017280K, committed 225280K, used 197411K [0x0000000084e00000, 0x0000000100000000)
  region size 1024K, 132 young (135168K), 4 survivors (4096K)
 Metaspace       used 71026K, committed 71744K, reserved 1114112K
  class space    used 8056K, committed 8384K, reserved 1048576K
}
Event: 3551.265 GC heap after
{Heap after GC invocations=295 (full 0):
 garbage-first heap   total reserved 2017280K, committed 225280K, used 66453K [0x0000000084e00000, 0x0000000100000000)
  region size 1024K, 4 young (4096K), 4 survivors (4096K)
 Metaspace       used 71026K, committed 71744K, reserved 1114112K
  class space    used 8056K, committed 8384K, reserved 1048576K
}
Event: 3555.199 GC heap before
{Heap before GC invocations=295 (full 0):
 garbage-first heap   total reserved 2017280K, committed 225280K, used 197525K [0x0000000084e00000, 0x0000000100000000)
  region size 1024K, 132 young (135168K), 4 survivors (4096K)
 Metaspace       used 71026K, committed 71744K, reserved 1114112K
  class space    used 8056K, committed 8384K, reserved 1048576K
}
Event: 3555.204 GC heap after
{Heap after GC invocations=296 (full 0):
 garbage-first heap   total reserved 2017280K, committed 225280K, used 66388K [0x0000000084e00000, 0x0000000100000000)
  region size 1024K, 4 young (4096K), 4 survivors (4096K)
 Metaspace       used 71026K, committed 71744K, reserved 1114112K
  class space    used 8056K, committed 8384K, reserved 1048576K
}

