# JRE version: OpenJDK Runtime Environment Temurin-21.0.8+9 (21.0.8+9) (build 21.0.8+9-LTS)
# Java VM: OpenJDK 64-Bit Server VM Temurin-21.0.8+9 (21.0.8+9-LTS, mixed mode, sharing, tiered, compressed oops, compressed class ptrs, parallel gc, windows-amd64)
GC Precious Log:
 CardTable entry size: 512
 CPUs: 4 total, 4 available
 Memory: 7878M
 Large Page Support: Disabled
 NUMA Support: Disabled
 Compressed Oops: Enabled (32-bit)
 Alignments: Space 512K, Generation 512K, Heap 2M
 Heap Min Capacity: 100M
 Heap Initial Capacity: 100M
 Heap Max Capacity: 2G
 Pre-touch: Disabled
 Parallel Workers: 4
Heap:
 PSYoungGen      total 5120K, used 557K [0x00000000d5580000, 0x00000000d5e00000, 0x0000000100000000)
  eden space 4608K, 6% used [0x00000000d5580000,0x00000000d55cb760,0x00000000d5a00000)
  from space 512K, 50% used [0x00000000d5d80000,0x00000000d5dc0010,0x00000000d5e00000)
  to   space 512K, 0% used [0x00000000d5a00000,0x00000000d5a00000,0x00000000d5a80000)
 ParOldGen       total 200704K, used 200253K [0x0000000080000000, 0x000000008c400000, 0x00000000d5580000)
  object space 200704K, 99% used [0x0000000080000000,0x000000008c38f580,0x000000008c400000)
 Metaspace       used 64537K, committed 65920K, reserved 1114112K
  class space    used 7313K, committed 7936K, reserved 1048576K
GC Heap History (20 events):
Event: 60.807 GC heap before
{Heap before GC invocations=962 (full 3):
 PSYoungGen      total 4608K, used 4558K [0x00000000d5580000, 0x00000000d5d00000, 0x0000000100000000)
  eden space 2560K, 100% used [0x00000000d5580000,0x00000000d5800000,0x00000000d5800000)
  from space 2048K, 97% used [0x00000000d5b00000,0x00000000d5cf3a00,0x00000000d5d00000)
  to   space 2560K, 0% used [0x00000000d5800000,0x00000000d5800000,0x00000000d5a80000)
 ParOldGen       total 178688K, used 178388K [0x0000000080000000, 0x000000008ae80000, 0x00000000d5580000)
  object space 178688K, 99% used [0x0000000080000000,0x000000008ae352c0,0x000000008ae80000)
 Metaspace       used 64100K, committed 65344K, reserved 1114112K
  class space    used 7269K, committed 7808K, reserved 1048576K
}
Event: 60.812 GC heap after
{Heap after GC invocations=962 (full 3):
 PSYoungGen      total 5120K, used 2500K [0x00000000d5580000, 0x00000000d5e80000, 0x0000000100000000)
  eden space 2560K, 0% used [0x00000000d5580000,0x00000000d5580000,0x00000000d5800000)
  from space 2560K, 97% used [0x00000000d5800000,0x00000000d5a71080,0x00000000d5a80000)
  to   space 3072K, 0% used [0x00000000d5b80000,0x00000000d5b80000,0x00000000d5e80000)
 ParOldGen       total 180736K, used 180360K [0x0000000080000000, 0x000000008b080000, 0x00000000d5580000)
  object space 180736K, 99% used [0x0000000080000000,0x000000008b0222e8,0x000000008b080000)
 Metaspace       used 64100K, committed 65344K, reserved 1114112K
  class space    used 7269K, committed 7808K, reserved 1048576K
}
Event: 60.821 GC heap before
{Heap before GC invocations=963 (full 3):
 PSYoungGen      total 5120K, used 5060K [0x00000000d5580000, 0x00000000d5e80000, 0x0000000100000000)
  eden space 2560K, 99% used [0x00000000d5580000,0x00000000d57ffff8,0x00000000d5800000)
  from space 2560K, 97% used [0x00000000d5800000,0x00000000d5a71080,0x00000000d5a80000)
  to   space 3072K, 0% used [0x00000000d5b80000,0x00000000d5b80000,0x00000000d5e80000)
 ParOldGen       total 180736K, used 180360K [0x0000000080000000, 0x000000008b080000, 0x00000000d5580000)
  object space 180736K, 99% used [0x0000000080000000,0x000000008b0222e8,0x000000008b080000)
 Metaspace       used 64100K, committed 65344K, reserved 1114112K
  class space    used 7269K, committed 7808K, reserved 1048576K
}
Event: 60.829 GC heap after
{Heap after GC invocations=963 (full 3):
 PSYoungGen      total 5632K, used 2496K [0x00000000d5580000, 0x00000000d5e00000, 0x0000000100000000)
  eden space 3072K, 0% used [0x00000000d5580000,0x00000000d5580000,0x00000000d5880000)
  from space 2560K, 97% used [0x00000000d5b80000,0x00000000d5df0000,0x00000000d5e00000)
  to   space 2560K, 0% used [0x00000000d5900000,0x00000000d5900000,0x00000000d5b80000)
 ParOldGen       total 183296K, used 182844K [0x0000000080000000, 0x000000008b300000, 0x00000000d5580000)
  object space 183296K, 99% used [0x0000000080000000,0x000000008b28f368,0x000000008b300000)
 Metaspace       used 64100K, committed 65344K, reserved 1114112K
  class space    used 7269K, committed 7808K, reserved 1048576K
}
Event: 60.850 GC heap before
{Heap before GC invocations=964 (full 3):
 PSYoungGen      total 5632K, used 5568K [0x00000000d5580000, 0x00000000d5e00000, 0x0000000100000000)
  eden space 3072K, 100% used [0x00000000d5580000,0x00000000d5880000,0x00000000d5880000)
  from space 2560K, 97% used [0x00000000d5b80000,0x00000000d5df0000,0x00000000d5e00000)
  to   space 2560K, 0% used [0x00000000d5900000,0x00000000d5900000,0x00000000d5b80000)
 ParOldGen       total 183296K, used 182844K [0x0000000080000000, 0x000000008b300000, 0x00000000d5580000)
  object space 183296K, 99% used [0x0000000080000000,0x000000008b28f368,0x000000008b300000)
 Metaspace       used 64100K, committed 65344K, reserved 1114112K
  class space    used 7269K, committed 7808K, reserved 1048576K
}
Event: 60.856 GC heap after
{Heap after GC invocations=964 (full 3):
 PSYoungGen      total 6144K, used 2554K [0x00000000d5580000, 0x00000000d6580000, 0x0000000100000000)
  eden space 3584K, 0% used [0x00000000d5580000,0x00000000d5580000,0x00000000d5900000)
  from space 2560K, 99% used [0x00000000d5900000,0x00000000d5b7ea28,0x00000000d5b80000)
  to   space 6144K, 0% used [0x00000000d5f80000,0x00000000d5f80000,0x00000000d6580000)
 ParOldGen       total 185856K, used 185706K [0x0000000080000000, 0x000000008b580000, 0x00000000d5580000)
  object space 185856K, 99% used [0x0000000080000000,0x000000008b55ab60,0x000000008b580000)
 Metaspace       used 64100K, committed 65344K, reserved 1114112K
  class space    used 7269K, committed 7808K, reserved 1048576K
}
Event: 60.904 GC heap before
{Heap before GC invocations=965 (full 3):
 PSYoungGen      total 6144K, used 6138K [0x00000000d5580000, 0x00000000d6580000, 0x0000000100000000)
  eden space 3584K, 100% used [0x00000000d5580000,0x00000000d5900000,0x00000000d5900000)
  from space 2560K, 99% used [0x00000000d5900000,0x00000000d5b7ea28,0x00000000d5b80000)
  to   space 6144K, 0% used [0x00000000d5f80000,0x00000000d5f80000,0x00000000d6580000)
 ParOldGen       total 185856K, used 185706K [0x0000000080000000, 0x000000008b580000, 0x00000000d5580000)
  object space 185856K, 99% used [0x0000000080000000,0x000000008b55ab60,0x000000008b580000)
 Metaspace       used 64110K, committed 65344K, reserved 1114112K
  class space    used 7269K, committed 7808K, reserved 1048576K
}
Event: 60.910 GC heap after
{Heap after GC invocations=965 (full 3):
 PSYoungGen      total 8192K, used 3392K [0x00000000d5580000, 0x00000000d6300000, 0x0000000100000000)
  eden space 4608K, 0% used [0x00000000d5580000,0x00000000d5580000,0x00000000d5a00000)
  from space 3584K, 94% used [0x00000000d5f80000,0x00000000d62d00f0,0x00000000d6300000)
  to   space 4608K, 0% used [0x00000000d5a00000,0x00000000d5a00000,0x00000000d5e80000)
 ParOldGen       total 188416K, used 188255K [0x0000000080000000, 0x000000008b800000, 0x00000000d5580000)
  object space 188416K, 99% used [0x0000000080000000,0x000000008b7d7ee8,0x000000008b800000)
 Metaspace       used 64110K, committed 65344K, reserved 1114112K
  class space    used 7269K, committed 7808K, reserved 1048576K
}
Event: 60.996 GC heap before
{Heap before GC invocations=966 (full 3):
 PSYoungGen      total 8192K, used 8000K [0x00000000d5580000, 0x00000000d6300000, 0x0000000100000000)
  eden space 4608K, 100% used [0x00000000d5580000,0x00000000d5a00000,0x00000000d5a00000)
  from space 3584K, 94% used [0x00000000d5f80000,0x00000000d62d00f0,0x00000000d6300000)
  to   space 4608K, 0% used [0x00000000d5a00000,0x00000000d5a00000,0x00000000d5e80000)
 ParOldGen       total 188416K, used 188255K [0x0000000080000000, 0x000000008b800000, 0x00000000d5580000)
  object space 188416K, 99% used [0x0000000080000000,0x000000008b7d7ee8,0x000000008b800000)
 Metaspace       used 64138K, committed 65408K, reserved 1114112K
  class space    used 7269K, committed 7808K, reserved 1048576K
}
Event: 61.003 GC heap after
{Heap after GC invocations=966 (full 3):
 PSYoungGen      total 9216K, used 4446K [0x00000000d5580000, 0x00000000d6400000, 0x0000000100000000)
  eden space 4608K, 0% used [0x00000000d5580000,0x00000000d5580000,0x00000000d5a00000)
  from space 4608K, 96% used [0x00000000d5a00000,0x00000000d5e57a70,0x00000000d5e80000)
  to   space 5120K, 0% used [0x00000000d5f00000,0x00000000d5f00000,0x00000000d6400000)
 ParOldGen       total 192000K, used 191605K [0x0000000080000000, 0x000000008bb80000, 0x00000000d5580000)
  object space 192000K, 99% used [0x0000000080000000,0x000000008bb1d780,0x000000008bb80000)
 Metaspace       used 64138K, committed 65408K, reserved 1114112K
  class space    used 7269K, committed 7808K, reserved 1048576K
}
Event: 61.694 GC heap before
{Heap before GC invocations=967 (full 3):
 PSYoungGen      total 9216K, used 9054K [0x00000000d5580000, 0x00000000d6400000, 0x0000000100000000)
  eden space 4608K, 99% used [0x00000000d5580000,0x00000000d59ffec8,0x00000000d5a00000)
  from space 4608K, 96% used [0x00000000d5a00000,0x00000000d5e57a70,0x00000000d5e80000)
  to   space 5120K, 0% used [0x00000000d5f00000,0x00000000d5f00000,0x00000000d6400000)
 ParOldGen       total 192000K, used 191605K [0x0000000080000000, 0x000000008bb80000, 0x00000000d5580000)
  object space 192000K, 99% used [0x0000000080000000,0x000000008bb1d780,0x000000008bb80000)
 Metaspace       used 64145K, committed 65408K, reserved 1114112K
  class space    used 7269K, committed 7808K, reserved 1048576K
}
Event: 61.700 GC heap after
{Heap after GC invocations=967 (full 3):
 PSYoungGen      total 8704K, used 3948K [0x00000000d5580000, 0x00000000d6300000, 0x0000000100000000)
  eden space 4608K, 0% used [0x00000000d5580000,0x00000000d5580000,0x00000000d5a00000)
  from space 4096K, 96% used [0x00000000d5f00000,0x00000000d62db0f0,0x00000000d6300000)
  to   space 4608K, 0% used [0x00000000d5a00000,0x00000000d5a00000,0x00000000d5e80000)
 ParOldGen       total 196096K, used 196041K [0x0000000080000000, 0x000000008bf80000, 0x00000000d5580000)
  object space 196096K, 99% used [0x0000000080000000,0x000000008bf726a0,0x000000008bf80000)
 Metaspace       used 64145K, committed 65408K, reserved 1114112K
  class space    used 7269K, committed 7808K, reserved 1048576K
}
Event: 317.250 GC heap before
{Heap before GC invocations=968 (full 3):
 PSYoungGen      total 8704K, used 8556K [0x00000000d5580000, 0x00000000d6300000, 0x0000000100000000)
  eden space 4608K, 100% used [0x00000000d5580000,0x00000000d5a00000,0x00000000d5a00000)
  from space 4096K, 96% used [0x00000000d5f00000,0x00000000d62db0f0,0x00000000d6300000)
  to   space 4608K, 0% used [0x00000000d5a00000,0x00000000d5a00000,0x00000000d5e80000)
 ParOldGen       total 196096K, used 196041K [0x0000000080000000, 0x000000008bf80000, 0x00000000d5580000)
  object space 196096K, 99% used [0x0000000080000000,0x000000008bf726a0,0x000000008bf80000)
 Metaspace       used 64252K, committed 65600K, reserved 1114112K
  class space    used 7286K, committed 7872K, reserved 1048576K
}
Event: 317.262 GC heap after
{Heap after GC invocations=968 (full 3):
 PSYoungGen      total 5120K, used 288K [0x00000000d5580000, 0x00000000d5f80000, 0x0000000100000000)
  eden space 4608K, 0% used [0x00000000d5580000,0x00000000d5580000,0x00000000d5a00000)
  from space 512K, 56% used [0x00000000d5a00000,0x00000000d5a48000,0x00000000d5a80000)
  to   space 2048K, 0% used [0x00000000d5d80000,0x00000000d5d80000,0x00000000d5f80000)
 ParOldGen       total 200192K, used 199965K [0x0000000080000000, 0x000000008c380000, 0x00000000d5580000)
  object space 200192K, 99% used [0x0000000080000000,0x000000008c347580,0x000000008c380000)
 Metaspace       used 64252K, committed 65600K, reserved 1114112K
  class space    used 7286K, committed 7872K, reserved 1048576K
}
Event: 436.700 GC heap before
{Heap before GC invocations=969 (full 3):
 PSYoungGen      total 5120K, used 4896K [0x00000000d5580000, 0x00000000d5f80000, 0x0000000100000000)
  eden space 4608K, 100% used [0x00000000d5580000,0x00000000d5a00000,0x00000000d5a00000)
  from space 512K, 56% used [0x00000000d5a00000,0x00000000d5a48000,0x00000000d5a80000)
  to   space 2048K, 0% used [0x00000000d5d80000,0x00000000d5d80000,0x00000000d5f80000)
 ParOldGen       total 200192K, used 199965K [0x0000000080000000, 0x000000008c380000, 0x00000000d5580000)
  object space 200192K, 99% used [0x0000000080000000,0x000000008c347580,0x000000008c380000)
 Metaspace       used 64473K, committed 65792K, reserved 1114112K
  class space    used 7313K, committed 7936K, reserved 1048576K
}
Event: 436.703 GC heap after
{Heap after GC invocations=969 (full 3):
 PSYoungGen      total 5120K, used 128K [0x00000000d5580000, 0x00000000d5e00000, 0x0000000100000000)
  eden space 4608K, 0% used [0x00000000d5580000,0x00000000d5580000,0x00000000d5a00000)
  from space 512K, 25% used [0x00000000d5d80000,0x00000000d5da0000,0x00000000d5e00000)
  to   space 512K, 0% used [0x00000000d5a00000,0x00000000d5a00000,0x00000000d5a80000)
 ParOldGen       total 200192K, used 200189K [0x0000000080000000, 0x000000008c380000, 0x00000000d5580000)
  object space 200192K, 99% used [0x0000000080000000,0x000000008c37f580,0x000000008c380000)
 Metaspace       used 64473K, committed 65792K, reserved 1114112K
  class space    used 7313K, committed 7936K, reserved 1048576K
}
Event: 600.966 GC heap before
{Heap before GC invocations=970 (full 3):
 PSYoungGen      total 5120K, used 4736K [0x00000000d5580000, 0x00000000d5e00000, 0x0000000100000000)
  eden space 4608K, 100% used [0x00000000d5580000,0x00000000d5a00000,0x00000000d5a00000)
  from space 512K, 25% used [0x00000000d5d80000,0x00000000d5da0000,0x00000000d5e00000)
  to   space 512K, 0% used [0x00000000d5a00000,0x00000000d5a00000,0x00000000d5a80000)
 ParOldGen       total 200192K, used 200189K [0x0000000080000000, 0x000000008c380000, 0x00000000d5580000)
  object space 200192K, 99% used [0x0000000080000000,0x000000008c37f580,0x000000008c380000)
 Metaspace       used 64476K, committed 65856K, reserved 1114112K
  class space    used 7313K, committed 7936K, reserved 1048576K
}
Event: 600.969 GC heap after
{Heap after GC invocations=970 (full 3):
 PSYoungGen      total 5120K, used 96K [0x00000000d5580000, 0x00000000d5e00000, 0x0000000100000000)
  eden space 4608K, 0% used [0x00000000d5580000,0x00000000d5580000,0x00000000d5a00000)
  from space 512K, 18% used [0x00000000d5a00000,0x00000000d5a18000,0x00000000d5a80000)
  to   space 512K, 0% used [0x00000000d5d80000,0x00000000d5d80000,0x00000000d5e00000)
 ParOldGen       total 200704K, used 200245K [0x0000000080000000, 0x000000008c400000, 0x00000000d5580000)
  object space 200704K, 99% used [0x0000000080000000,0x000000008c38d580,0x000000008c400000)
 Metaspace       used 64476K, committed 65856K, reserved 1114112K
  class space    used 7313K, committed 7936K, reserved 1048576K
}
Event: 2115.853 GC heap before
{Heap before GC invocations=971 (full 3):
 PSYoungGen      total 5120K, used 4704K [0x00000000d5580000, 0x00000000d5e00000, 0x0000000100000000)
  eden space 4608K, 100% used [0x00000000d5580000,0x00000000d5a00000,0x00000000d5a00000)
  from space 512K, 18% used [0x00000000d5a00000,0x00000000d5a18000,0x00000000d5a80000)
  to   space 512K, 0% used [0x00000000d5d80000,0x00000000d5d80000,0x00000000d5e00000)
 ParOldGen       total 200704K, used 200245K [0x0000000080000000, 0x000000008c400000, 0x00000000d5580000)
  object space 200704K, 99% used [0x0000000080000000,0x000000008c38d580,0x000000008c400000)
 Metaspace       used 64509K, committed 65920K, reserved 1114112K
  class space    used 7313K, committed 7936K, reserved 1048576K
}
Event: 2115.892 GC heap after
{Heap after GC invocations=971 (full 3):
 PSYoungGen      total 5120K, used 256K [0x00000000d5580000, 0x00000000d5e00000, 0x0000000100000000)
  eden space 4608K, 0% used [0x00000000d5580000,0x00000000d5580000,0x00000000d5a00000)
  from space 512K, 50% used [0x00000000d5d80000,0x00000000d5dc0010,0x00000000d5e00000)
  to   space 512K, 0% used [0x00000000d5a00000,0x00000000d5a00000,0x00000000d5a80000)
 ParOldGen       total 200704K, used 200253K [0x0000000080000000, 0x000000008c400000, 0x00000000d5580000)
  object space 200704K, 99% used [0x0000000080000000,0x000000008c38f580,0x000000008c400000)
 Metaspace       used 64509K, committed 65920K, reserved 1114112K
  class space    used 7313K, committed 7936K, reserved 1048576K
}

