# JRE version: OpenJDK Runtime Environment Temurin-21.0.8+9 (21.0.8+9) (build 21.0.8+9-LTS)
# Java VM: OpenJDK 64-Bit Server VM Temurin-21.0.8+9 (21.0.8+9-LTS, mixed mode, sharing, tiered, compressed oops, compressed class ptrs, parallel gc, windows-amd64)
GC Precious Log:
 CardTable entry size: 512
 CPUs: 4 total, 4 available
 Memory: 7878M
 Large Page Support: Disabled
 NUMA Support: Disabled
 Compressed Oops: Enabled (32-bit)
 Alignments: Space 512K, Generation 512K, Heap 2M
 Heap Min Capacity: 100M
 Heap Initial Capacity: 100M
 Heap Max Capacity: 2G
 Pre-touch: Disabled
 Parallel Workers: 4
Heap:
 PSYoungGen      total 7168K, used 4752K [0x00000000d5580000, 0x00000000d5e80000, 0x0000000100000000)
  eden space 5120K, 92% used [0x00000000d5580000,0x00000000d5a241c8,0x00000000d5a80000)
  from space 2048K, 0% used [0x00000000d5a80000,0x00000000d5a80000,0x00000000d5c80000)
  to   space 2048K, 0% used [0x00000000d5c80000,0x00000000d5c80000,0x00000000d5e80000)
 ParOldGen       total 330240K, used 318868K [0x0000000080000000, 0x0000000094280000, 0x00000000d5580000)
  object space 330240K, 96% used [0x0000000080000000,0x0000000093765090,0x0000000094280000)
 Metaspace       used 52552K, committed 53760K, reserved 1114112K
  class space    used 5649K, committed 6208K, reserved 1048576K
GC Heap History (20 events):
Event: 71.145 GC heap before
{Heap before GC invocations=538 (full 3):
 PSYoungGen      total 4096K, used 4042K [0x00000000d5580000, 0x00000000d5b00000, 0x0000000100000000)
  eden space 3072K, 99% used [0x00000000d5580000,0x00000000d587f278,0x00000000d5880000)
  from space 1024K, 95% used [0x00000000d5a00000,0x00000000d5af3730,0x00000000d5b00000)
  to   space 1024K, 0% used [0x00000000d5900000,0x00000000d5900000,0x00000000d5a00000)
 ParOldGen       total 315904K, used 315703K [0x0000000080000000, 0x0000000093480000, 0x00000000d5580000)
  object space 315904K, 99% used [0x0000000080000000,0x000000009344de78,0x0000000093480000)
 Metaspace       used 52544K, committed 53760K, reserved 1114112K
  class space    used 5649K, committed 6208K, reserved 1048576K
}
Event: 71.147 GC heap after
{Heap after GC invocations=538 (full 3):
 PSYoungGen      total 4608K, used 1016K [0x00000000d5580000, 0x00000000d5c80000, 0x0000000100000000)
  eden space 3584K, 0% used [0x00000000d5580000,0x00000000d5580000,0x00000000d5900000)
  from space 1024K, 99% used [0x00000000d5900000,0x00000000d59fe0a0,0x00000000d5a00000)
  to   space 1536K, 0% used [0x00000000d5b00000,0x00000000d5b00000,0x00000000d5c80000)
 ParOldGen       total 316928K, used 316875K [0x0000000080000000, 0x0000000093580000, 0x00000000d5580000)
  object space 316928K, 99% used [0x0000000080000000,0x0000000093572e18,0x0000000093580000)
 Metaspace       used 52544K, committed 53760K, reserved 1114112K
  class space    used 5649K, committed 6208K, reserved 1048576K
}
Event: 71.157 GC heap before
{Heap before GC invocations=539 (full 3):
 PSYoungGen      total 4608K, used 4553K [0x00000000d5580000, 0x00000000d5c80000, 0x0000000100000000)
  eden space 3584K, 98% used [0x00000000d5580000,0x00000000d58f4478,0x00000000d5900000)
  from space 1024K, 99% used [0x00000000d5900000,0x00000000d59fe0a0,0x00000000d5a00000)
  to   space 1536K, 0% used [0x00000000d5b00000,0x00000000d5b00000,0x00000000d5c80000)
 ParOldGen       total 316928K, used 316875K [0x0000000080000000, 0x0000000093580000, 0x00000000d5580000)
  object space 316928K, 99% used [0x0000000080000000,0x0000000093572e18,0x0000000093580000)
 Metaspace       used 52544K, committed 53760K, reserved 1114112K
  class space    used 5649K, committed 6208K, reserved 1048576K
}
Event: 71.159 GC heap after
{Heap after GC invocations=539 (full 3):
 PSYoungGen      total 5632K, used 1351K [0x00000000d5580000, 0x00000000d5d00000, 0x0000000100000000)
  eden space 4096K, 0% used [0x00000000d5580000,0x00000000d5580000,0x00000000d5980000)
  from space 1536K, 88% used [0x00000000d5b00000,0x00000000d5c51f90,0x00000000d5c80000)
  to   space 1536K, 0% used [0x00000000d5980000,0x00000000d5980000,0x00000000d5b00000)
 ParOldGen       total 317952K, used 317770K [0x0000000080000000, 0x0000000093680000, 0x00000000d5580000)
  object space 317952K, 99% used [0x0000000080000000,0x0000000093652bb0,0x0000000093680000)
 Metaspace       used 52544K, committed 53760K, reserved 1114112K
  class space    used 5649K, committed 6208K, reserved 1048576K
}
Event: 71.172 GC heap before
{Heap before GC invocations=540 (full 3):
 PSYoungGen      total 5632K, used 5400K [0x00000000d5580000, 0x00000000d5d00000, 0x0000000100000000)
  eden space 4096K, 98% used [0x00000000d5580000,0x00000000d5974438,0x00000000d5980000)
  from space 1536K, 88% used [0x00000000d5b00000,0x00000000d5c51f90,0x00000000d5c80000)
  to   space 1536K, 0% used [0x00000000d5980000,0x00000000d5980000,0x00000000d5b00000)
 ParOldGen       total 317952K, used 317770K [0x0000000080000000, 0x0000000093680000, 0x00000000d5580000)
  object space 317952K, 99% used [0x0000000080000000,0x0000000093652bb0,0x0000000093680000)
 Metaspace       used 52544K, committed 53760K, reserved 1114112K
  class space    used 5649K, committed 6208K, reserved 1048576K
}
Event: 71.174 GC heap after
{Heap after GC invocations=540 (full 3):
 PSYoungGen      total 5632K, used 1529K [0x00000000d5580000, 0x00000000d5e80000, 0x0000000100000000)
  eden space 4096K, 0% used [0x00000000d5580000,0x00000000d5580000,0x00000000d5980000)
  from space 1536K, 99% used [0x00000000d5980000,0x00000000d5afe6f8,0x00000000d5b00000)
  to   space 2048K, 0% used [0x00000000d5c80000,0x00000000d5c80000,0x00000000d5e80000)
 ParOldGen       total 319488K, used 319085K [0x0000000080000000, 0x0000000093800000, 0x00000000d5580000)
  object space 319488K, 99% used [0x0000000080000000,0x000000009379b5e0,0x0000000093800000)
 Metaspace       used 52544K, committed 53760K, reserved 1114112K
  class space    used 5649K, committed 6208K, reserved 1048576K
}
Event: 71.215 GC heap before
{Heap before GC invocations=541 (full 3):
 PSYoungGen      total 5632K, used 5625K [0x00000000d5580000, 0x00000000d5e80000, 0x0000000100000000)
  eden space 4096K, 100% used [0x00000000d5580000,0x00000000d5980000,0x00000000d5980000)
  from space 1536K, 99% used [0x00000000d5980000,0x00000000d5afe6f8,0x00000000d5b00000)
  to   space 2048K, 0% used [0x00000000d5c80000,0x00000000d5c80000,0x00000000d5e80000)
 ParOldGen       total 319488K, used 319085K [0x0000000080000000, 0x0000000093800000, 0x00000000d5580000)
  object space 319488K, 99% used [0x0000000080000000,0x000000009379b5e0,0x0000000093800000)
 Metaspace       used 52544K, committed 53760K, reserved 1114112K
  class space    used 5649K, committed 6208K, reserved 1048576K
}
Event: 71.218 GC heap after
{Heap after GC invocations=541 (full 3):
 PSYoungGen      total 6144K, used 1743K [0x00000000d5580000, 0x00000000d5e80000, 0x0000000100000000)
  eden space 4096K, 0% used [0x00000000d5580000,0x00000000d5580000,0x00000000d5980000)
  from space 2048K, 85% used [0x00000000d5c80000,0x00000000d5e33d60,0x00000000d5e80000)
  to   space 2048K, 0% used [0x00000000d5a80000,0x00000000d5a80000,0x00000000d5c80000)
 ParOldGen       total 321024K, used 320577K [0x0000000080000000, 0x0000000093980000, 0x00000000d5580000)
  object space 321024K, 99% used [0x0000000080000000,0x0000000093910798,0x0000000093980000)
 Metaspace       used 52544K, committed 53760K, reserved 1114112K
  class space    used 5649K, committed 6208K, reserved 1048576K
}
Event: 71.229 GC heap before
{Heap before GC invocations=542 (full 3):
 PSYoungGen      total 6144K, used 5795K [0x00000000d5580000, 0x00000000d5e80000, 0x0000000100000000)
  eden space 4096K, 98% used [0x00000000d5580000,0x00000000d5975050,0x00000000d5980000)
  from space 2048K, 85% used [0x00000000d5c80000,0x00000000d5e33d60,0x00000000d5e80000)
  to   space 2048K, 0% used [0x00000000d5a80000,0x00000000d5a80000,0x00000000d5c80000)
 ParOldGen       total 321024K, used 320577K [0x0000000080000000, 0x0000000093980000, 0x00000000d5580000)
  object space 321024K, 99% used [0x0000000080000000,0x0000000093910798,0x0000000093980000)
 Metaspace       used 52544K, committed 53760K, reserved 1114112K
  class space    used 5649K, committed 6208K, reserved 1048576K
}
Event: 71.232 GC heap after
{Heap after GC invocations=542 (full 3):
 PSYoungGen      total 7168K, used 1825K [0x00000000d5580000, 0x00000000d5e80000, 0x0000000100000000)
  eden space 5120K, 0% used [0x00000000d5580000,0x00000000d5580000,0x00000000d5a80000)
  from space 2048K, 89% used [0x00000000d5a80000,0x00000000d5c487f0,0x00000000d5c80000)
  to   space 2048K, 0% used [0x00000000d5c80000,0x00000000d5c80000,0x00000000d5e80000)
 ParOldGen       total 322560K, used 322259K [0x0000000080000000, 0x0000000093b00000, 0x00000000d5580000)
  object space 322560K, 99% used [0x0000000080000000,0x0000000093ab4ce8,0x0000000093b00000)
 Metaspace       used 52544K, committed 53760K, reserved 1114112K
  class space    used 5649K, committed 6208K, reserved 1048576K
}
Event: 71.252 GC heap before
{Heap before GC invocations=543 (full 3):
 PSYoungGen      total 7168K, used 6905K [0x00000000d5580000, 0x00000000d5e80000, 0x0000000100000000)
  eden space 5120K, 99% used [0x00000000d5580000,0x00000000d5a75e60,0x00000000d5a80000)
  from space 2048K, 89% used [0x00000000d5a80000,0x00000000d5c487f0,0x00000000d5c80000)
  to   space 2048K, 0% used [0x00000000d5c80000,0x00000000d5c80000,0x00000000d5e80000)
 ParOldGen       total 322560K, used 322259K [0x0000000080000000, 0x0000000093b00000, 0x00000000d5580000)
  object space 322560K, 99% used [0x0000000080000000,0x0000000093ab4ce8,0x0000000093b00000)
 Metaspace       used 52544K, committed 53760K, reserved 1114112K
  class space    used 5649K, committed 6208K, reserved 1048576K
}
Event: 71.255 GC heap after
{Heap after GC invocations=543 (full 3):
 PSYoungGen      total 7168K, used 2003K [0x00000000d5580000, 0x00000000d5e80000, 0x0000000100000000)
  eden space 5120K, 0% used [0x00000000d5580000,0x00000000d5580000,0x00000000d5a80000)
  from space 2048K, 97% used [0x00000000d5c80000,0x00000000d5e74f38,0x00000000d5e80000)
  to   space 2048K, 0% used [0x00000000d5a80000,0x00000000d5a80000,0x00000000d5c80000)
 ParOldGen       total 324608K, used 324210K [0x0000000080000000, 0x0000000093d00000, 0x00000000d5580000)
  object space 324608K, 99% used [0x0000000080000000,0x0000000093c9c980,0x0000000093d00000)
 Metaspace       used 52544K, committed 53760K, reserved 1114112K
  class space    used 5649K, committed 6208K, reserved 1048576K
}
Event: 71.269 GC heap before
{Heap before GC invocations=544 (full 3):
 PSYoungGen      total 7168K, used 7106K [0x00000000d5580000, 0x00000000d5e80000, 0x0000000100000000)
  eden space 5120K, 99% used [0x00000000d5580000,0x00000000d5a7ba10,0x00000000d5a80000)
  from space 2048K, 97% used [0x00000000d5c80000,0x00000000d5e74f38,0x00000000d5e80000)
  to   space 2048K, 0% used [0x00000000d5a80000,0x00000000d5a80000,0x00000000d5c80000)
 ParOldGen       total 324608K, used 324210K [0x0000000080000000, 0x0000000093d00000, 0x00000000d5580000)
  object space 324608K, 99% used [0x0000000080000000,0x0000000093c9c980,0x0000000093d00000)
 Metaspace       used 52544K, committed 53760K, reserved 1114112K
  class space    used 5649K, committed 6208K, reserved 1048576K
}
Event: 71.272 GC heap after
{Heap after GC invocations=544 (full 3):
 PSYoungGen      total 7168K, used 2033K [0x00000000d5580000, 0x00000000d5e80000, 0x0000000100000000)
  eden space 5120K, 0% used [0x00000000d5580000,0x00000000d5580000,0x00000000d5a80000)
  from space 2048K, 99% used [0x00000000d5a80000,0x00000000d5c7c660,0x00000000d5c80000)
  to   space 2048K, 0% used [0x00000000d5c80000,0x00000000d5c80000,0x00000000d5e80000)
 ParOldGen       total 326656K, used 326209K [0x0000000080000000, 0x0000000093f00000, 0x00000000d5580000)
  object space 326656K, 99% used [0x0000000080000000,0x0000000093e90558,0x0000000093f00000)
 Metaspace       used 52544K, committed 53760K, reserved 1114112K
  class space    used 5649K, committed 6208K, reserved 1048576K
}
Event: 71.283 GC heap before
{Heap before GC invocations=545 (full 3):
 PSYoungGen      total 7168K, used 7143K [0x00000000d5580000, 0x00000000d5e80000, 0x0000000100000000)
  eden space 5120K, 99% used [0x00000000d5580000,0x00000000d5a7d7e0,0x00000000d5a80000)
  from space 2048K, 99% used [0x00000000d5a80000,0x00000000d5c7c660,0x00000000d5c80000)
  to   space 2048K, 0% used [0x00000000d5c80000,0x00000000d5c80000,0x00000000d5e80000)
 ParOldGen       total 326656K, used 326209K [0x0000000080000000, 0x0000000093f00000, 0x00000000d5580000)
  object space 326656K, 99% used [0x0000000080000000,0x0000000093e90558,0x0000000093f00000)
 Metaspace       used 52544K, committed 53760K, reserved 1114112K
  class space    used 5649K, committed 6208K, reserved 1048576K
}
Event: 71.286 GC heap after
{Heap after GC invocations=545 (full 3):
 PSYoungGen      total 7168K, used 2044K [0x00000000d5580000, 0x00000000d5e80000, 0x0000000100000000)
  eden space 5120K, 0% used [0x00000000d5580000,0x00000000d5580000,0x00000000d5a80000)
  from space 2048K, 99% used [0x00000000d5c80000,0x00000000d5e7f290,0x00000000d5e80000)
  to   space 2048K, 0% used [0x00000000d5a80000,0x00000000d5a80000,0x00000000d5c80000)
 ParOldGen       total 328704K, used 328238K [0x0000000080000000, 0x0000000094100000, 0x00000000d5580000)
  object space 328704K, 99% used [0x0000000080000000,0x000000009408ba68,0x0000000094100000)
 Metaspace       used 52544K, committed 53760K, reserved 1114112K
  class space    used 5649K, committed 6208K, reserved 1048576K
}
Event: 71.309 GC heap before
{Heap before GC invocations=546 (full 3):
 PSYoungGen      total 7168K, used 7164K [0x00000000d5580000, 0x00000000d5e80000, 0x0000000100000000)
  eden space 5120K, 100% used [0x00000000d5580000,0x00000000d5a80000,0x00000000d5a80000)
  from space 2048K, 99% used [0x00000000d5c80000,0x00000000d5e7f290,0x00000000d5e80000)
  to   space 2048K, 0% used [0x00000000d5a80000,0x00000000d5a80000,0x00000000d5c80000)
 ParOldGen       total 328704K, used 328238K [0x0000000080000000, 0x0000000094100000, 0x00000000d5580000)
  object space 328704K, 99% used [0x0000000080000000,0x000000009408ba68,0x0000000094100000)
 Metaspace       used 52544K, committed 53760K, reserved 1114112K
  class space    used 5649K, committed 6208K, reserved 1048576K
}
Event: 71.314 GC heap after
{Heap after GC invocations=546 (full 3):
 PSYoungGen      total 7168K, used 7164K [0x00000000d5580000, 0x00000000d5e80000, 0x0000000100000000)
  eden space 5120K, 100% used [0x00000000d5580000,0x00000000d5a80000,0x00000000d5a80000)
  from space 2048K, 99% used [0x00000000d5c80000,0x00000000d5e7f290,0x00000000d5e80000)
  to   space 2048K, 76% used [0x00000000d5a80000,0x00000000d5c08338,0x00000000d5c80000)
 ParOldGen       total 330240K, used 329993K [0x0000000080000000, 0x0000000094280000, 0x00000000d5580000)
  object space 330240K, 99% used [0x0000000080000000,0x00000000942425d8,0x0000000094280000)
 Metaspace       used 52544K, committed 53760K, reserved 1114112K
  class space    used 5649K, committed 6208K, reserved 1048576K
}
Event: 71.314 GC heap before
{Heap before GC invocations=547 (full 4):
 PSYoungGen      total 7168K, used 7164K [0x00000000d5580000, 0x00000000d5e80000, 0x0000000100000000)
  eden space 5120K, 100% used [0x00000000d5580000,0x00000000d5a80000,0x00000000d5a80000)
  from space 2048K, 99% used [0x00000000d5c80000,0x00000000d5e7f290,0x00000000d5e80000)
  to   space 2048K, 76% used [0x00000000d5a80000,0x00000000d5c08338,0x00000000d5c80000)
 ParOldGen       total 330240K, used 329993K [0x0000000080000000, 0x0000000094280000, 0x00000000d5580000)
  object space 330240K, 99% used [0x0000000080000000,0x00000000942425d8,0x0000000094280000)
 Metaspace       used 52544K, committed 53760K, reserved 1114112K
  class space    used 5649K, committed 6208K, reserved 1048576K
}
Event: 71.673 GC heap after
{Heap after GC invocations=547 (full 4):
 PSYoungGen      total 7168K, used 0K [0x00000000d5580000, 0x00000000d5e80000, 0x0000000100000000)
  eden space 5120K, 0% used [0x00000000d5580000,0x00000000d5580000,0x00000000d5a80000)
  from space 2048K, 0% used [0x00000000d5a80000,0x00000000d5a80000,0x00000000d5c80000)
  to   space 2048K, 0% used [0x00000000d5c80000,0x00000000d5c80000,0x00000000d5e80000)
 ParOldGen       total 330240K, used 318868K [0x0000000080000000, 0x0000000094280000, 0x00000000d5580000)
  object space 330240K, 96% used [0x0000000080000000,0x0000000093765090,0x0000000094280000)
 Metaspace       used 52544K, committed 53760K, reserved 1114112K
  class space    used 5649K, committed 6208K, reserved 1048576K
}

