# JRE version: OpenJDK Runtime Environment (22.0.2+9) (build 22.0.2+9-70)
# Java VM: OpenJDK 64-Bit Server VM (22.0.2+9-70, mixed mode, sharing, tiered, compressed oops, compressed class ptrs, g1 gc, windows-amd64)
GC Precious Log:
 CardTable entry size: 512
 Card Set container configuration: InlinePtr #cards 5 size 8 Array Of Cards #cards 12 size 40 Howl #buckets 4 coarsen threshold 1843 Howl Bitmap #cards 512 size 80 coarsen threshold 460 Card regions per heap region 1 cards per card region 2048
 CPUs: 4 total, 4 available
 Memory: 7878M
 Large Page Support: Disabled
 NUMA Support: Disabled
 Compressed Oops: Enabled (32-bit)
 Heap Region Size: 1M
 Heap Min Capacity: 8M
 Heap Initial Capacity: 124M
 Heap Max Capacity: 1970M
 Pre-touch: Disabled
 Parallel Workers: 4
 Concurrent Workers: 1
 Concurrent Refinement Workers: 4
 Periodic GC: Disabled
Heap:
 garbage-first heap   total reserved 2017280K, committed 45056K, used 23818K [0x0000000084e00000, 0x0000000100000000)
  region size 1024K, 2 young (2048K), 1 survivors (1024K)
 Metaspace       used 33172K, committed 33536K, reserved 1114112K
  class space    used 3770K, committed 3904K, reserved 1048576K
GC Heap History (20 events):
Event: 70.321 GC heap before
{Heap before GC invocations=41 (full 0):
 garbage-first heap   total reserved 2017280K, committed 45056K, used 39954K [0x0000000084e00000, 0x0000000100000000)
  region size 1024K, 22 young (22528K), 1 survivors (1024K)
 Metaspace       used 32669K, committed 33088K, reserved 1114112K
  class space    used 3723K, committed 3904K, reserved 1048576K
}
Event: 70.322 GC heap after
{Heap after GC invocations=42 (full 0):
 garbage-first heap   total reserved 2017280K, committed 45056K, used 18369K [0x0000000084e00000, 0x0000000100000000)
  region size 1024K, 1 young (1024K), 1 survivors (1024K)
 Metaspace       used 32669K, committed 33088K, reserved 1114112K
  class space    used 3723K, committed 3904K, reserved 1048576K
}
Event: 72.008 GC heap before
{Heap before GC invocations=42 (full 0):
 garbage-first heap   total reserved 2017280K, committed 45056K, used 39873K [0x0000000084e00000, 0x0000000100000000)
  region size 1024K, 22 young (22528K), 1 survivors (1024K)
 Metaspace       used 32669K, committed 33088K, reserved 1114112K
  class space    used 3723K, committed 3904K, reserved 1048576K
}
Event: 72.009 GC heap after
{Heap after GC invocations=43 (full 0):
 garbage-first heap   total reserved 2017280K, committed 45056K, used 18789K [0x0000000084e00000, 0x0000000100000000)
  region size 1024K, 1 young (1024K), 1 survivors (1024K)
 Metaspace       used 32669K, committed 33088K, reserved 1114112K
  class space    used 3723K, committed 3904K, reserved 1048576K
}
Event: 72.813 GC heap before
{Heap before GC invocations=43 (full 0):
 garbage-first heap   total reserved 2017280K, committed 45056K, used 40293K [0x0000000084e00000, 0x0000000100000000)
  region size 1024K, 22 young (22528K), 1 survivors (1024K)
 Metaspace       used 32669K, committed 33088K, reserved 1114112K
  class space    used 3723K, committed 3904K, reserved 1048576K
}
Event: 72.814 GC heap after
{Heap after GC invocations=44 (full 0):
 garbage-first heap   total reserved 2017280K, committed 45056K, used 18433K [0x0000000084e00000, 0x0000000100000000)
  region size 1024K, 1 young (1024K), 1 survivors (1024K)
 Metaspace       used 32669K, committed 33088K, reserved 1114112K
  class space    used 3723K, committed 3904K, reserved 1048576K
}
Event: 73.210 GC heap before
{Heap before GC invocations=44 (full 0):
 garbage-first heap   total reserved 2017280K, committed 45056K, used 39937K [0x0000000084e00000, 0x0000000100000000)
  region size 1024K, 22 young (22528K), 1 survivors (1024K)
 Metaspace       used 32669K, committed 33088K, reserved 1114112K
  class space    used 3723K, committed 3904K, reserved 1048576K
}
Event: 73.210 GC heap after
{Heap after GC invocations=45 (full 0):
 garbage-first heap   total reserved 2017280K, committed 45056K, used 18396K [0x0000000084e00000, 0x0000000100000000)
  region size 1024K, 1 young (1024K), 1 survivors (1024K)
 Metaspace       used 32669K, committed 33088K, reserved 1114112K
  class space    used 3723K, committed 3904K, reserved 1048576K
}
Event: 74.572 GC heap before
{Heap before GC invocations=45 (full 0):
 garbage-first heap   total reserved 2017280K, committed 45056K, used 39900K [0x0000000084e00000, 0x0000000100000000)
  region size 1024K, 22 young (22528K), 1 survivors (1024K)
 Metaspace       used 32669K, committed 33088K, reserved 1114112K
  class space    used 3723K, committed 3904K, reserved 1048576K
}
Event: 74.572 GC heap after
{Heap after GC invocations=46 (full 0):
 garbage-first heap   total reserved 2017280K, committed 45056K, used 18386K [0x0000000084e00000, 0x0000000100000000)
  region size 1024K, 1 young (1024K), 1 survivors (1024K)
 Metaspace       used 32669K, committed 33088K, reserved 1114112K
  class space    used 3723K, committed 3904K, reserved 1048576K
}
Event: 75.398 GC heap before
{Heap before GC invocations=46 (full 0):
 garbage-first heap   total reserved 2017280K, committed 45056K, used 39890K [0x0000000084e00000, 0x0000000100000000)
  region size 1024K, 22 young (22528K), 1 survivors (1024K)
 Metaspace       used 32669K, committed 33088K, reserved 1114112K
  class space    used 3723K, committed 3904K, reserved 1048576K
}
Event: 75.399 GC heap after
{Heap after GC invocations=47 (full 0):
 garbage-first heap   total reserved 2017280K, committed 45056K, used 18357K [0x0000000084e00000, 0x0000000100000000)
  region size 1024K, 1 young (1024K), 1 survivors (1024K)
 Metaspace       used 32669K, committed 33088K, reserved 1114112K
  class space    used 3723K, committed 3904K, reserved 1048576K
}
Event: 75.791 GC heap before
{Heap before GC invocations=47 (full 0):
 garbage-first heap   total reserved 2017280K, committed 45056K, used 39861K [0x0000000084e00000, 0x0000000100000000)
  region size 1024K, 22 young (22528K), 1 survivors (1024K)
 Metaspace       used 32717K, committed 33088K, reserved 1114112K
  class space    used 3729K, committed 3904K, reserved 1048576K
}
Event: 75.792 GC heap after
{Heap after GC invocations=48 (full 0):
 garbage-first heap   total reserved 2017280K, committed 45056K, used 18355K [0x0000000084e00000, 0x0000000100000000)
  region size 1024K, 1 young (1024K), 1 survivors (1024K)
 Metaspace       used 32717K, committed 33088K, reserved 1114112K
  class space    used 3729K, committed 3904K, reserved 1048576K
}
Event: 469.481 GC heap before
{Heap before GC invocations=48 (full 0):
 garbage-first heap   total reserved 2017280K, committed 45056K, used 31667K [0x0000000084e00000, 0x0000000100000000)
  region size 1024K, 13 young (13312K), 1 survivors (1024K)
 Metaspace       used 33172K, committed 33536K, reserved 1114112K
  class space    used 3770K, committed 3904K, reserved 1048576K
}
Event: 469.572 GC heap after
{Heap after GC invocations=49 (full 0):
 garbage-first heap   total reserved 2017280K, committed 45056K, used 18948K [0x0000000084e00000, 0x0000000100000000)
  region size 1024K, 1 young (1024K), 1 survivors (1024K)
 Metaspace       used 33172K, committed 33536K, reserved 1114112K
  class space    used 3770K, committed 3904K, reserved 1048576K
}
Event: 484.280 GC heap before
{Heap before GC invocations=49 (full 0):
 garbage-first heap   total reserved 2017280K, committed 45056K, used 19972K [0x0000000084e00000, 0x0000000100000000)
  region size 1024K, 2 young (2048K), 1 survivors (1024K)
 Metaspace       used 33172K, committed 33536K, reserved 1114112K
  class space    used 3770K, committed 3904K, reserved 1048576K
}
Event: 484.288 GC heap after
{Heap after GC invocations=50 (full 0):
 garbage-first heap   total reserved 2017280K, committed 45056K, used 19727K [0x0000000084e00000, 0x0000000100000000)
  region size 1024K, 1 young (1024K), 1 survivors (1024K)
 Metaspace       used 33172K, committed 33536K, reserved 1114112K
  class space    used 3770K, committed 3904K, reserved 1048576K
}
Event: 516.463 GC heap before
{Heap before GC invocations=50 (full 0):
 garbage-first heap   total reserved 2017280K, committed 45056K, used 21775K [0x0000000084e00000, 0x0000000100000000)
  region size 1024K, 2 young (2048K), 1 survivors (1024K)
 Metaspace       used 33172K, committed 33536K, reserved 1114112K
  class space    used 3770K, committed 3904K, reserved 1048576K
}
Event: 516.522 GC heap after
{Heap after GC invocations=51 (full 0):
 garbage-first heap   total reserved 2017280K, committed 45056K, used 20746K [0x0000000084e00000, 0x0000000100000000)
  region size 1024K, 1 young (1024K), 1 survivors (1024K)
 Metaspace       used 33172K, committed 33536K, reserved 1114112K
  class space    used 3770K, committed 3904K, reserved 1048576K
}

