# JRE version: OpenJDK Runtime Environment Temurin-21.0.8+9 (21.0.8+9) (build 21.0.8+9-LTS)
# Java VM: OpenJDK 64-Bit Server VM Temurin-21.0.8+9 (21.0.8+9-LTS, mixed mode, sharing, tiered, compressed oops, compressed class ptrs, parallel gc, windows-amd64)
GC Precious Log:
 CardTable entry size: 512
 CPUs: 4 total, 4 available
 Memory: 7878M
 Large Page Support: Disabled
 NUMA Support: Disabled
 Compressed Oops: Enabled (32-bit)
 Alignments: Space 512K, Generation 512K, Heap 2M
 Heap Min Capacity: 100M
 Heap Initial Capacity: 100M
 Heap Max Capacity: 2G
 Pre-touch: Disabled
 Parallel Workers: 4
Heap:
 PSYoungGen      total 10752K, used 8887K [0x00000000d5580000, 0x00000000d6100000, 0x0000000100000000)
  eden space 10240K, 85% used [0x00000000d5580000,0x00000000d5e05d80,0x00000000d5f80000)
  from space 512K, 31% used [0x00000000d6080000,0x00000000d60a8000,0x00000000d6100000)
  to   space 512K, 0% used [0x00000000d6000000,0x00000000d6000000,0x00000000d6080000)
 ParOldGen       total 587264K, used 586798K [0x0000000080000000, 0x00000000a3d80000, 0x00000000d5580000)
  object space 587264K, 99% used [0x0000000080000000,0x00000000a3d0b8e8,0x00000000a3d80000)
 Metaspace       used 65188K, committed 66624K, reserved 1114112K
  class space    used 7381K, committed 8000K, reserved 1048576K
GC Heap History (20 events):
Event: 66.043 GC heap after
{Heap after GC invocations=740 (full 4):
 PSYoungGen      total 10752K, used 288K [0x00000000d5580000, 0x00000000d6100000, 0x0000000100000000)
  eden space 10240K, 0% used [0x00000000d5580000,0x00000000d5580000,0x00000000d5f80000)
  from space 512K, 56% used [0x00000000d6080000,0x00000000d60c8000,0x00000000d6100000)
  to   space 512K, 0% used [0x00000000d6000000,0x00000000d6000000,0x00000000d6080000)
 ParOldGen       total 582144K, used 581654K [0x0000000080000000, 0x00000000a3880000, 0x00000000d5580000)
  object space 582144K, 99% used [0x0000000080000000,0x00000000a3805af0,0x00000000a3880000)
 Metaspace       used 65188K, committed 66624K, reserved 1114112K
  class space    used 7381K, committed 8000K, reserved 1048576K
}
Event: 66.109 GC heap before
{Heap before GC invocations=741 (full 4):
 PSYoungGen      total 10752K, used 10528K [0x00000000d5580000, 0x00000000d6100000, 0x0000000100000000)
  eden space 10240K, 100% used [0x00000000d5580000,0x00000000d5f80000,0x00000000d5f80000)
  from space 512K, 56% used [0x00000000d6080000,0x00000000d60c8000,0x00000000d6100000)
  to   space 512K, 0% used [0x00000000d6000000,0x00000000d6000000,0x00000000d6080000)
 ParOldGen       total 582144K, used 581654K [0x0000000080000000, 0x00000000a3880000, 0x00000000d5580000)
  object space 582144K, 99% used [0x0000000080000000,0x00000000a3805af0,0x00000000a3880000)
 Metaspace       used 65188K, committed 66624K, reserved 1114112K
  class space    used 7381K, committed 8000K, reserved 1048576K
}
Event: 66.111 GC heap after
{Heap after GC invocations=741 (full 4):
 PSYoungGen      total 10752K, used 363K [0x00000000d5580000, 0x00000000d6100000, 0x0000000100000000)
  eden space 10240K, 0% used [0x00000000d5580000,0x00000000d5580000,0x00000000d5f80000)
  from space 512K, 70% used [0x00000000d6000000,0x00000000d605ad70,0x00000000d6080000)
  to   space 512K, 0% used [0x00000000d6080000,0x00000000d6080000,0x00000000d6100000)
 ParOldGen       total 582144K, used 582010K [0x0000000080000000, 0x00000000a3880000, 0x00000000d5580000)
  object space 582144K, 99% used [0x0000000080000000,0x00000000a385e860,0x00000000a3880000)
 Metaspace       used 65188K, committed 66624K, reserved 1114112K
  class space    used 7381K, committed 8000K, reserved 1048576K
}
Event: 66.131 GC heap before
{Heap before GC invocations=742 (full 4):
 PSYoungGen      total 10752K, used 10603K [0x00000000d5580000, 0x00000000d6100000, 0x0000000100000000)
  eden space 10240K, 100% used [0x00000000d5580000,0x00000000d5f80000,0x00000000d5f80000)
  from space 512K, 70% used [0x00000000d6000000,0x00000000d605ad70,0x00000000d6080000)
  to   space 512K, 0% used [0x00000000d6080000,0x00000000d6080000,0x00000000d6100000)
 ParOldGen       total 582144K, used 582010K [0x0000000080000000, 0x00000000a3880000, 0x00000000d5580000)
  object space 582144K, 99% used [0x0000000080000000,0x00000000a385e860,0x00000000a3880000)
 Metaspace       used 65188K, committed 66624K, reserved 1114112K
  class space    used 7381K, committed 8000K, reserved 1048576K
}
Event: 66.133 GC heap after
{Heap after GC invocations=742 (full 4):
 PSYoungGen      total 10752K, used 256K [0x00000000d5580000, 0x00000000d6100000, 0x0000000100000000)
  eden space 10240K, 0% used [0x00000000d5580000,0x00000000d5580000,0x00000000d5f80000)
  from space 512K, 50% used [0x00000000d6080000,0x00000000d60c0000,0x00000000d6100000)
  to   space 512K, 0% used [0x00000000d6000000,0x00000000d6000000,0x00000000d6080000)
 ParOldGen       total 582144K, used 582097K [0x0000000080000000, 0x00000000a3880000, 0x00000000d5580000)
  object space 582144K, 99% used [0x0000000080000000,0x00000000a38745e8,0x00000000a3880000)
 Metaspace       used 65188K, committed 66624K, reserved 1114112K
  class space    used 7381K, committed 8000K, reserved 1048576K
}
Event: 66.177 GC heap before
{Heap before GC invocations=743 (full 4):
 PSYoungGen      total 10752K, used 10496K [0x00000000d5580000, 0x00000000d6100000, 0x0000000100000000)
  eden space 10240K, 100% used [0x00000000d5580000,0x00000000d5f80000,0x00000000d5f80000)
  from space 512K, 50% used [0x00000000d6080000,0x00000000d60c0000,0x00000000d6100000)
  to   space 512K, 0% used [0x00000000d6000000,0x00000000d6000000,0x00000000d6080000)
 ParOldGen       total 582144K, used 582097K [0x0000000080000000, 0x00000000a3880000, 0x00000000d5580000)
  object space 582144K, 99% used [0x0000000080000000,0x00000000a38745e8,0x00000000a3880000)
 Metaspace       used 65188K, committed 66624K, reserved 1114112K
  class space    used 7381K, committed 8000K, reserved 1048576K
}
Event: 66.181 GC heap after
{Heap after GC invocations=743 (full 4):
 PSYoungGen      total 10752K, used 224K [0x00000000d5580000, 0x00000000d6100000, 0x0000000100000000)
  eden space 10240K, 0% used [0x00000000d5580000,0x00000000d5580000,0x00000000d5f80000)
  from space 512K, 43% used [0x00000000d6000000,0x00000000d6038000,0x00000000d6080000)
  to   space 512K, 0% used [0x00000000d6080000,0x00000000d6080000,0x00000000d6100000)
 ParOldGen       total 582656K, used 582265K [0x0000000080000000, 0x00000000a3900000, 0x00000000d5580000)
  object space 582656K, 99% used [0x0000000080000000,0x00000000a389e640,0x00000000a3900000)
 Metaspace       used 65188K, committed 66624K, reserved 1114112K
  class space    used 7381K, committed 8000K, reserved 1048576K
}
Event: 66.204 GC heap before
{Heap before GC invocations=744 (full 4):
 PSYoungGen      total 10752K, used 10464K [0x00000000d5580000, 0x00000000d6100000, 0x0000000100000000)
  eden space 10240K, 100% used [0x00000000d5580000,0x00000000d5f80000,0x00000000d5f80000)
  from space 512K, 43% used [0x00000000d6000000,0x00000000d6038000,0x00000000d6080000)
  to   space 512K, 0% used [0x00000000d6080000,0x00000000d6080000,0x00000000d6100000)
 ParOldGen       total 582656K, used 582265K [0x0000000080000000, 0x00000000a3900000, 0x00000000d5580000)
  object space 582656K, 99% used [0x0000000080000000,0x00000000a389e640,0x00000000a3900000)
 Metaspace       used 65188K, committed 66624K, reserved 1114112K
  class space    used 7381K, committed 8000K, reserved 1048576K
}
Event: 66.206 GC heap after
{Heap after GC invocations=744 (full 4):
 PSYoungGen      total 10752K, used 402K [0x00000000d5580000, 0x00000000d6100000, 0x0000000100000000)
  eden space 10240K, 0% used [0x00000000d5580000,0x00000000d5580000,0x00000000d5f80000)
  from space 512K, 78% used [0x00000000d6080000,0x00000000d60e4ad8,0x00000000d6100000)
  to   space 512K, 0% used [0x00000000d6000000,0x00000000d6000000,0x00000000d6080000)
 ParOldGen       total 582656K, used 582430K [0x0000000080000000, 0x00000000a3900000, 0x00000000d5580000)
  object space 582656K, 99% used [0x0000000080000000,0x00000000a38c7998,0x00000000a3900000)
 Metaspace       used 65188K, committed 66624K, reserved 1114112K
  class space    used 7381K, committed 8000K, reserved 1048576K
}
Event: 66.232 GC heap before
{Heap before GC invocations=745 (full 4):
 PSYoungGen      total 10752K, used 10642K [0x00000000d5580000, 0x00000000d6100000, 0x0000000100000000)
  eden space 10240K, 100% used [0x00000000d5580000,0x00000000d5f80000,0x00000000d5f80000)
  from space 512K, 78% used [0x00000000d6080000,0x00000000d60e4ad8,0x00000000d6100000)
  to   space 512K, 0% used [0x00000000d6000000,0x00000000d6000000,0x00000000d6080000)
 ParOldGen       total 582656K, used 582430K [0x0000000080000000, 0x00000000a3900000, 0x00000000d5580000)
  object space 582656K, 99% used [0x0000000080000000,0x00000000a38c7998,0x00000000a3900000)
 Metaspace       used 65188K, committed 66624K, reserved 1114112K
  class space    used 7381K, committed 8000K, reserved 1048576K
}
Event: 66.234 GC heap after
{Heap after GC invocations=745 (full 4):
 PSYoungGen      total 10752K, used 160K [0x00000000d5580000, 0x00000000d6100000, 0x0000000100000000)
  eden space 10240K, 0% used [0x00000000d5580000,0x00000000d5580000,0x00000000d5f80000)
  from space 512K, 31% used [0x00000000d6000000,0x00000000d6028000,0x00000000d6080000)
  to   space 512K, 0% used [0x00000000d6080000,0x00000000d6080000,0x00000000d6100000)
 ParOldGen       total 583168K, used 582768K [0x0000000080000000, 0x00000000a3980000, 0x00000000d5580000)
  object space 583168K, 99% used [0x0000000080000000,0x00000000a391c390,0x00000000a3980000)
 Metaspace       used 65188K, committed 66624K, reserved 1114112K
  class space    used 7381K, committed 8000K, reserved 1048576K
}
Event: 66.273 GC heap before
{Heap before GC invocations=746 (full 4):
 PSYoungGen      total 10752K, used 10400K [0x00000000d5580000, 0x00000000d6100000, 0x0000000100000000)
  eden space 10240K, 100% used [0x00000000d5580000,0x00000000d5f80000,0x00000000d5f80000)
  from space 512K, 31% used [0x00000000d6000000,0x00000000d6028000,0x00000000d6080000)
  to   space 512K, 0% used [0x00000000d6080000,0x00000000d6080000,0x00000000d6100000)
 ParOldGen       total 583168K, used 582768K [0x0000000080000000, 0x00000000a3980000, 0x00000000d5580000)
  object space 583168K, 99% used [0x0000000080000000,0x00000000a391c390,0x00000000a3980000)
 Metaspace       used 65188K, committed 66624K, reserved 1114112K
  class space    used 7381K, committed 8000K, reserved 1048576K
}
Event: 66.275 GC heap after
{Heap after GC invocations=746 (full 4):
 PSYoungGen      total 10752K, used 192K [0x00000000d5580000, 0x00000000d6100000, 0x0000000100000000)
  eden space 10240K, 0% used [0x00000000d5580000,0x00000000d5580000,0x00000000d5f80000)
  from space 512K, 37% used [0x00000000d6080000,0x00000000d60b0000,0x00000000d6100000)
  to   space 512K, 0% used [0x00000000d6000000,0x00000000d6000000,0x00000000d6080000)
 ParOldGen       total 583168K, used 582909K [0x0000000080000000, 0x00000000a3980000, 0x00000000d5580000)
  object space 583168K, 99% used [0x0000000080000000,0x00000000a393f6e8,0x00000000a3980000)
 Metaspace       used 65188K, committed 66624K, reserved 1114112K
  class space    used 7381K, committed 8000K, reserved 1048576K
}
Event: 66.301 GC heap before
{Heap before GC invocations=747 (full 4):
 PSYoungGen      total 10752K, used 10432K [0x00000000d5580000, 0x00000000d6100000, 0x0000000100000000)
  eden space 10240K, 100% used [0x00000000d5580000,0x00000000d5f80000,0x00000000d5f80000)
  from space 512K, 37% used [0x00000000d6080000,0x00000000d60b0000,0x00000000d6100000)
  to   space 512K, 0% used [0x00000000d6000000,0x00000000d6000000,0x00000000d6080000)
 ParOldGen       total 583168K, used 582909K [0x0000000080000000, 0x00000000a3980000, 0x00000000d5580000)
  object space 583168K, 99% used [0x0000000080000000,0x00000000a393f6e8,0x00000000a3980000)
 Metaspace       used 65188K, committed 66624K, reserved 1114112K
  class space    used 7381K, committed 8000K, reserved 1048576K
}
Event: 66.304 GC heap after
{Heap after GC invocations=747 (full 4):
 PSYoungGen      total 10752K, used 256K [0x00000000d5580000, 0x00000000d6100000, 0x0000000100000000)
  eden space 10240K, 0% used [0x00000000d5580000,0x00000000d5580000,0x00000000d5f80000)
  from space 512K, 50% used [0x00000000d6000000,0x00000000d6040000,0x00000000d6080000)
  to   space 512K, 0% used [0x00000000d6080000,0x00000000d6080000,0x00000000d6100000)
 ParOldGen       total 583168K, used 583037K [0x0000000080000000, 0x00000000a3980000, 0x00000000d5580000)
  object space 583168K, 99% used [0x0000000080000000,0x00000000a395f6e8,0x00000000a3980000)
 Metaspace       used 65188K, committed 66624K, reserved 1114112K
  class space    used 7381K, committed 8000K, reserved 1048576K
}
Event: 66.384 GC heap before
{Heap before GC invocations=748 (full 4):
 PSYoungGen      total 10752K, used 10496K [0x00000000d5580000, 0x00000000d6100000, 0x0000000100000000)
  eden space 10240K, 100% used [0x00000000d5580000,0x00000000d5f80000,0x00000000d5f80000)
  from space 512K, 50% used [0x00000000d6000000,0x00000000d6040000,0x00000000d6080000)
  to   space 512K, 0% used [0x00000000d6080000,0x00000000d6080000,0x00000000d6100000)
 ParOldGen       total 583168K, used 583037K [0x0000000080000000, 0x00000000a3980000, 0x00000000d5580000)
  object space 583168K, 99% used [0x0000000080000000,0x00000000a395f6e8,0x00000000a3980000)
 Metaspace       used 65188K, committed 66624K, reserved 1114112K
  class space    used 7381K, committed 8000K, reserved 1048576K
}
Event: 66.386 GC heap after
{Heap after GC invocations=748 (full 4):
 PSYoungGen      total 10752K, used 192K [0x00000000d5580000, 0x00000000d6100000, 0x0000000100000000)
  eden space 10240K, 0% used [0x00000000d5580000,0x00000000d5580000,0x00000000d5f80000)
  from space 512K, 37% used [0x00000000d6080000,0x00000000d60b0000,0x00000000d6100000)
  to   space 512K, 0% used [0x00000000d6000000,0x00000000d6000000,0x00000000d6080000)
 ParOldGen       total 583680K, used 583210K [0x0000000080000000, 0x00000000a3a00000, 0x00000000d5580000)
  object space 583680K, 99% used [0x0000000080000000,0x00000000a398aa40,0x00000000a3a00000)
 Metaspace       used 65188K, committed 66624K, reserved 1114112K
  class space    used 7381K, committed 8000K, reserved 1048576K
}
Event: 66.405 GC heap before
{Heap before GC invocations=749 (full 4):
 PSYoungGen      total 10752K, used 7938K [0x00000000d5580000, 0x00000000d6100000, 0x0000000100000000)
  eden space 10240K, 75% used [0x00000000d5580000,0x00000000d5d10978,0x00000000d5f80000)
  from space 512K, 37% used [0x00000000d6080000,0x00000000d60b0000,0x00000000d6100000)
  to   space 512K, 0% used [0x00000000d6000000,0x00000000d6000000,0x00000000d6080000)
 ParOldGen       total 583680K, used 583210K [0x0000000080000000, 0x00000000a3a00000, 0x00000000d5580000)
  object space 583680K, 99% used [0x0000000080000000,0x00000000a398aa40,0x00000000a3a00000)
 Metaspace       used 65188K, committed 66624K, reserved 1114112K
  class space    used 7381K, committed 8000K, reserved 1048576K
}
Event: 66.407 GC heap after
{Heap after GC invocations=749 (full 4):
 PSYoungGen      total 10752K, used 160K [0x00000000d5580000, 0x00000000d6100000, 0x0000000100000000)
  eden space 10240K, 0% used [0x00000000d5580000,0x00000000d5580000,0x00000000d5f80000)
  from space 512K, 31% used [0x00000000d6000000,0x00000000d6028000,0x00000000d6080000)
  to   space 512K, 0% used [0x00000000d6080000,0x00000000d6080000,0x00000000d6100000)
 ParOldGen       total 583680K, used 583306K [0x0000000080000000, 0x00000000a3a00000, 0x00000000d5580000)
  object space 583680K, 99% used [0x0000000080000000,0x00000000a39a2a40,0x00000000a3a00000)
 Metaspace       used 65188K, committed 66624K, reserved 1114112K
  class space    used 7381K, committed 8000K, reserved 1048576K
}
Event: 66.422 GC heap before
{Heap before GC invocations=750 (full 4):
 PSYoungGen      total 10752K, used 7426K [0x00000000d5580000, 0x00000000d6100000, 0x0000000100000000)
  eden space 10240K, 70% used [0x00000000d5580000,0x00000000d5c98ab8,0x00000000d5f80000)
  from space 512K, 31% used [0x00000000d6000000,0x00000000d6028000,0x00000000d6080000)
  to   space 512K, 0% used [0x00000000d6080000,0x00000000d6080000,0x00000000d6100000)
 ParOldGen       total 583680K, used 583306K [0x0000000080000000, 0x00000000a3a00000, 0x00000000d5580000)
  object space 583680K, 99% used [0x0000000080000000,0x00000000a39a2a40,0x00000000a3a00000)
 Metaspace       used 65188K, committed 66624K, reserved 1114112K
  class space    used 7381K, committed 8000K, reserved 1048576K
}

