# JRE version: OpenJDK Runtime Environment Temurin-21.0.8+9 (21.0.8+9) (build 21.0.8+9-LTS)
# Java VM: OpenJDK 64-Bit Server VM Temurin-21.0.8+9 (21.0.8+9-LTS, mixed mode, sharing, tiered, compressed oops, compressed class ptrs, parallel gc, windows-amd64)
GC Precious Log:
 CardTable entry size: 512
 CPUs: 4 total, 4 available
 Memory: 7878M
 Large Page Support: Disabled
 NUMA Support: Disabled
 Compressed Oops: Enabled (32-bit)
 Alignments: Space 512K, Generation 512K, Heap 2M
 Heap Min Capacity: 100M
 Heap Initial Capacity: 100M
 Heap Max Capacity: 2G
 Pre-touch: Disabled
 Parallel Workers: 4
Heap:
 PSYoungGen      total 2048K, used 594K [0x00000000d5580000, 0x00000000d5900000, 0x0000000100000000)
  eden space 1536K, 24% used [0x00000000d5580000,0x00000000d55dcaa8,0x00000000d5700000)
  from space 512K, 43% used [0x00000000d5880000,0x00000000d58b8000,0x00000000d5900000)
  to   space 512K, 0% used [0x00000000d5800000,0x00000000d5800000,0x00000000d5880000)
 ParOldGen       total 232960K, used 208912K [0x0000000080000000, 0x000000008e380000, 0x00000000d5580000)
  object space 232960K, 89% used [0x0000000080000000,0x000000008cc040d8,0x000000008e380000)
 Metaspace       used 69314K, committed 70848K, reserved 1114112K
  class space    used 7896K, committed 8576K, reserved 1048576K
GC Heap History (20 events):
Event: 219.371 GC heap before
{Heap before GC invocations=1072 (full 3):
 PSYoungGen      total 2560K, used 2464K [0x00000000d5580000, 0x00000000d5a00000, 0x0000000100000000)
  eden space 1536K, 100% used [0x00000000d5580000,0x00000000d5700000,0x00000000d5700000)
  from space 1024K, 90% used [0x00000000d5900000,0x00000000d59e8000,0x00000000d5a00000)
  to   space 1536K, 0% used [0x00000000d5700000,0x00000000d5700000,0x00000000d5880000)
 ParOldGen       total 232960K, used 203738K [0x0000000080000000, 0x000000008e380000, 0x00000000d5580000)
  object space 232960K, 87% used [0x0000000080000000,0x000000008c6f6898,0x000000008e380000)
 Metaspace       used 68923K, committed 70464K, reserved 1114112K
  class space    used 7852K, committed 8512K, reserved 1048576K
}
Event: 219.374 GC heap after
{Heap after GC invocations=1072 (full 3):
 PSYoungGen      total 3072K, used 1472K [0x00000000d5580000, 0x00000000d5b80000, 0x0000000100000000)
  eden space 1536K, 0% used [0x00000000d5580000,0x00000000d5580000,0x00000000d5700000)
  from space 1536K, 95% used [0x00000000d5700000,0x00000000d5870000,0x00000000d5880000)
  to   space 2048K, 0% used [0x00000000d5980000,0x00000000d5980000,0x00000000d5b80000)
 ParOldGen       total 232960K, used 204594K [0x0000000080000000, 0x000000008e380000, 0x00000000d5580000)
  object space 232960K, 87% used [0x0000000080000000,0x000000008c7cc898,0x000000008e380000)
 Metaspace       used 68923K, committed 70464K, reserved 1114112K
  class space    used 7852K, committed 8512K, reserved 1048576K
}
Event: 219.435 GC heap before
{Heap before GC invocations=1073 (full 3):
 PSYoungGen      total 3072K, used 3007K [0x00000000d5580000, 0x00000000d5b80000, 0x0000000100000000)
  eden space 1536K, 99% used [0x00000000d5580000,0x00000000d56fffa8,0x00000000d5700000)
  from space 1536K, 95% used [0x00000000d5700000,0x00000000d5870000,0x00000000d5880000)
  to   space 2048K, 0% used [0x00000000d5980000,0x00000000d5980000,0x00000000d5b80000)
 ParOldGen       total 232960K, used 204594K [0x0000000080000000, 0x000000008e380000, 0x00000000d5580000)
  object space 232960K, 87% used [0x0000000080000000,0x000000008c7cc898,0x000000008e380000)
 Metaspace       used 68927K, committed 70464K, reserved 1114112K
  class space    used 7852K, committed 8512K, reserved 1048576K
}
Event: 219.437 GC heap after
{Heap after GC invocations=1073 (full 3):
 PSYoungGen      total 3072K, used 1365K [0x00000000d5580000, 0x00000000d5b00000, 0x0000000100000000)
  eden space 1536K, 0% used [0x00000000d5580000,0x00000000d5580000,0x00000000d5700000)
  from space 1536K, 88% used [0x00000000d5980000,0x00000000d5ad54a0,0x00000000d5b00000)
  to   space 1536K, 0% used [0x00000000d5700000,0x00000000d5700000,0x00000000d5880000)
 ParOldGen       total 232960K, used 205994K [0x0000000080000000, 0x000000008e380000, 0x00000000d5580000)
  object space 232960K, 88% used [0x0000000080000000,0x000000008c92a898,0x000000008e380000)
 Metaspace       used 68927K, committed 70464K, reserved 1114112K
  class space    used 7852K, committed 8512K, reserved 1048576K
}
Event: 219.548 GC heap before
{Heap before GC invocations=1074 (full 3):
 PSYoungGen      total 3072K, used 2901K [0x00000000d5580000, 0x00000000d5b00000, 0x0000000100000000)
  eden space 1536K, 100% used [0x00000000d5580000,0x00000000d5700000,0x00000000d5700000)
  from space 1536K, 88% used [0x00000000d5980000,0x00000000d5ad54a0,0x00000000d5b00000)
  to   space 1536K, 0% used [0x00000000d5700000,0x00000000d5700000,0x00000000d5880000)
 ParOldGen       total 232960K, used 205994K [0x0000000080000000, 0x000000008e380000, 0x00000000d5580000)
  object space 232960K, 88% used [0x0000000080000000,0x000000008c92a898,0x000000008e380000)
 Metaspace       used 68930K, committed 70464K, reserved 1114112K
  class space    used 7852K, committed 8512K, reserved 1048576K
}
Event: 219.550 GC heap after
{Heap after GC invocations=1074 (full 3):
 PSYoungGen      total 3072K, used 1297K [0x00000000d5580000, 0x00000000d5a00000, 0x0000000100000000)
  eden space 1536K, 0% used [0x00000000d5580000,0x00000000d5580000,0x00000000d5700000)
  from space 1536K, 84% used [0x00000000d5700000,0x00000000d58446a0,0x00000000d5880000)
  to   space 1536K, 0% used [0x00000000d5880000,0x00000000d5880000,0x00000000d5a00000)
 ParOldGen       total 232960K, used 207303K [0x0000000080000000, 0x000000008e380000, 0x00000000d5580000)
  object space 232960K, 88% used [0x0000000080000000,0x000000008ca71cf8,0x000000008e380000)
 Metaspace       used 68930K, committed 70464K, reserved 1114112K
  class space    used 7852K, committed 8512K, reserved 1048576K
}
Event: 342.248 GC heap before
{Heap before GC invocations=1075 (full 3):
 PSYoungGen      total 3072K, used 2833K [0x00000000d5580000, 0x00000000d5a00000, 0x0000000100000000)
  eden space 1536K, 100% used [0x00000000d5580000,0x00000000d5700000,0x00000000d5700000)
  from space 1536K, 84% used [0x00000000d5700000,0x00000000d58446a0,0x00000000d5880000)
  to   space 1536K, 0% used [0x00000000d5880000,0x00000000d5880000,0x00000000d5a00000)
 ParOldGen       total 232960K, used 207303K [0x0000000080000000, 0x000000008e380000, 0x00000000d5580000)
  object space 232960K, 88% used [0x0000000080000000,0x000000008ca71cf8,0x000000008e380000)
 Metaspace       used 69011K, committed 70528K, reserved 1114112K
  class space    used 7865K, committed 8512K, reserved 1048576K
}
Event: 342.250 GC heap after
{Heap after GC invocations=1075 (full 3):
 PSYoungGen      total 2048K, used 224K [0x00000000d5580000, 0x00000000d5900000, 0x0000000100000000)
  eden space 1536K, 0% used [0x00000000d5580000,0x00000000d5580000,0x00000000d5700000)
  from space 512K, 43% used [0x00000000d5880000,0x00000000d58b8000,0x00000000d5900000)
  to   space 1024K, 0% used [0x00000000d5700000,0x00000000d5700000,0x00000000d5800000)
 ParOldGen       total 232960K, used 208576K [0x0000000080000000, 0x000000008e380000, 0x00000000d5580000)
  object space 232960K, 89% used [0x0000000080000000,0x000000008cbb00d8,0x000000008e380000)
 Metaspace       used 69011K, committed 70528K, reserved 1114112K
  class space    used 7865K, committed 8512K, reserved 1048576K
}
Event: 373.009 GC heap before
{Heap before GC invocations=1076 (full 3):
 PSYoungGen      total 2048K, used 1757K [0x00000000d5580000, 0x00000000d5900000, 0x0000000100000000)
  eden space 1536K, 99% used [0x00000000d5580000,0x00000000d56ff628,0x00000000d5700000)
  from space 512K, 43% used [0x00000000d5880000,0x00000000d58b8000,0x00000000d5900000)
  to   space 1024K, 0% used [0x00000000d5700000,0x00000000d5700000,0x00000000d5800000)
 ParOldGen       total 232960K, used 208576K [0x0000000080000000, 0x000000008e380000, 0x00000000d5580000)
  object space 232960K, 89% used [0x0000000080000000,0x000000008cbb00d8,0x000000008e380000)
 Metaspace       used 69067K, committed 70528K, reserved 1114112K
  class space    used 7877K, committed 8512K, reserved 1048576K
}
Event: 373.020 GC heap after
{Heap after GC invocations=1076 (full 3):
 PSYoungGen      total 2560K, used 192K [0x00000000d5580000, 0x00000000d5900000, 0x0000000100000000)
  eden space 1536K, 0% used [0x00000000d5580000,0x00000000d5580000,0x00000000d5700000)
  from space 1024K, 18% used [0x00000000d5700000,0x00000000d5730000,0x00000000d5800000)
  to   space 512K, 0% used [0x00000000d5880000,0x00000000d5880000,0x00000000d5900000)
 ParOldGen       total 232960K, used 208648K [0x0000000080000000, 0x000000008e380000, 0x00000000d5580000)
  object space 232960K, 89% used [0x0000000080000000,0x000000008cbc20d8,0x000000008e380000)
 Metaspace       used 69067K, committed 70528K, reserved 1114112K
  class space    used 7877K, committed 8512K, reserved 1048576K
}
Event: 373.161 GC heap before
{Heap before GC invocations=1077 (full 3):
 PSYoungGen      total 2560K, used 1727K [0x00000000d5580000, 0x00000000d5900000, 0x0000000100000000)
  eden space 1536K, 99% used [0x00000000d5580000,0x00000000d56ffc60,0x00000000d5700000)
  from space 1024K, 18% used [0x00000000d5700000,0x00000000d5730000,0x00000000d5800000)
  to   space 512K, 0% used [0x00000000d5880000,0x00000000d5880000,0x00000000d5900000)
 ParOldGen       total 232960K, used 208648K [0x0000000080000000, 0x000000008e380000, 0x00000000d5580000)
  object space 232960K, 89% used [0x0000000080000000,0x000000008cbc20d8,0x000000008e380000)
 Metaspace       used 69219K, committed 70784K, reserved 1114112K
  class space    used 7890K, committed 8576K, reserved 1048576K
}
Event: 373.165 GC heap after
{Heap after GC invocations=1077 (full 3):
 PSYoungGen      total 2048K, used 128K [0x00000000d5580000, 0x00000000d5900000, 0x0000000100000000)
  eden space 1536K, 0% used [0x00000000d5580000,0x00000000d5580000,0x00000000d5700000)
  from space 512K, 25% used [0x00000000d5880000,0x00000000d58a0000,0x00000000d5900000)
  to   space 512K, 0% used [0x00000000d5800000,0x00000000d5800000,0x00000000d5880000)
 ParOldGen       total 232960K, used 208832K [0x0000000080000000, 0x000000008e380000, 0x00000000d5580000)
  object space 232960K, 89% used [0x0000000080000000,0x000000008cbf00d8,0x000000008e380000)
 Metaspace       used 69219K, committed 70784K, reserved 1114112K
  class space    used 7890K, committed 8576K, reserved 1048576K
}
Event: 1916.997 GC heap before
{Heap before GC invocations=1078 (full 3):
 PSYoungGen      total 2048K, used 1663K [0x00000000d5580000, 0x00000000d5900000, 0x0000000100000000)
  eden space 1536K, 99% used [0x00000000d5580000,0x00000000d56ffff0,0x00000000d5700000)
  from space 512K, 25% used [0x00000000d5880000,0x00000000d58a0000,0x00000000d5900000)
  to   space 512K, 0% used [0x00000000d5800000,0x00000000d5800000,0x00000000d5880000)
 ParOldGen       total 232960K, used 208832K [0x0000000080000000, 0x000000008e380000, 0x00000000d5580000)
  object space 232960K, 89% used [0x0000000080000000,0x000000008cbf00d8,0x000000008e380000)
 Metaspace       used 69260K, committed 70784K, reserved 1114112K
  class space    used 7896K, committed 8576K, reserved 1048576K
}
Event: 1917.098 GC heap after
{Heap after GC invocations=1078 (full 3):
 PSYoungGen      total 2048K, used 128K [0x00000000d5580000, 0x00000000d5900000, 0x0000000100000000)
  eden space 1536K, 0% used [0x00000000d5580000,0x00000000d5580000,0x00000000d5700000)
  from space 512K, 25% used [0x00000000d5800000,0x00000000d5820000,0x00000000d5880000)
  to   space 512K, 0% used [0x00000000d5880000,0x00000000d5880000,0x00000000d5900000)
 ParOldGen       total 232960K, used 208872K [0x0000000080000000, 0x000000008e380000, 0x00000000d5580000)
  object space 232960K, 89% used [0x0000000080000000,0x000000008cbfa0d8,0x000000008e380000)
 Metaspace       used 69260K, committed 70784K, reserved 1114112K
  class space    used 7896K, committed 8576K, reserved 1048576K
}
Event: 2142.505 GC heap before
{Heap before GC invocations=1079 (full 3):
 PSYoungGen      total 2048K, used 1651K [0x00000000d5580000, 0x00000000d5900000, 0x0000000100000000)
  eden space 1536K, 99% used [0x00000000d5580000,0x00000000d56fcda0,0x00000000d5700000)
  from space 512K, 25% used [0x00000000d5800000,0x00000000d5820000,0x00000000d5880000)
  to   space 512K, 0% used [0x00000000d5880000,0x00000000d5880000,0x00000000d5900000)
 ParOldGen       total 232960K, used 208872K [0x0000000080000000, 0x000000008e380000, 0x00000000d5580000)
  object space 232960K, 89% used [0x0000000080000000,0x000000008cbfa0d8,0x000000008e380000)
 Metaspace       used 69278K, committed 70784K, reserved 1114112K
  class space    used 7896K, committed 8576K, reserved 1048576K
}
Event: 2142.516 GC heap after
{Heap after GC invocations=1079 (full 3):
 PSYoungGen      total 2048K, used 352K [0x00000000d5580000, 0x00000000d5900000, 0x0000000100000000)
  eden space 1536K, 0% used [0x00000000d5580000,0x00000000d5580000,0x00000000d5700000)
  from space 512K, 68% used [0x00000000d5880000,0x00000000d58d8020,0x00000000d5900000)
  to   space 512K, 0% used [0x00000000d5800000,0x00000000d5800000,0x00000000d5880000)
 ParOldGen       total 232960K, used 208896K [0x0000000080000000, 0x000000008e380000, 0x00000000d5580000)
  object space 232960K, 89% used [0x0000000080000000,0x000000008cc000d8,0x000000008e380000)
 Metaspace       used 69278K, committed 70784K, reserved 1114112K
  class space    used 7896K, committed 8576K, reserved 1048576K
}
Event: 2513.238 GC heap before
{Heap before GC invocations=1080 (full 3):
 PSYoungGen      total 2048K, used 1888K [0x00000000d5580000, 0x00000000d5900000, 0x0000000100000000)
  eden space 1536K, 100% used [0x00000000d5580000,0x00000000d5700000,0x00000000d5700000)
  from space 512K, 68% used [0x00000000d5880000,0x00000000d58d8020,0x00000000d5900000)
  to   space 512K, 0% used [0x00000000d5800000,0x00000000d5800000,0x00000000d5880000)
 ParOldGen       total 232960K, used 208896K [0x0000000080000000, 0x000000008e380000, 0x00000000d5580000)
  object space 232960K, 89% used [0x0000000080000000,0x000000008cc000d8,0x000000008e380000)
 Metaspace       used 69287K, committed 70784K, reserved 1114112K
  class space    used 7896K, committed 8576K, reserved 1048576K
}
Event: 2513.247 GC heap after
{Heap after GC invocations=1080 (full 3):
 PSYoungGen      total 2048K, used 96K [0x00000000d5580000, 0x00000000d5900000, 0x0000000100000000)
  eden space 1536K, 0% used [0x00000000d5580000,0x00000000d5580000,0x00000000d5700000)
  from space 512K, 18% used [0x00000000d5800000,0x00000000d5818000,0x00000000d5880000)
  to   space 512K, 0% used [0x00000000d5880000,0x00000000d5880000,0x00000000d5900000)
 ParOldGen       total 232960K, used 208896K [0x0000000080000000, 0x000000008e380000, 0x00000000d5580000)
  object space 232960K, 89% used [0x0000000080000000,0x000000008cc000d8,0x000000008e380000)
 Metaspace       used 69287K, committed 70784K, reserved 1114112K
  class space    used 7896K, committed 8576K, reserved 1048576K
}
Event: 3042.527 GC heap before
{Heap before GC invocations=1081 (full 3):
 PSYoungGen      total 2048K, used 1610K [0x00000000d5580000, 0x00000000d5900000, 0x0000000100000000)
  eden space 1536K, 98% used [0x00000000d5580000,0x00000000d56faa58,0x00000000d5700000)
  from space 512K, 18% used [0x00000000d5800000,0x00000000d5818000,0x00000000d5880000)
  to   space 512K, 0% used [0x00000000d5880000,0x00000000d5880000,0x00000000d5900000)
 ParOldGen       total 232960K, used 208896K [0x0000000080000000, 0x000000008e380000, 0x00000000d5580000)
  object space 232960K, 89% used [0x0000000080000000,0x000000008cc000d8,0x000000008e380000)
 Metaspace       used 69314K, committed 70848K, reserved 1114112K
  class space    used 7896K, committed 8576K, reserved 1048576K
}
Event: 3042.539 GC heap after
{Heap after GC invocations=1081 (full 3):
 PSYoungGen      total 2048K, used 224K [0x00000000d5580000, 0x00000000d5900000, 0x0000000100000000)
  eden space 1536K, 0% used [0x00000000d5580000,0x00000000d5580000,0x00000000d5700000)
  from space 512K, 43% used [0x00000000d5880000,0x00000000d58b8000,0x00000000d5900000)
  to   space 512K, 0% used [0x00000000d5800000,0x00000000d5800000,0x00000000d5880000)
 ParOldGen       total 232960K, used 208912K [0x0000000080000000, 0x000000008e380000, 0x00000000d5580000)
  object space 232960K, 89% used [0x0000000080000000,0x000000008cc040d8,0x000000008e380000)
 Metaspace       used 69314K, committed 70848K, reserved 1114112K
  class space    used 7896K, committed 8576K, reserved 1048576K
}

