# JRE version: OpenJDK Runtime Environment Temurin-21.0.7+6 (21.0.7+6) (build 21.0.7+6-LTS)
# Java VM: OpenJDK 64-Bit Server VM Temurin-21.0.7+6 (21.0.7+6-LTS, mixed mode, sharing, tiered, compressed oops, compressed class ptrs, parallel gc, windows-amd64)
GC Precious Log:
 CardTable entry size: 512
 CPUs: 4 total, 4 available
 Memory: 7878M
 Large Page Support: Disabled
 NUMA Support: Disabled
 Compressed Oops: Enabled (32-bit)
 Alignments: Space 512K, Generation 512K, Heap 2M
 Heap Min Capacity: 100M
 Heap Initial Capacity: 100M
 Heap Max Capacity: 2G
 Pre-touch: Disabled
 Parallel Workers: 4
Heap:
 PSYoungGen      total 10752K, used 5567K [0x00000000d5580000, 0x00000000d6480000, 0x0000000100000000)
  eden space 9216K, 54% used [0x00000000d5580000,0x00000000d5a67e70,0x00000000d5e80000)
  from space 1536K, 35% used [0x00000000d6180000,0x00000000d6208000,0x00000000d6300000)
  to   space 1024K, 0% used [0x00000000d6380000,0x00000000d6380000,0x00000000d6480000)
 ParOldGen       total 68608K, used 38592K [0x0000000080000000, 0x0000000084300000, 0x00000000d5580000)
  object space 68608K, 56% used [0x0000000080000000,0x00000000825b0288,0x0000000084300000)
 Metaspace       used 31891K, committed 32832K, reserved 1114112K
  class space    used 3177K, committed 3584K, reserved 1048576K
GC Heap History (20 events):
Event: 16.877 GC heap before
{Heap before GC invocations=17 (full 1):
 PSYoungGen      total 10240K, used 10211K [0x00000000d5580000, 0x00000000d6500000, 0x0000000100000000)
  eden space 9216K, 100% used [0x00000000d5580000,0x00000000d5e80000,0x00000000d5e80000)
  from space 1024K, 97% used [0x00000000d6380000,0x00000000d6478c58,0x00000000d6480000)
  to   space 512K, 0% used [0x00000000d6480000,0x00000000d6480000,0x00000000d6500000)
 ParOldGen       total 68608K, used 33547K [0x0000000080000000, 0x0000000084300000, 0x00000000d5580000)
  object space 68608K, 48% used [0x0000000080000000,0x00000000820c2d70,0x0000000084300000)
 Metaspace       used 23530K, committed 24448K, reserved 1114112K
  class space    used 2314K, committed 2752K, reserved 1048576K
}
Event: 16.879 GC heap after
{Heap after GC invocations=17 (full 1):
 PSYoungGen      total 9728K, used 512K [0x00000000d5580000, 0x00000000d6500000, 0x0000000100000000)
  eden space 9216K, 0% used [0x00000000d5580000,0x00000000d5580000,0x00000000d5e80000)
  from space 512K, 100% used [0x00000000d6480000,0x00000000d6500000,0x00000000d6500000)
  to   space 1536K, 0% used [0x00000000d6200000,0x00000000d6200000,0x00000000d6380000)
 ParOldGen       total 68608K, used 34120K [0x0000000080000000, 0x0000000084300000, 0x00000000d5580000)
  object space 68608K, 49% used [0x0000000080000000,0x00000000821522f8,0x0000000084300000)
 Metaspace       used 23530K, committed 24448K, reserved 1114112K
  class space    used 2314K, committed 2752K, reserved 1048576K
}
Event: 17.093 GC heap before
{Heap before GC invocations=18 (full 1):
 PSYoungGen      total 9728K, used 9695K [0x00000000d5580000, 0x00000000d6500000, 0x0000000100000000)
  eden space 9216K, 99% used [0x00000000d5580000,0x00000000d5e77f98,0x00000000d5e80000)
  from space 512K, 100% used [0x00000000d6480000,0x00000000d6500000,0x00000000d6500000)
  to   space 1536K, 0% used [0x00000000d6200000,0x00000000d6200000,0x00000000d6380000)
 ParOldGen       total 68608K, used 34120K [0x0000000080000000, 0x0000000084300000, 0x00000000d5580000)
  object space 68608K, 49% used [0x0000000080000000,0x00000000821522f8,0x0000000084300000)
 Metaspace       used 24964K, committed 25856K, reserved 1114112K
  class space    used 2443K, committed 2880K, reserved 1048576K
}
Event: 17.094 GC heap after
{Heap after GC invocations=18 (full 1):
 PSYoungGen      total 10752K, used 224K [0x00000000d5580000, 0x00000000d6500000, 0x0000000100000000)
  eden space 9216K, 0% used [0x00000000d5580000,0x00000000d5580000,0x00000000d5e80000)
  from space 1536K, 14% used [0x00000000d6200000,0x00000000d6238000,0x00000000d6380000)
  to   space 1024K, 0% used [0x00000000d6400000,0x00000000d6400000,0x00000000d6500000)
 ParOldGen       total 68608K, used 34584K [0x0000000080000000, 0x0000000084300000, 0x00000000d5580000)
  object space 68608K, 50% used [0x0000000080000000,0x00000000821c60c0,0x0000000084300000)
 Metaspace       used 24964K, committed 25856K, reserved 1114112K
  class space    used 2443K, committed 2880K, reserved 1048576K
}
Event: 17.331 GC heap before
{Heap before GC invocations=19 (full 1):
 PSYoungGen      total 10752K, used 9440K [0x00000000d5580000, 0x00000000d6500000, 0x0000000100000000)
  eden space 9216K, 100% used [0x00000000d5580000,0x00000000d5e80000,0x00000000d5e80000)
  from space 1536K, 14% used [0x00000000d6200000,0x00000000d6238000,0x00000000d6380000)
  to   space 1024K, 0% used [0x00000000d6400000,0x00000000d6400000,0x00000000d6500000)
 ParOldGen       total 68608K, used 34584K [0x0000000080000000, 0x0000000084300000, 0x00000000d5580000)
  object space 68608K, 50% used [0x0000000080000000,0x00000000821c60c0,0x0000000084300000)
 Metaspace       used 26309K, committed 27200K, reserved 1114112K
  class space    used 2588K, committed 3008K, reserved 1048576K
}
Event: 17.334 GC heap after
{Heap after GC invocations=19 (full 1):
 PSYoungGen      total 10240K, used 522K [0x00000000d5580000, 0x00000000d6500000, 0x0000000100000000)
  eden space 9216K, 0% used [0x00000000d5580000,0x00000000d5580000,0x00000000d5e80000)
  from space 1024K, 50% used [0x00000000d6400000,0x00000000d6482870,0x00000000d6500000)
  to   space 1024K, 0% used [0x00000000d6300000,0x00000000d6300000,0x00000000d6400000)
 ParOldGen       total 68608K, used 34728K [0x0000000080000000, 0x0000000084300000, 0x00000000d5580000)
  object space 68608K, 50% used [0x0000000080000000,0x00000000821ea0c0,0x0000000084300000)
 Metaspace       used 26309K, committed 27200K, reserved 1114112K
  class space    used 2588K, committed 3008K, reserved 1048576K
}
Event: 17.578 GC heap before
{Heap before GC invocations=20 (full 1):
 PSYoungGen      total 10240K, used 9738K [0x00000000d5580000, 0x00000000d6500000, 0x0000000100000000)
  eden space 9216K, 100% used [0x00000000d5580000,0x00000000d5e80000,0x00000000d5e80000)
  from space 1024K, 50% used [0x00000000d6400000,0x00000000d6482870,0x00000000d6500000)
  to   space 1024K, 0% used [0x00000000d6300000,0x00000000d6300000,0x00000000d6400000)
 ParOldGen       total 68608K, used 34728K [0x0000000080000000, 0x0000000084300000, 0x00000000d5580000)
  object space 68608K, 50% used [0x0000000080000000,0x00000000821ea0c0,0x0000000084300000)
 Metaspace       used 27574K, committed 28416K, reserved 1114112K
  class space    used 2752K, committed 3136K, reserved 1048576K
}
Event: 17.579 GC heap after
{Heap after GC invocations=20 (full 1):
 PSYoungGen      total 10240K, used 878K [0x00000000d5580000, 0x00000000d6480000, 0x0000000100000000)
  eden space 9216K, 0% used [0x00000000d5580000,0x00000000d5580000,0x00000000d5e80000)
  from space 1024K, 85% used [0x00000000d6300000,0x00000000d63dbac8,0x00000000d6400000)
  to   space 512K, 0% used [0x00000000d6400000,0x00000000d6400000,0x00000000d6480000)
 ParOldGen       total 68608K, used 35138K [0x0000000080000000, 0x0000000084300000, 0x00000000d5580000)
  object space 68608K, 51% used [0x0000000080000000,0x0000000082250878,0x0000000084300000)
 Metaspace       used 27574K, committed 28416K, reserved 1114112K
  class space    used 2752K, committed 3136K, reserved 1048576K
}
Event: 17.810 GC heap before
{Heap before GC invocations=21 (full 1):
 PSYoungGen      total 10240K, used 10094K [0x00000000d5580000, 0x00000000d6480000, 0x0000000100000000)
  eden space 9216K, 100% used [0x00000000d5580000,0x00000000d5e80000,0x00000000d5e80000)
  from space 1024K, 85% used [0x00000000d6300000,0x00000000d63dbac8,0x00000000d6400000)
  to   space 512K, 0% used [0x00000000d6400000,0x00000000d6400000,0x00000000d6480000)
 ParOldGen       total 68608K, used 35138K [0x0000000080000000, 0x0000000084300000, 0x00000000d5580000)
  object space 68608K, 51% used [0x0000000080000000,0x0000000082250878,0x0000000084300000)
 Metaspace       used 28775K, committed 29696K, reserved 1114112K
  class space    used 2861K, committed 3264K, reserved 1048576K
}
Event: 17.812 GC heap after
{Heap after GC invocations=21 (full 1):
 PSYoungGen      total 9728K, used 308K [0x00000000d5580000, 0x00000000d6480000, 0x0000000100000000)
  eden space 9216K, 0% used [0x00000000d5580000,0x00000000d5580000,0x00000000d5e80000)
  from space 512K, 60% used [0x00000000d6400000,0x00000000d644d2e0,0x00000000d6480000)
  to   space 1024K, 0% used [0x00000000d6280000,0x00000000d6280000,0x00000000d6380000)
 ParOldGen       total 68608K, used 35256K [0x0000000080000000, 0x0000000084300000, 0x00000000d5580000)
  object space 68608K, 51% used [0x0000000080000000,0x000000008226e130,0x0000000084300000)
 Metaspace       used 28775K, committed 29696K, reserved 1114112K
  class space    used 2861K, committed 3264K, reserved 1048576K
}
Event: 18.049 GC heap before
{Heap before GC invocations=22 (full 1):
 PSYoungGen      total 9728K, used 9524K [0x00000000d5580000, 0x00000000d6480000, 0x0000000100000000)
  eden space 9216K, 100% used [0x00000000d5580000,0x00000000d5e80000,0x00000000d5e80000)
  from space 512K, 60% used [0x00000000d6400000,0x00000000d644d2e0,0x00000000d6480000)
  to   space 1024K, 0% used [0x00000000d6280000,0x00000000d6280000,0x00000000d6380000)
 ParOldGen       total 68608K, used 35256K [0x0000000080000000, 0x0000000084300000, 0x00000000d5580000)
  object space 68608K, 51% used [0x0000000080000000,0x000000008226e130,0x0000000084300000)
 Metaspace       used 29297K, committed 30208K, reserved 1114112K
  class space    used 2897K, committed 3328K, reserved 1048576K
}
Event: 18.052 GC heap after
{Heap after GC invocations=22 (full 1):
 PSYoungGen      total 10240K, used 462K [0x00000000d5580000, 0x00000000d6480000, 0x0000000100000000)
  eden space 9216K, 0% used [0x00000000d5580000,0x00000000d5580000,0x00000000d5e80000)
  from space 1024K, 45% used [0x00000000d6280000,0x00000000d62f38b0,0x00000000d6380000)
  to   space 512K, 0% used [0x00000000d6400000,0x00000000d6400000,0x00000000d6480000)
 ParOldGen       total 68608K, used 36954K [0x0000000080000000, 0x0000000084300000, 0x00000000d5580000)
  object space 68608K, 53% used [0x0000000080000000,0x0000000082416b50,0x0000000084300000)
 Metaspace       used 29297K, committed 30208K, reserved 1114112K
  class space    used 2897K, committed 3328K, reserved 1048576K
}
Event: 18.214 GC heap before
{Heap before GC invocations=23 (full 1):
 PSYoungGen      total 10240K, used 9678K [0x00000000d5580000, 0x00000000d6480000, 0x0000000100000000)
  eden space 9216K, 100% used [0x00000000d5580000,0x00000000d5e80000,0x00000000d5e80000)
  from space 1024K, 45% used [0x00000000d6280000,0x00000000d62f38b0,0x00000000d6380000)
  to   space 512K, 0% used [0x00000000d6400000,0x00000000d6400000,0x00000000d6480000)
 ParOldGen       total 68608K, used 36954K [0x0000000080000000, 0x0000000084300000, 0x00000000d5580000)
  object space 68608K, 53% used [0x0000000080000000,0x0000000082416b50,0x0000000084300000)
 Metaspace       used 29557K, committed 30400K, reserved 1114112K
  class space    used 2929K, committed 3328K, reserved 1048576K
}
Event: 18.216 GC heap after
{Heap after GC invocations=23 (full 1):
 PSYoungGen      total 9728K, used 301K [0x00000000d5580000, 0x00000000d6480000, 0x0000000100000000)
  eden space 9216K, 0% used [0x00000000d5580000,0x00000000d5580000,0x00000000d5e80000)
  from space 512K, 58% used [0x00000000d6400000,0x00000000d644b670,0x00000000d6480000)
  to   space 512K, 0% used [0x00000000d6380000,0x00000000d6380000,0x00000000d6400000)
 ParOldGen       total 68608K, used 37220K [0x0000000080000000, 0x0000000084300000, 0x00000000d5580000)
  object space 68608K, 54% used [0x0000000080000000,0x0000000082459340,0x0000000084300000)
 Metaspace       used 29557K, committed 30400K, reserved 1114112K
  class space    used 2929K, committed 3328K, reserved 1048576K
}
Event: 19.073 GC heap before
{Heap before GC invocations=24 (full 1):
 PSYoungGen      total 9728K, used 9517K [0x00000000d5580000, 0x00000000d6480000, 0x0000000100000000)
  eden space 9216K, 100% used [0x00000000d5580000,0x00000000d5e80000,0x00000000d5e80000)
  from space 512K, 58% used [0x00000000d6400000,0x00000000d644b670,0x00000000d6480000)
  to   space 512K, 0% used [0x00000000d6380000,0x00000000d6380000,0x00000000d6400000)
 ParOldGen       total 68608K, used 37220K [0x0000000080000000, 0x0000000084300000, 0x00000000d5580000)
  object space 68608K, 54% used [0x0000000080000000,0x0000000082459340,0x0000000084300000)
 Metaspace       used 29928K, committed 30848K, reserved 1114112K
  class space    used 2974K, committed 3392K, reserved 1048576K
}
Event: 19.077 GC heap after
{Heap after GC invocations=24 (full 1):
 PSYoungGen      total 9728K, used 489K [0x00000000d5580000, 0x00000000d6480000, 0x0000000100000000)
  eden space 9216K, 0% used [0x00000000d5580000,0x00000000d5580000,0x00000000d5e80000)
  from space 512K, 95% used [0x00000000d6380000,0x00000000d63fa520,0x00000000d6400000)
  to   space 512K, 0% used [0x00000000d6400000,0x00000000d6400000,0x00000000d6480000)
 ParOldGen       total 68608K, used 37740K [0x0000000080000000, 0x0000000084300000, 0x00000000d5580000)
  object space 68608K, 55% used [0x0000000080000000,0x00000000824db320,0x0000000084300000)
 Metaspace       used 29928K, committed 30848K, reserved 1114112K
  class space    used 2974K, committed 3392K, reserved 1048576K
}
Event: 19.658 GC heap before
{Heap before GC invocations=25 (full 1):
 PSYoungGen      total 9728K, used 9697K [0x00000000d5580000, 0x00000000d6480000, 0x0000000100000000)
  eden space 9216K, 99% used [0x00000000d5580000,0x00000000d5e7dfb0,0x00000000d5e80000)
  from space 512K, 95% used [0x00000000d6380000,0x00000000d63fa520,0x00000000d6400000)
  to   space 512K, 0% used [0x00000000d6400000,0x00000000d6400000,0x00000000d6480000)
 ParOldGen       total 68608K, used 37794K [0x0000000080000000, 0x0000000084300000, 0x00000000d5580000)
  object space 68608K, 55% used [0x0000000080000000,0x00000000824e8870,0x0000000084300000)
 Metaspace       used 30547K, committed 31488K, reserved 1114112K
  class space    used 3036K, committed 3456K, reserved 1048576K
}
Event: 19.661 GC heap after
{Heap after GC invocations=25 (full 1):
 PSYoungGen      total 9728K, used 490K [0x00000000d5580000, 0x00000000d6480000, 0x0000000100000000)
  eden space 9216K, 0% used [0x00000000d5580000,0x00000000d5580000,0x00000000d5e80000)
  from space 512K, 95% used [0x00000000d6400000,0x00000000d647aaa0,0x00000000d6480000)
  to   space 1536K, 0% used [0x00000000d6180000,0x00000000d6180000,0x00000000d6300000)
 ParOldGen       total 68608K, used 38364K [0x0000000080000000, 0x0000000084300000, 0x00000000d5580000)
  object space 68608K, 55% used [0x0000000080000000,0x00000000825772b8,0x0000000084300000)
 Metaspace       used 30547K, committed 31488K, reserved 1114112K
  class space    used 3036K, committed 3456K, reserved 1048576K
}
Event: 20.138 GC heap before
{Heap before GC invocations=26 (full 1):
 PSYoungGen      total 9728K, used 9706K [0x00000000d5580000, 0x00000000d6480000, 0x0000000100000000)
  eden space 9216K, 100% used [0x00000000d5580000,0x00000000d5e80000,0x00000000d5e80000)
  from space 512K, 95% used [0x00000000d6400000,0x00000000d647aaa0,0x00000000d6480000)
  to   space 1536K, 0% used [0x00000000d6180000,0x00000000d6180000,0x00000000d6300000)
 ParOldGen       total 68608K, used 38368K [0x0000000080000000, 0x0000000084300000, 0x00000000d5580000)
  object space 68608K, 55% used [0x0000000080000000,0x0000000082578278,0x0000000084300000)
 Metaspace       used 31652K, committed 32576K, reserved 1114112K
  class space    used 3156K, committed 3584K, reserved 1048576K
}
Event: 20.141 GC heap after
{Heap after GC invocations=26 (full 1):
 PSYoungGen      total 10752K, used 544K [0x00000000d5580000, 0x00000000d6480000, 0x0000000100000000)
  eden space 9216K, 0% used [0x00000000d5580000,0x00000000d5580000,0x00000000d5e80000)
  from space 1536K, 35% used [0x00000000d6180000,0x00000000d6208000,0x00000000d6300000)
  to   space 1024K, 0% used [0x00000000d6380000,0x00000000d6380000,0x00000000d6480000)
 ParOldGen       total 68608K, used 38592K [0x0000000080000000, 0x0000000084300000, 0x00000000d5580000)
  object space 68608K, 56% used [0x0000000080000000,0x00000000825b0288,0x0000000084300000)
 Metaspace       used 31652K, committed 32576K, reserved 1114112K
  class space    used 3156K, committed 3584K, reserved 1048576K
}

