# JRE version: OpenJDK Runtime Environment (22.0.2+9) (build 22.0.2+9-70)
# Java VM: OpenJDK 64-Bit Server VM (22.0.2+9-70, mixed mode, sharing, tiered, compressed oops, compressed class ptrs, g1 gc, windows-amd64)
GC Precious Log:
 CardTable entry size: 512
 Card Set container configuration: InlinePtr #cards 5 size 8 Array Of Cards #cards 12 size 40 Howl #buckets 4 coarsen threshold 1843 Howl Bitmap #cards 512 size 80 coarsen threshold 460 Card regions per heap region 1 cards per card region 2048
 CPUs: 4 total, 4 available
 Memory: 7878M
 Large Page Support: Disabled
 NUMA Support: Disabled
 Compressed Oops: Enabled (32-bit)
 Heap Region Size: 1M
 Heap Min Capacity: 8M
 Heap Initial Capacity: 124M
 Heap Max Capacity: 1970M
 Pre-touch: Disabled
 Parallel Workers: 4
 Concurrent Workers: 1
 Concurrent Refinement Workers: 4
 Periodic GC: Disabled
Heap:
 garbage-first heap   total reserved 2017280K, committed 91136K, used 78435K [0x0000000084e00000, 0x0000000100000000)
  region size 1024K, 21 young (21504K), 4 survivors (4096K)
 Metaspace       used 63781K, committed 64768K, reserved 1114112K
  class space    used 7770K, committed 8256K, reserved 1048576K
GC Heap History (20 events):
Event: 270.349 GC heap before
{Heap before GC invocations=51 (full 0):
 garbage-first heap   total reserved 2017280K, committed 58368K, used 49941K [0x0000000084e00000, 0x0000000100000000)
  region size 1024K, 17 young (17408K), 2 survivors (2048K)
 Metaspace       used 63285K, committed 64320K, reserved 1114112K
  class space    used 7767K, committed 8256K, reserved 1048576K
}
Event: 270.361 GC heap after
{Heap after GC invocations=52 (full 0):
 garbage-first heap   total reserved 2017280K, committed 58368K, used 36561K [0x0000000084e00000, 0x0000000100000000)
  region size 1024K, 3 young (3072K), 3 survivors (3072K)
 Metaspace       used 63285K, committed 64320K, reserved 1114112K
  class space    used 7767K, committed 8256K, reserved 1048576K
}
Event: 271.982 GC heap before
{Heap before GC invocations=52 (full 0):
 garbage-first heap   total reserved 2017280K, committed 58368K, used 50897K [0x0000000084e00000, 0x0000000100000000)
  region size 1024K, 17 young (17408K), 3 survivors (3072K)
 Metaspace       used 63331K, committed 64384K, reserved 1114112K
  class space    used 7767K, committed 8256K, reserved 1048576K
}
Event: 271.993 GC heap after
{Heap after GC invocations=53 (full 0):
 garbage-first heap   total reserved 2017280K, committed 58368K, used 38488K [0x0000000084e00000, 0x0000000100000000)
  region size 1024K, 2 young (2048K), 2 survivors (2048K)
 Metaspace       used 63331K, committed 64384K, reserved 1114112K
  class space    used 7767K, committed 8256K, reserved 1048576K
}
Event: 273.014 GC heap before
{Heap before GC invocations=54 (full 0):
 garbage-first heap   total reserved 2017280K, committed 65536K, used 51800K [0x0000000084e00000, 0x0000000100000000)
  region size 1024K, 15 young (15360K), 2 survivors (2048K)
 Metaspace       used 63354K, committed 64384K, reserved 1114112K
  class space    used 7767K, committed 8256K, reserved 1048576K
}
Event: 273.027 GC heap after
{Heap after GC invocations=55 (full 0):
 garbage-first heap   total reserved 2017280K, committed 65536K, used 39948K [0x0000000084e00000, 0x0000000100000000)
  region size 1024K, 2 young (2048K), 2 survivors (2048K)
 Metaspace       used 63354K, committed 64384K, reserved 1114112K
  class space    used 7767K, committed 8256K, reserved 1048576K
}
Event: 274.778 GC heap before
{Heap before GC invocations=55 (full 0):
 garbage-first heap   total reserved 2017280K, committed 65536K, used 57356K [0x0000000084e00000, 0x0000000100000000)
  region size 1024K, 20 young (20480K), 2 survivors (2048K)
 Metaspace       used 63373K, committed 64384K, reserved 1114112K
  class space    used 7767K, committed 8256K, reserved 1048576K
}
Event: 274.791 GC heap after
{Heap after GC invocations=56 (full 0):
 garbage-first heap   total reserved 2017280K, committed 65536K, used 41722K [0x0000000084e00000, 0x0000000100000000)
  region size 1024K, 3 young (3072K), 3 survivors (3072K)
 Metaspace       used 63373K, committed 64384K, reserved 1114112K
  class space    used 7767K, committed 8256K, reserved 1048576K
}
Event: 275.495 GC heap before
{Heap before GC invocations=56 (full 0):
 garbage-first heap   total reserved 2017280K, committed 65536K, used 58106K [0x0000000084e00000, 0x0000000100000000)
  region size 1024K, 19 young (19456K), 3 survivors (3072K)
 Metaspace       used 63377K, committed 64384K, reserved 1114112K
  class space    used 7767K, committed 8256K, reserved 1048576K
}
Event: 275.505 GC heap after
{Heap after GC invocations=57 (full 0):
 garbage-first heap   total reserved 2017280K, committed 65536K, used 43005K [0x0000000084e00000, 0x0000000100000000)
  region size 1024K, 2 young (2048K), 2 survivors (2048K)
 Metaspace       used 63377K, committed 64384K, reserved 1114112K
  class space    used 7767K, committed 8256K, reserved 1048576K
}
Event: 276.511 GC heap before
{Heap before GC invocations=58 (full 0):
 garbage-first heap   total reserved 2017280K, committed 73728K, used 57341K [0x0000000084e00000, 0x0000000100000000)
  region size 1024K, 16 young (16384K), 2 survivors (2048K)
 Metaspace       used 63392K, committed 64448K, reserved 1114112K
  class space    used 7767K, committed 8256K, reserved 1048576K
}
Event: 276.517 GC heap after
{Heap after GC invocations=59 (full 0):
 garbage-first heap   total reserved 2017280K, committed 89088K, used 44416K [0x0000000084e00000, 0x0000000100000000)
  region size 1024K, 2 young (2048K), 2 survivors (2048K)
 Metaspace       used 63392K, committed 64448K, reserved 1114112K
  class space    used 7767K, committed 8256K, reserved 1048576K
}
Event: 277.829 GC heap before
{Heap before GC invocations=59 (full 0):
 garbage-first heap   total reserved 2017280K, committed 89088K, used 79232K [0x0000000084e00000, 0x0000000100000000)
  region size 1024K, 36 young (36864K), 2 survivors (2048K)
 Metaspace       used 63495K, committed 64512K, reserved 1114112K
  class space    used 7768K, committed 8256K, reserved 1048576K
}
Event: 277.845 GC heap after
{Heap after GC invocations=60 (full 0):
 garbage-first heap   total reserved 2017280K, committed 89088K, used 48403K [0x0000000084e00000, 0x0000000100000000)
  region size 1024K, 5 young (5120K), 5 survivors (5120K)
 Metaspace       used 63495K, committed 64512K, reserved 1114112K
  class space    used 7768K, committed 8256K, reserved 1048576K
}
Event: 279.384 GC heap before
{Heap before GC invocations=60 (full 0):
 garbage-first heap   total reserved 2017280K, committed 89088K, used 78099K [0x0000000084e00000, 0x0000000100000000)
  region size 1024K, 34 young (34816K), 5 survivors (5120K)
 Metaspace       used 63670K, committed 64704K, reserved 1114112K
  class space    used 7768K, committed 8256K, reserved 1048576K
}
Event: 279.409 GC heap after
{Heap after GC invocations=61 (full 0):
 garbage-first heap   total reserved 2017280K, committed 89088K, used 54056K [0x0000000084e00000, 0x0000000100000000)
  region size 1024K, 5 young (5120K), 5 survivors (5120K)
 Metaspace       used 63670K, committed 64704K, reserved 1114112K
  class space    used 7768K, committed 8256K, reserved 1048576K
}
Event: 280.313 GC heap before
{Heap before GC invocations=62 (full 0):
 garbage-first heap   total reserved 2017280K, committed 91136K, used 78632K [0x0000000084e00000, 0x0000000100000000)
  region size 1024K, 29 young (29696K), 5 survivors (5120K)
 Metaspace       used 63757K, committed 64768K, reserved 1114112K
  class space    used 7769K, committed 8256K, reserved 1048576K
}
Event: 280.331 GC heap after
{Heap after GC invocations=63 (full 0):
 garbage-first heap   total reserved 2017280K, committed 91136K, used 58526K [0x0000000084e00000, 0x0000000100000000)
  region size 1024K, 4 young (4096K), 4 survivors (4096K)
 Metaspace       used 63757K, committed 64768K, reserved 1114112K
  class space    used 7769K, committed 8256K, reserved 1048576K
}
Event: 281.409 GC heap before
{Heap before GC invocations=63 (full 0):
 garbage-first heap   total reserved 2017280K, committed 91136K, used 80030K [0x0000000084e00000, 0x0000000100000000)
  region size 1024K, 26 young (26624K), 4 survivors (4096K)
 Metaspace       used 63771K, committed 64768K, reserved 1114112K
  class space    used 7769K, committed 8256K, reserved 1048576K
}
Event: 281.430 GC heap after
{Heap after GC invocations=64 (full 0):
 garbage-first heap   total reserved 2017280K, committed 91136K, used 62051K [0x0000000084e00000, 0x0000000100000000)
  region size 1024K, 4 young (4096K), 4 survivors (4096K)
 Metaspace       used 63771K, committed 64768K, reserved 1114112K
  class space    used 7769K, committed 8256K, reserved 1048576K
}

