# JRE version: OpenJDK Runtime Environment Temurin-21.0.8+9 (21.0.8+9) (build 21.0.8+9-LTS)
# Java VM: OpenJDK 64-Bit Server VM Temurin-21.0.8+9 (21.0.8+9-LTS, mixed mode, sharing, tiered, compressed oops, compressed class ptrs, parallel gc, windows-amd64)
GC Precious Log:
 CardTable entry size: 512
 CPUs: 4 total, 4 available
 Memory: 7878M
 Large Page Support: Disabled
 NUMA Support: Disabled
 Compressed Oops: Enabled (32-bit)
 Alignments: Space 512K, Generation 512K, Heap 2M
 Heap Min Capacity: 100M
 Heap Initial Capacity: 100M
 Heap Max Capacity: 2G
 Pre-touch: Disabled
 Parallel Workers: 4
Heap:
 PSYoungGen      total 7680K, used 7180K [0x00000000d5580000, 0x00000000d5f80000, 0x0000000100000000)
  eden space 5120K, 100% used [0x00000000d5580000,0x00000000d5a80000,0x00000000d5a80000)
  from space 2560K, 80% used [0x00000000d5a80000,0x00000000d5c83310,0x00000000d5d00000)
  to   space 2560K, 33% used [0x00000000d5d00000,0x00000000d5dd6000,0x00000000d5f80000)
 ParOldGen       total 124928K, used 124920K [0x0000000080000000, 0x0000000087a00000, 0x00000000d5580000)
  object space 124928K, 99% used [0x0000000080000000,0x00000000879fe1c8,0x0000000087a00000)
 Metaspace       used 57578K, committed 58880K, reserved 1114112K
  class space    used 6546K, committed 7104K, reserved 1048576K
GC Heap History (20 events):
Event: 28.302 GC heap before
{Heap before GC invocations=140 (full 2):
 PSYoungGen      total 6656K, used 6251K [0x00000000d5580000, 0x00000000d5d00000, 0x0000000100000000)
  eden space 5632K, 100% used [0x00000000d5580000,0x00000000d5b00000,0x00000000d5b00000)
  from space 1024K, 60% used [0x00000000d5b00000,0x00000000d5b9ac18,0x00000000d5c00000)
  to   space 1024K, 0% used [0x00000000d5c00000,0x00000000d5c00000,0x00000000d5d00000)
 ParOldGen       total 116736K, used 116727K [0x0000000080000000, 0x0000000087200000, 0x00000000d5580000)
  object space 116736K, 99% used [0x0000000080000000,0x00000000871fde90,0x0000000087200000)
 Metaspace       used 55066K, committed 56384K, reserved 1114112K
  class space    used 6130K, committed 6720K, reserved 1048576K
}
Event: 28.304 GC heap after
{Heap after GC invocations=140 (full 2):
 PSYoungGen      total 6656K, used 640K [0x00000000d5580000, 0x00000000d5d00000, 0x0000000100000000)
  eden space 5632K, 0% used [0x00000000d5580000,0x00000000d5580000,0x00000000d5b00000)
  from space 1024K, 62% used [0x00000000d5c00000,0x00000000d5ca0000,0x00000000d5d00000)
  to   space 1024K, 0% used [0x00000000d5b00000,0x00000000d5b00000,0x00000000d5c00000)
 ParOldGen       total 117760K, used 117261K [0x0000000080000000, 0x0000000087300000, 0x00000000d5580000)
  object space 117760K, 99% used [0x0000000080000000,0x00000000872836a0,0x0000000087300000)
 Metaspace       used 55066K, committed 56384K, reserved 1114112K
  class space    used 6130K, committed 6720K, reserved 1048576K
}
Event: 28.457 GC heap before
{Heap before GC invocations=141 (full 2):
 PSYoungGen      total 6656K, used 6258K [0x00000000d5580000, 0x00000000d5d00000, 0x0000000100000000)
  eden space 5632K, 99% used [0x00000000d5580000,0x00000000d5afcbe0,0x00000000d5b00000)
  from space 1024K, 62% used [0x00000000d5c00000,0x00000000d5ca0000,0x00000000d5d00000)
  to   space 1024K, 0% used [0x00000000d5b00000,0x00000000d5b00000,0x00000000d5c00000)
 ParOldGen       total 117760K, used 117261K [0x0000000080000000, 0x0000000087300000, 0x00000000d5580000)
  object space 117760K, 99% used [0x0000000080000000,0x00000000872836a0,0x0000000087300000)
 Metaspace       used 55082K, committed 56384K, reserved 1114112K
  class space    used 6134K, committed 6720K, reserved 1048576K
}
Event: 28.459 GC heap after
{Heap after GC invocations=141 (full 2):
 PSYoungGen      total 6656K, used 704K [0x00000000d5580000, 0x00000000d5d00000, 0x0000000100000000)
  eden space 5632K, 0% used [0x00000000d5580000,0x00000000d5580000,0x00000000d5b00000)
  from space 1024K, 68% used [0x00000000d5b00000,0x00000000d5bb0000,0x00000000d5c00000)
  to   space 1024K, 0% used [0x00000000d5c00000,0x00000000d5c00000,0x00000000d5d00000)
 ParOldGen       total 118272K, used 117829K [0x0000000080000000, 0x0000000087380000, 0x00000000d5580000)
  object space 118272K, 99% used [0x0000000080000000,0x00000000873116a0,0x0000000087380000)
 Metaspace       used 55082K, committed 56384K, reserved 1114112K
  class space    used 6134K, committed 6720K, reserved 1048576K
}
Event: 28.511 GC heap before
{Heap before GC invocations=142 (full 2):
 PSYoungGen      total 6656K, used 6336K [0x00000000d5580000, 0x00000000d5d00000, 0x0000000100000000)
  eden space 5632K, 100% used [0x00000000d5580000,0x00000000d5b00000,0x00000000d5b00000)
  from space 1024K, 68% used [0x00000000d5b00000,0x00000000d5bb0000,0x00000000d5c00000)
  to   space 1024K, 0% used [0x00000000d5c00000,0x00000000d5c00000,0x00000000d5d00000)
 ParOldGen       total 118272K, used 117829K [0x0000000080000000, 0x0000000087380000, 0x00000000d5580000)
  object space 118272K, 99% used [0x0000000080000000,0x00000000873116a0,0x0000000087380000)
 Metaspace       used 55082K, committed 56384K, reserved 1114112K
  class space    used 6134K, committed 6720K, reserved 1048576K
}
Event: 28.512 GC heap after
{Heap after GC invocations=142 (full 2):
 PSYoungGen      total 6656K, used 608K [0x00000000d5580000, 0x00000000d5d00000, 0x0000000100000000)
  eden space 5632K, 0% used [0x00000000d5580000,0x00000000d5580000,0x00000000d5b00000)
  from space 1024K, 59% used [0x00000000d5c00000,0x00000000d5c98000,0x00000000d5d00000)
  to   space 1024K, 0% used [0x00000000d5b00000,0x00000000d5b00000,0x00000000d5c00000)
 ParOldGen       total 118784K, used 118460K [0x0000000080000000, 0x0000000087400000, 0x00000000d5580000)
  object space 118784K, 99% used [0x0000000080000000,0x00000000873af390,0x0000000087400000)
 Metaspace       used 55082K, committed 56384K, reserved 1114112K
  class space    used 6134K, committed 6720K, reserved 1048576K
}
Event: 29.396 GC heap before
{Heap before GC invocations=143 (full 2):
 PSYoungGen      total 6656K, used 6234K [0x00000000d5580000, 0x00000000d5d00000, 0x0000000100000000)
  eden space 5632K, 99% used [0x00000000d5580000,0x00000000d5afe808,0x00000000d5b00000)
  from space 1024K, 59% used [0x00000000d5c00000,0x00000000d5c98000,0x00000000d5d00000)
  to   space 1024K, 0% used [0x00000000d5b00000,0x00000000d5b00000,0x00000000d5c00000)
 ParOldGen       total 118784K, used 118460K [0x0000000080000000, 0x0000000087400000, 0x00000000d5580000)
  object space 118784K, 99% used [0x0000000080000000,0x00000000873af390,0x0000000087400000)
 Metaspace       used 55121K, committed 56384K, reserved 1114112K
  class space    used 6141K, committed 6720K, reserved 1048576K
}
Event: 29.398 GC heap after
{Heap after GC invocations=143 (full 2):
 PSYoungGen      total 6656K, used 608K [0x00000000d5580000, 0x00000000d5d00000, 0x0000000100000000)
  eden space 5632K, 0% used [0x00000000d5580000,0x00000000d5580000,0x00000000d5b00000)
  from space 1024K, 59% used [0x00000000d5b00000,0x00000000d5b98000,0x00000000d5c00000)
  to   space 1024K, 0% used [0x00000000d5c00000,0x00000000d5c00000,0x00000000d5d00000)
 ParOldGen       total 119296K, used 119004K [0x0000000080000000, 0x0000000087480000, 0x00000000d5580000)
  object space 119296K, 99% used [0x0000000080000000,0x0000000087437390,0x0000000087480000)
 Metaspace       used 55121K, committed 56384K, reserved 1114112K
  class space    used 6141K, committed 6720K, reserved 1048576K
}
Event: 29.450 GC heap before
{Heap before GC invocations=144 (full 2):
 PSYoungGen      total 6656K, used 6240K [0x00000000d5580000, 0x00000000d5d00000, 0x0000000100000000)
  eden space 5632K, 100% used [0x00000000d5580000,0x00000000d5b00000,0x00000000d5b00000)
  from space 1024K, 59% used [0x00000000d5b00000,0x00000000d5b98000,0x00000000d5c00000)
  to   space 1024K, 0% used [0x00000000d5c00000,0x00000000d5c00000,0x00000000d5d00000)
 ParOldGen       total 119296K, used 119004K [0x0000000080000000, 0x0000000087480000, 0x00000000d5580000)
  object space 119296K, 99% used [0x0000000080000000,0x0000000087437390,0x0000000087480000)
 Metaspace       used 55182K, committed 56448K, reserved 1114112K
  class space    used 6155K, committed 6720K, reserved 1048576K
}
Event: 29.452 GC heap after
{Heap after GC invocations=144 (full 2):
 PSYoungGen      total 6656K, used 944K [0x00000000d5580000, 0x00000000d5d00000, 0x0000000100000000)
  eden space 5632K, 0% used [0x00000000d5580000,0x00000000d5580000,0x00000000d5b00000)
  from space 1024K, 92% used [0x00000000d5c00000,0x00000000d5cec008,0x00000000d5d00000)
  to   space 1024K, 0% used [0x00000000d5b00000,0x00000000d5b00000,0x00000000d5c00000)
 ParOldGen       total 119808K, used 119548K [0x0000000080000000, 0x0000000087500000, 0x00000000d5580000)
  object space 119808K, 99% used [0x0000000080000000,0x00000000874bf390,0x0000000087500000)
 Metaspace       used 55182K, committed 56448K, reserved 1114112K
  class space    used 6155K, committed 6720K, reserved 1048576K
}
Event: 29.527 GC heap before
{Heap before GC invocations=145 (full 2):
 PSYoungGen      total 6656K, used 6576K [0x00000000d5580000, 0x00000000d5d00000, 0x0000000100000000)
  eden space 5632K, 100% used [0x00000000d5580000,0x00000000d5b00000,0x00000000d5b00000)
  from space 1024K, 92% used [0x00000000d5c00000,0x00000000d5cec008,0x00000000d5d00000)
  to   space 1024K, 0% used [0x00000000d5b00000,0x00000000d5b00000,0x00000000d5c00000)
 ParOldGen       total 119808K, used 119548K [0x0000000080000000, 0x0000000087500000, 0x00000000d5580000)
  object space 119808K, 99% used [0x0000000080000000,0x00000000874bf390,0x0000000087500000)
 Metaspace       used 55377K, committed 56640K, reserved 1114112K
  class space    used 6191K, committed 6784K, reserved 1048576K
}
Event: 29.530 GC heap after
{Heap after GC invocations=145 (full 2):
 PSYoungGen      total 6656K, used 608K [0x00000000d5580000, 0x00000000d5d00000, 0x0000000100000000)
  eden space 5632K, 0% used [0x00000000d5580000,0x00000000d5580000,0x00000000d5b00000)
  from space 1024K, 59% used [0x00000000d5b00000,0x00000000d5b98020,0x00000000d5c00000)
  to   space 1024K, 0% used [0x00000000d5c00000,0x00000000d5c00000,0x00000000d5d00000)
 ParOldGen       total 120832K, used 120388K [0x0000000080000000, 0x0000000087600000, 0x00000000d5580000)
  object space 120832K, 99% used [0x0000000080000000,0x0000000087591398,0x0000000087600000)
 Metaspace       used 55377K, committed 56640K, reserved 1114112K
  class space    used 6191K, committed 6784K, reserved 1048576K
}
Event: 29.636 GC heap before
{Heap before GC invocations=146 (full 2):
 PSYoungGen      total 6656K, used 6227K [0x00000000d5580000, 0x00000000d5d00000, 0x0000000100000000)
  eden space 5632K, 99% used [0x00000000d5580000,0x00000000d5afccf0,0x00000000d5b00000)
  from space 1024K, 59% used [0x00000000d5b00000,0x00000000d5b98020,0x00000000d5c00000)
  to   space 1024K, 0% used [0x00000000d5c00000,0x00000000d5c00000,0x00000000d5d00000)
 ParOldGen       total 120832K, used 120388K [0x0000000080000000, 0x0000000087600000, 0x00000000d5580000)
  object space 120832K, 99% used [0x0000000080000000,0x0000000087591398,0x0000000087600000)
 Metaspace       used 55805K, committed 57088K, reserved 1114112K
  class space    used 6263K, committed 6848K, reserved 1048576K
}
Event: 29.639 GC heap after
{Heap after GC invocations=146 (full 2):
 PSYoungGen      total 6656K, used 562K [0x00000000d5580000, 0x00000000d5d00000, 0x0000000100000000)
  eden space 5632K, 0% used [0x00000000d5580000,0x00000000d5580000,0x00000000d5b00000)
  from space 1024K, 54% used [0x00000000d5c00000,0x00000000d5c8c990,0x00000000d5d00000)
  to   space 1024K, 0% used [0x00000000d5b00000,0x00000000d5b00000,0x00000000d5c00000)
 ParOldGen       total 121344K, used 120892K [0x0000000080000000, 0x0000000087680000, 0x00000000d5580000)
  object space 121344K, 99% used [0x0000000080000000,0x000000008760f3b8,0x0000000087680000)
 Metaspace       used 55805K, committed 57088K, reserved 1114112K
  class space    used 6263K, committed 6848K, reserved 1048576K
}
Event: 29.788 GC heap before
{Heap before GC invocations=147 (full 2):
 PSYoungGen      total 6656K, used 6194K [0x00000000d5580000, 0x00000000d5d00000, 0x0000000100000000)
  eden space 5632K, 100% used [0x00000000d5580000,0x00000000d5b00000,0x00000000d5b00000)
  from space 1024K, 54% used [0x00000000d5c00000,0x00000000d5c8c990,0x00000000d5d00000)
  to   space 1024K, 0% used [0x00000000d5b00000,0x00000000d5b00000,0x00000000d5c00000)
 ParOldGen       total 121344K, used 120892K [0x0000000080000000, 0x0000000087680000, 0x00000000d5580000)
  object space 121344K, 99% used [0x0000000080000000,0x000000008760f3b8,0x0000000087680000)
 Metaspace       used 56300K, committed 57664K, reserved 1114112K
  class space    used 6341K, committed 6912K, reserved 1048576K
}
Event: 29.794 GC heap after
{Heap after GC invocations=147 (full 2):
 PSYoungGen      total 6656K, used 1014K [0x00000000d5580000, 0x00000000d5f00000, 0x0000000100000000)
  eden space 5632K, 0% used [0x00000000d5580000,0x00000000d5580000,0x00000000d5b00000)
  from space 1024K, 99% used [0x00000000d5b00000,0x00000000d5bfd810,0x00000000d5c00000)
  to   space 2048K, 0% used [0x00000000d5d00000,0x00000000d5d00000,0x00000000d5f00000)
 ParOldGen       total 121856K, used 121598K [0x0000000080000000, 0x0000000087700000, 0x00000000d5580000)
  object space 121856K, 99% used [0x0000000080000000,0x00000000876bf9d8,0x0000000087700000)
 Metaspace       used 56300K, committed 57664K, reserved 1114112K
  class space    used 6341K, committed 6912K, reserved 1048576K
}
Event: 29.930 GC heap before
{Heap before GC invocations=148 (full 2):
 PSYoungGen      total 6656K, used 6641K [0x00000000d5580000, 0x00000000d5f00000, 0x0000000100000000)
  eden space 5632K, 99% used [0x00000000d5580000,0x00000000d5afec10,0x00000000d5b00000)
  from space 1024K, 99% used [0x00000000d5b00000,0x00000000d5bfd810,0x00000000d5c00000)
  to   space 2048K, 0% used [0x00000000d5d00000,0x00000000d5d00000,0x00000000d5f00000)
 ParOldGen       total 121856K, used 121598K [0x0000000080000000, 0x0000000087700000, 0x00000000d5580000)
  object space 121856K, 99% used [0x0000000080000000,0x00000000876bf9d8,0x0000000087700000)
 Metaspace       used 56845K, committed 58112K, reserved 1114112K
  class space    used 6422K, committed 6976K, reserved 1048576K
}
Event: 29.934 GC heap after
{Heap after GC invocations=148 (full 2):
 PSYoungGen      total 7168K, used 1987K [0x00000000d5580000, 0x00000000d6000000, 0x0000000100000000)
  eden space 5120K, 0% used [0x00000000d5580000,0x00000000d5580000,0x00000000d5a80000)
  from space 2048K, 97% used [0x00000000d5d00000,0x00000000d5ef0c00,0x00000000d5f00000)
  to   space 2560K, 0% used [0x00000000d5a80000,0x00000000d5a80000,0x00000000d5d00000)
 ParOldGen       total 122368K, used 122150K [0x0000000080000000, 0x0000000087780000, 0x00000000d5580000)
  object space 122368K, 99% used [0x0000000080000000,0x0000000087749be0,0x0000000087780000)
 Metaspace       used 56845K, committed 58112K, reserved 1114112K
  class space    used 6422K, committed 6976K, reserved 1048576K
}
Event: 30.037 GC heap before
{Heap before GC invocations=149 (full 2):
 PSYoungGen      total 7168K, used 7107K [0x00000000d5580000, 0x00000000d6000000, 0x0000000100000000)
  eden space 5120K, 100% used [0x00000000d5580000,0x00000000d5a80000,0x00000000d5a80000)
  from space 2048K, 97% used [0x00000000d5d00000,0x00000000d5ef0c00,0x00000000d5f00000)
  to   space 2560K, 0% used [0x00000000d5a80000,0x00000000d5a80000,0x00000000d5d00000)
 ParOldGen       total 122368K, used 122150K [0x0000000080000000, 0x0000000087780000, 0x00000000d5580000)
  object space 122368K, 99% used [0x0000000080000000,0x0000000087749be0,0x0000000087780000)
 Metaspace       used 57189K, committed 58496K, reserved 1114112K
  class space    used 6476K, committed 7040K, reserved 1048576K
}
Event: 30.041 GC heap after
{Heap after GC invocations=149 (full 2):
 PSYoungGen      total 7680K, used 2060K [0x00000000d5580000, 0x00000000d5f80000, 0x0000000100000000)
  eden space 5120K, 0% used [0x00000000d5580000,0x00000000d5580000,0x00000000d5a80000)
  from space 2560K, 80% used [0x00000000d5a80000,0x00000000d5c83310,0x00000000d5d00000)
  to   space 2560K, 0% used [0x00000000d5d00000,0x00000000d5d00000,0x00000000d5f80000)
 ParOldGen       total 123904K, used 123791K [0x0000000080000000, 0x0000000087900000, 0x00000000d5580000)
  object space 123904K, 99% used [0x0000000080000000,0x00000000878e3d08,0x0000000087900000)
 Metaspace       used 57189K, committed 58496K, reserved 1114112K
  class space    used 6476K, committed 7040K, reserved 1048576K
}

