# JRE version: OpenJDK Runtime Environment Temurin-21.0.8+9 (21.0.8+9) (build 21.0.8+9-LTS)
# Java VM: OpenJDK 64-Bit Server VM Temurin-21.0.8+9 (21.0.8+9-LTS, mixed mode, sharing, tiered, compressed oops, compressed class ptrs, parallel gc, windows-amd64)
GC Precious Log:
 CardTable entry size: 512
 CPUs: 4 total, 4 available
 Memory: 7878M
 Large Page Support: Disabled
 NUMA Support: Disabled
 Compressed Oops: Enabled (32-bit)
 Alignments: Space 512K, Generation 512K, Heap 2M
 Heap Min Capacity: 100M
 Heap Initial Capacity: 100M
 Heap Max Capacity: 2G
 Pre-touch: Disabled
 Parallel Workers: 4
Heap:
 PSYoungGen      total 7680K, used 6435K [0x00000000d5580000, 0x00000000d6700000, 0x0000000100000000)
  eden space 7168K, 87% used [0x00000000d5580000,0x00000000d5b98c58,0x00000000d5c80000)
  from space 512K, 37% used [0x00000000d5e80000,0x00000000d5eb0000,0x00000000d5f00000)
  to   space 2560K, 0% used [0x00000000d6480000,0x00000000d6480000,0x00000000d6700000)
 ParOldGen       total 145408K, used 145129K [0x0000000080000000, 0x0000000088e00000, 0x00000000d5580000)
  object space 145408K, 99% used [0x0000000080000000,0x0000000088dba5d8,0x0000000088e00000)
 Metaspace       used 64760K, committed 66176K, reserved 1114112K
  class space    used 7375K, committed 8000K, reserved 1048576K
GC Heap History (20 events):
Event: 135.988 GC heap before
{Heap before GC invocations=125 (full 3):
 PSYoungGen      total 16896K, used 16864K [0x00000000d5580000, 0x00000000d6b80000, 0x0000000100000000)
  eden space 16384K, 100% used [0x00000000d5580000,0x00000000d6580000,0x00000000d6580000)
  from space 512K, 93% used [0x00000000d6a80000,0x00000000d6af8000,0x00000000d6b00000)
  to   space 512K, 0% used [0x00000000d6b00000,0x00000000d6b00000,0x00000000d6b80000)
 ParOldGen       total 117248K, used 108325K [0x0000000080000000, 0x0000000087280000, 0x00000000d5580000)
  object space 117248K, 92% used [0x0000000080000000,0x00000000869c9690,0x0000000087280000)
 Metaspace       used 63813K, committed 65216K, reserved 1114112K
  class space    used 7255K, committed 7872K, reserved 1048576K
}
Event: 135.990 GC heap after
{Heap after GC invocations=125 (full 3):
 PSYoungGen      total 16896K, used 448K [0x00000000d5580000, 0x00000000d6b80000, 0x0000000100000000)
  eden space 16384K, 0% used [0x00000000d5580000,0x00000000d5580000,0x00000000d6580000)
  from space 512K, 87% used [0x00000000d6b00000,0x00000000d6b70000,0x00000000d6b80000)
  to   space 512K, 0% used [0x00000000d6a80000,0x00000000d6a80000,0x00000000d6b00000)
 ParOldGen       total 117248K, used 108741K [0x0000000080000000, 0x0000000087280000, 0x00000000d5580000)
  object space 117248K, 92% used [0x0000000080000000,0x0000000086a31690,0x0000000087280000)
 Metaspace       used 63813K, committed 65216K, reserved 1114112K
  class space    used 7255K, committed 7872K, reserved 1048576K
}
Event: 136.049 GC heap before
{Heap before GC invocations=126 (full 3):
 PSYoungGen      total 16896K, used 16832K [0x00000000d5580000, 0x00000000d6b80000, 0x0000000100000000)
  eden space 16384K, 100% used [0x00000000d5580000,0x00000000d6580000,0x00000000d6580000)
  from space 512K, 87% used [0x00000000d6b00000,0x00000000d6b70000,0x00000000d6b80000)
  to   space 512K, 0% used [0x00000000d6a80000,0x00000000d6a80000,0x00000000d6b00000)
 ParOldGen       total 117248K, used 108741K [0x0000000080000000, 0x0000000087280000, 0x00000000d5580000)
  object space 117248K, 92% used [0x0000000080000000,0x0000000086a31690,0x0000000087280000)
 Metaspace       used 63813K, committed 65216K, reserved 1114112K
  class space    used 7255K, committed 7872K, reserved 1048576K
}
Event: 136.050 GC heap after
{Heap after GC invocations=126 (full 3):
 PSYoungGen      total 16896K, used 384K [0x00000000d5580000, 0x00000000d6b80000, 0x0000000100000000)
  eden space 16384K, 0% used [0x00000000d5580000,0x00000000d5580000,0x00000000d6580000)
  from space 512K, 75% used [0x00000000d6a80000,0x00000000d6ae0000,0x00000000d6b00000)
  to   space 512K, 0% used [0x00000000d6b00000,0x00000000d6b00000,0x00000000d6b80000)
 ParOldGen       total 117248K, used 109165K [0x0000000080000000, 0x0000000087280000, 0x00000000d5580000)
  object space 117248K, 93% used [0x0000000080000000,0x0000000086a9b690,0x0000000087280000)
 Metaspace       used 63813K, committed 65216K, reserved 1114112K
  class space    used 7255K, committed 7872K, reserved 1048576K
}
Event: 136.108 GC heap before
{Heap before GC invocations=127 (full 3):
 PSYoungGen      total 16896K, used 16768K [0x00000000d5580000, 0x00000000d6b80000, 0x0000000100000000)
  eden space 16384K, 100% used [0x00000000d5580000,0x00000000d6580000,0x00000000d6580000)
  from space 512K, 75% used [0x00000000d6a80000,0x00000000d6ae0000,0x00000000d6b00000)
  to   space 512K, 0% used [0x00000000d6b00000,0x00000000d6b00000,0x00000000d6b80000)
 ParOldGen       total 117248K, used 109165K [0x0000000080000000, 0x0000000087280000, 0x00000000d5580000)
  object space 117248K, 93% used [0x0000000080000000,0x0000000086a9b690,0x0000000087280000)
 Metaspace       used 63813K, committed 65216K, reserved 1114112K
  class space    used 7255K, committed 7872K, reserved 1048576K
}
Event: 136.110 GC heap after
{Heap after GC invocations=127 (full 3):
 PSYoungGen      total 16896K, used 384K [0x00000000d5580000, 0x00000000d6b80000, 0x0000000100000000)
  eden space 16384K, 0% used [0x00000000d5580000,0x00000000d5580000,0x00000000d6580000)
  from space 512K, 75% used [0x00000000d6b00000,0x00000000d6b60000,0x00000000d6b80000)
  to   space 512K, 0% used [0x00000000d6a80000,0x00000000d6a80000,0x00000000d6b00000)
 ParOldGen       total 117248K, used 109525K [0x0000000080000000, 0x0000000087280000, 0x00000000d5580000)
  object space 117248K, 93% used [0x0000000080000000,0x0000000086af5690,0x0000000087280000)
 Metaspace       used 63813K, committed 65216K, reserved 1114112K
  class space    used 7255K, committed 7872K, reserved 1048576K
}
Event: 136.171 GC heap before
{Heap before GC invocations=128 (full 3):
 PSYoungGen      total 16896K, used 11834K [0x00000000d5580000, 0x00000000d6b80000, 0x0000000100000000)
  eden space 16384K, 69% used [0x00000000d5580000,0x00000000d60ae810,0x00000000d6580000)
  from space 512K, 75% used [0x00000000d6b00000,0x00000000d6b60000,0x00000000d6b80000)
  to   space 512K, 0% used [0x00000000d6a80000,0x00000000d6a80000,0x00000000d6b00000)
 ParOldGen       total 117248K, used 109525K [0x0000000080000000, 0x0000000087280000, 0x00000000d5580000)
  object space 117248K, 93% used [0x0000000080000000,0x0000000086af5690,0x0000000087280000)
 Metaspace       used 63814K, committed 65216K, reserved 1114112K
  class space    used 7255K, committed 7872K, reserved 1048576K
}
Event: 136.173 GC heap after
{Heap after GC invocations=128 (full 3):
 PSYoungGen      total 16896K, used 488K [0x00000000d5580000, 0x00000000d6b80000, 0x0000000100000000)
  eden space 16384K, 0% used [0x00000000d5580000,0x00000000d5580000,0x00000000d6580000)
  from space 512K, 95% used [0x00000000d6a80000,0x00000000d6afa2e0,0x00000000d6b00000)
  to   space 512K, 0% used [0x00000000d6b00000,0x00000000d6b00000,0x00000000d6b80000)
 ParOldGen       total 117248K, used 109901K [0x0000000080000000, 0x0000000087280000, 0x00000000d5580000)
  object space 117248K, 93% used [0x0000000080000000,0x0000000086b53690,0x0000000087280000)
 Metaspace       used 63814K, committed 65216K, reserved 1114112K
  class space    used 7255K, committed 7872K, reserved 1048576K
}
Event: 136.265 GC heap before
{Heap before GC invocations=129 (full 3):
 PSYoungGen      total 16896K, used 14794K [0x00000000d5580000, 0x00000000d6b80000, 0x0000000100000000)
  eden space 16384K, 87% used [0x00000000d5580000,0x00000000d6378828,0x00000000d6580000)
  from space 512K, 95% used [0x00000000d6a80000,0x00000000d6afa2e0,0x00000000d6b00000)
  to   space 512K, 0% used [0x00000000d6b00000,0x00000000d6b00000,0x00000000d6b80000)
 ParOldGen       total 117248K, used 109901K [0x0000000080000000, 0x0000000087280000, 0x00000000d5580000)
  object space 117248K, 93% used [0x0000000080000000,0x0000000086b53690,0x0000000087280000)
 Metaspace       used 63822K, committed 65280K, reserved 1114112K
  class space    used 7256K, committed 7872K, reserved 1048576K
}
Event: 136.267 GC heap after
{Heap after GC invocations=129 (full 3):
 PSYoungGen      total 16896K, used 96K [0x00000000d5580000, 0x00000000d6b80000, 0x0000000100000000)
  eden space 16384K, 0% used [0x00000000d5580000,0x00000000d5580000,0x00000000d6580000)
  from space 512K, 18% used [0x00000000d6b00000,0x00000000d6b18000,0x00000000d6b80000)
  to   space 512K, 0% used [0x00000000d6a80000,0x00000000d6a80000,0x00000000d6b00000)
 ParOldGen       total 117248K, used 110408K [0x0000000080000000, 0x0000000087280000, 0x00000000d5580000)
  object space 117248K, 94% used [0x0000000080000000,0x0000000086bd2238,0x0000000087280000)
 Metaspace       used 63822K, committed 65280K, reserved 1114112K
  class space    used 7256K, committed 7872K, reserved 1048576K
}
Event: 136.617 GC heap before
{Heap before GC invocations=130 (full 3):
 PSYoungGen      total 16896K, used 16480K [0x00000000d5580000, 0x00000000d6b80000, 0x0000000100000000)
  eden space 16384K, 100% used [0x00000000d5580000,0x00000000d6580000,0x00000000d6580000)
  from space 512K, 18% used [0x00000000d6b00000,0x00000000d6b18000,0x00000000d6b80000)
  to   space 512K, 0% used [0x00000000d6a80000,0x00000000d6a80000,0x00000000d6b00000)
 ParOldGen       total 117248K, used 110408K [0x0000000080000000, 0x0000000087280000, 0x00000000d5580000)
  object space 117248K, 94% used [0x0000000080000000,0x0000000086bd2238,0x0000000087280000)
 Metaspace       used 63932K, committed 65280K, reserved 1114112K
  class space    used 7270K, committed 7872K, reserved 1048576K
}
Event: 136.628 GC heap after
{Heap after GC invocations=130 (full 3):
 PSYoungGen      total 16896K, used 487K [0x00000000d5580000, 0x00000000d7680000, 0x0000000100000000)
  eden space 16384K, 0% used [0x00000000d5580000,0x00000000d5580000,0x00000000d6580000)
  from space 512K, 95% used [0x00000000d6a80000,0x00000000d6af9d88,0x00000000d6b00000)
  to   space 8704K, 0% used [0x00000000d6e00000,0x00000000d6e00000,0x00000000d7680000)
 ParOldGen       total 117248K, used 117218K [0x0000000080000000, 0x0000000087280000, 0x00000000d5580000)
  object space 117248K, 99% used [0x0000000080000000,0x0000000087278930,0x0000000087280000)
 Metaspace       used 63932K, committed 65280K, reserved 1114112K
  class space    used 7270K, committed 7872K, reserved 1048576K
}
Event: 136.854 GC heap before
{Heap before GC invocations=131 (full 3):
 PSYoungGen      total 16896K, used 16871K [0x00000000d5580000, 0x00000000d7680000, 0x0000000100000000)
  eden space 16384K, 100% used [0x00000000d5580000,0x00000000d6580000,0x00000000d6580000)
  from space 512K, 95% used [0x00000000d6a80000,0x00000000d6af9d88,0x00000000d6b00000)
  to   space 8704K, 0% used [0x00000000d6e00000,0x00000000d6e00000,0x00000000d7680000)
 ParOldGen       total 117248K, used 117218K [0x0000000080000000, 0x0000000087280000, 0x00000000d5580000)
  object space 117248K, 99% used [0x0000000080000000,0x0000000087278930,0x0000000087280000)
 Metaspace       used 63976K, committed 65344K, reserved 1114112K
  class space    used 7272K, committed 7872K, reserved 1048576K
}
Event: 136.873 GC heap after
{Heap after GC invocations=131 (full 3):
 PSYoungGen      total 15872K, used 8686K [0x00000000d5580000, 0x00000000d8880000, 0x0000000100000000)
  eden space 7168K, 0% used [0x00000000d5580000,0x00000000d5580000,0x00000000d5c80000)
  from space 8704K, 99% used [0x00000000d6e00000,0x00000000d767ba30,0x00000000d7680000)
  to   space 17920K, 0% used [0x00000000d5c80000,0x00000000d5c80000,0x00000000d6e00000)
 ParOldGen       total 124928K, used 124581K [0x0000000080000000, 0x0000000087a00000, 0x00000000d5580000)
  object space 124928K, 99% used [0x0000000080000000,0x00000000879a9788,0x0000000087a00000)
 Metaspace       used 63976K, committed 65344K, reserved 1114112K
  class space    used 7272K, committed 7872K, reserved 1048576K
}
Event: 136.986 GC heap before
{Heap before GC invocations=132 (full 3):
 PSYoungGen      total 15872K, used 15854K [0x00000000d5580000, 0x00000000d8880000, 0x0000000100000000)
  eden space 7168K, 100% used [0x00000000d5580000,0x00000000d5c80000,0x00000000d5c80000)
  from space 8704K, 99% used [0x00000000d6e00000,0x00000000d767ba30,0x00000000d7680000)
  to   space 17920K, 0% used [0x00000000d5c80000,0x00000000d5c80000,0x00000000d6e00000)
 ParOldGen       total 124928K, used 124581K [0x0000000080000000, 0x0000000087a00000, 0x00000000d5580000)
  object space 124928K, 99% used [0x0000000080000000,0x00000000879a9788,0x0000000087a00000)
 Metaspace       used 63987K, committed 65344K, reserved 1114112K
  class space    used 7272K, committed 7872K, reserved 1048576K
}
Event: 136.999 GC heap after
{Heap after GC invocations=132 (full 3):
 PSYoungGen      total 14336K, used 6782K [0x00000000d5580000, 0x00000000d7080000, 0x0000000100000000)
  eden space 7168K, 0% used [0x00000000d5580000,0x00000000d5580000,0x00000000d5c80000)
  from space 7168K, 94% used [0x00000000d5c80000,0x00000000d631fb60,0x00000000d6380000)
  to   space 10240K, 0% used [0x00000000d6680000,0x00000000d6680000,0x00000000d7080000)
 ParOldGen       total 133632K, used 133339K [0x0000000080000000, 0x0000000088280000, 0x00000000d5580000)
  object space 133632K, 99% used [0x0000000080000000,0x0000000088236fc8,0x0000000088280000)
 Metaspace       used 63987K, committed 65344K, reserved 1114112K
  class space    used 7272K, committed 7872K, reserved 1048576K
}
Event: 138.347 GC heap before
{Heap before GC invocations=133 (full 3):
 PSYoungGen      total 14336K, used 13950K [0x00000000d5580000, 0x00000000d7080000, 0x0000000100000000)
  eden space 7168K, 100% used [0x00000000d5580000,0x00000000d5c80000,0x00000000d5c80000)
  from space 7168K, 94% used [0x00000000d5c80000,0x00000000d631fb60,0x00000000d6380000)
  to   space 10240K, 0% used [0x00000000d6680000,0x00000000d6680000,0x00000000d7080000)
 ParOldGen       total 133632K, used 133339K [0x0000000080000000, 0x0000000088280000, 0x00000000d5580000)
  object space 133632K, 99% used [0x0000000080000000,0x0000000088236fc8,0x0000000088280000)
 Metaspace       used 64170K, committed 65600K, reserved 1114112K
  class space    used 7295K, committed 7872K, reserved 1048576K
}
Event: 138.355 GC heap after
{Heap after GC invocations=133 (full 3):
 PSYoungGen      total 12288K, used 5041K [0x00000000d5580000, 0x00000000d6b80000, 0x0000000100000000)
  eden space 7168K, 0% used [0x00000000d5580000,0x00000000d5580000,0x00000000d5c80000)
  from space 5120K, 98% used [0x00000000d6680000,0x00000000d6b6c6a0,0x00000000d6b80000)
  to   space 6656K, 0% used [0x00000000d5e80000,0x00000000d5e80000,0x00000000d6500000)
 ParOldGen       total 140288K, used 140122K [0x0000000080000000, 0x0000000088900000, 0x00000000d5580000)
  object space 140288K, 99% used [0x0000000080000000,0x00000000888d6b38,0x0000000088900000)
 Metaspace       used 64170K, committed 65600K, reserved 1114112K
  class space    used 7295K, committed 7872K, reserved 1048576K
}
Event: 416.562 GC heap before
{Heap before GC invocations=134 (full 3):
 PSYoungGen      total 12288K, used 12207K [0x00000000d5580000, 0x00000000d6b80000, 0x0000000100000000)
  eden space 7168K, 99% used [0x00000000d5580000,0x00000000d5c7f720,0x00000000d5c80000)
  from space 5120K, 98% used [0x00000000d6680000,0x00000000d6b6c6a0,0x00000000d6b80000)
  to   space 6656K, 0% used [0x00000000d5e80000,0x00000000d5e80000,0x00000000d6500000)
 ParOldGen       total 140288K, used 140122K [0x0000000080000000, 0x0000000088900000, 0x00000000d5580000)
  object space 140288K, 99% used [0x0000000080000000,0x00000000888d6b38,0x0000000088900000)
 Metaspace       used 64718K, committed 66176K, reserved 1114112K
  class space    used 7375K, committed 8000K, reserved 1048576K
}
Event: 416.569 GC heap after
{Heap after GC invocations=134 (full 3):
 PSYoungGen      total 7680K, used 192K [0x00000000d5580000, 0x00000000d6700000, 0x0000000100000000)
  eden space 7168K, 0% used [0x00000000d5580000,0x00000000d5580000,0x00000000d5c80000)
  from space 512K, 37% used [0x00000000d5e80000,0x00000000d5eb0000,0x00000000d5f00000)
  to   space 2560K, 0% used [0x00000000d6480000,0x00000000d6480000,0x00000000d6700000)
 ParOldGen       total 145408K, used 145129K [0x0000000080000000, 0x0000000088e00000, 0x00000000d5580000)
  object space 145408K, 99% used [0x0000000080000000,0x0000000088dba5d8,0x0000000088e00000)
 Metaspace       used 64718K, committed 66176K, reserved 1114112K
  class space    used 7375K, committed 8000K, reserved 1048576K
}

