# JRE version: OpenJDK Runtime Environment (22.0.2+9) (build 22.0.2+9-70)
# Java VM: OpenJDK 64-Bit Server VM (22.0.2+9-70, mixed mode, sharing, tiered, compressed oops, compressed class ptrs, g1 gc, windows-amd64)
GC Precious Log:
 CardTable entry size: 512
 Card Set container configuration: InlinePtr #cards 5 size 8 Array Of Cards #cards 12 size 40 Howl #buckets 4 coarsen threshold 1843 Howl Bitmap #cards 512 size 80 coarsen threshold 460 Card regions per heap region 1 cards per card region 2048
 CPUs: 4 total, 4 available
 Memory: 7878M
 Large Page Support: Disabled
 NUMA Support: Disabled
 Compressed Oops: Enabled (32-bit)
 Heap Region Size: 1M
 Heap Min Capacity: 8M
 Heap Initial Capacity: 124M
 Heap Max Capacity: 2G
 Pre-touch: Disabled
 Parallel Workers: 4
 Concurrent Workers: 1
 Concurrent Refinement Workers: 4
 Periodic GC: Disabled
Heap:
 garbage-first heap   total reserved 2097152K, committed 332800K, used 267000K [0x0000000080000000, 0x0000000100000000)
  region size 1024K, 43 young (44032K), 11 survivors (11264K)
 Metaspace       used 111317K, committed 114176K, reserved 557056K
  class space    used 15874K, committed 17216K, reserved 425984K
GC Heap History (20 events):
Event: 58.603 GC heap before
{Heap before GC invocations=48 (full 0):
 garbage-first heap   total reserved 2097152K, committed 261120K, used 214954K [0x0000000080000000, 0x0000000100000000)
  region size 1024K, 67 young (68608K), 9 survivors (9216K)
 Metaspace       used 107778K, committed 110336K, reserved 557056K
  class space    used 15420K, committed 16640K, reserved 425984K
}
Event: 58.624 GC heap after
{Heap after GC invocations=49 (full 0):
 garbage-first heap   total reserved 2097152K, committed 261120K, used 163190K [0x0000000080000000, 0x0000000100000000)
  region size 1024K, 9 young (9216K), 9 survivors (9216K)
 Metaspace       used 107778K, committed 110336K, reserved 557056K
  class space    used 15420K, committed 16640K, reserved 425984K
}
Event: 59.721 GC heap before
{Heap before GC invocations=49 (full 0):
 garbage-first heap   total reserved 2097152K, committed 261120K, used 229750K [0x0000000080000000, 0x0000000100000000)
  region size 1024K, 75 young (76800K), 9 survivors (9216K)
 Metaspace       used 108095K, committed 110720K, reserved 557056K
  class space    used 15464K, committed 16704K, reserved 425984K
}
Event: 59.752 GC heap after
{Heap after GC invocations=50 (full 0):
 garbage-first heap   total reserved 2097152K, committed 261120K, used 166434K [0x0000000080000000, 0x0000000100000000)
  region size 1024K, 9 young (9216K), 9 survivors (9216K)
 Metaspace       used 108095K, committed 110720K, reserved 557056K
  class space    used 15464K, committed 16704K, reserved 425984K
}
Event: 60.428 GC heap before
{Heap before GC invocations=50 (full 0):
 garbage-first heap   total reserved 2097152K, committed 261120K, used 224802K [0x0000000080000000, 0x0000000100000000)
  region size 1024K, 66 young (67584K), 9 survivors (9216K)
 Metaspace       used 108120K, committed 110720K, reserved 557056K
  class space    used 15468K, committed 16704K, reserved 425984K
}
Event: 60.446 GC heap after
{Heap after GC invocations=51 (full 0):
 garbage-first heap   total reserved 2097152K, committed 261120K, used 172596K [0x0000000080000000, 0x0000000100000000)
  region size 1024K, 7 young (7168K), 7 survivors (7168K)
 Metaspace       used 108120K, committed 110720K, reserved 557056K
  class space    used 15468K, committed 16704K, reserved 425984K
}
Event: 63.432 GC heap before
{Heap before GC invocations=52 (full 0):
 garbage-first heap   total reserved 2097152K, committed 291840K, used 238132K [0x0000000080000000, 0x0000000100000000)
  region size 1024K, 69 young (70656K), 7 survivors (7168K)
 Metaspace       used 110123K, committed 112832K, reserved 557056K
  class space    used 15733K, committed 17024K, reserved 425984K
}
Event: 63.476 GC heap after
{Heap after GC invocations=53 (full 0):
 garbage-first heap   total reserved 2097152K, committed 291840K, used 190253K [0x0000000080000000, 0x0000000100000000)
  region size 1024K, 9 young (9216K), 9 survivors (9216K)
 Metaspace       used 110123K, committed 112832K, reserved 557056K
  class space    used 15733K, committed 17024K, reserved 425984K
}
Event: 64.380 GC heap before
{Heap before GC invocations=53 (full 0):
 garbage-first heap   total reserved 2097152K, committed 291840K, used 256813K [0x0000000080000000, 0x0000000100000000)
  region size 1024K, 74 young (75776K), 9 survivors (9216K)
 Metaspace       used 110205K, committed 113024K, reserved 557056K
  class space    used 15738K, committed 17024K, reserved 425984K
}
Event: 64.417 GC heap after
{Heap after GC invocations=54 (full 0):
 garbage-first heap   total reserved 2097152K, committed 291840K, used 194936K [0x0000000080000000, 0x0000000100000000)
  region size 1024K, 7 young (7168K), 7 survivors (7168K)
 Metaspace       used 110205K, committed 113024K, reserved 557056K
  class space    used 15738K, committed 17024K, reserved 425984K
}
Event: 65.073 GC heap before
{Heap before GC invocations=54 (full 0):
 garbage-first heap   total reserved 2097152K, committed 291840K, used 259448K [0x0000000080000000, 0x0000000100000000)
  region size 1024K, 71 young (72704K), 7 survivors (7168K)
 Metaspace       used 110205K, committed 113024K, reserved 557056K
  class space    used 15738K, committed 17024K, reserved 425984K
}
Event: 65.088 GC heap after
{Heap after GC invocations=55 (full 0):
 garbage-first heap   total reserved 2097152K, committed 291840K, used 197957K [0x0000000080000000, 0x0000000100000000)
  region size 1024K, 6 young (6144K), 6 survivors (6144K)
 Metaspace       used 110205K, committed 113024K, reserved 557056K
  class space    used 15738K, committed 17024K, reserved 425984K
}
Event: 67.483 GC heap before
{Heap before GC invocations=56 (full 0):
 garbage-first heap   total reserved 2097152K, committed 332800K, used 264517K [0x0000000080000000, 0x0000000100000000)
  region size 1024K, 71 young (72704K), 6 survivors (6144K)
 Metaspace       used 110631K, committed 113408K, reserved 557056K
  class space    used 15783K, committed 17088K, reserved 425984K
}
Event: 67.507 GC heap after
{Heap after GC invocations=57 (full 0):
 garbage-first heap   total reserved 2097152K, committed 332800K, used 209708K [0x0000000080000000, 0x0000000100000000)
  region size 1024K, 9 young (9216K), 9 survivors (9216K)
 Metaspace       used 110631K, committed 113408K, reserved 557056K
  class space    used 15783K, committed 17088K, reserved 425984K
}
Event: 68.782 GC heap before
{Heap before GC invocations=57 (full 0):
 garbage-first heap   total reserved 2097152K, committed 332800K, used 291628K [0x0000000080000000, 0x0000000100000000)
  region size 1024K, 90 young (92160K), 9 survivors (9216K)
 Metaspace       used 110631K, committed 113408K, reserved 557056K
  class space    used 15783K, committed 17088K, reserved 425984K
}
Event: 68.804 GC heap after
{Heap after GC invocations=58 (full 0):
 garbage-first heap   total reserved 2097152K, committed 332800K, used 215855K [0x0000000080000000, 0x0000000100000000)
  region size 1024K, 6 young (6144K), 6 survivors (6144K)
 Metaspace       used 110631K, committed 113408K, reserved 557056K
  class space    used 15783K, committed 17088K, reserved 425984K
}
Event: 71.560 GC heap before
{Heap before GC invocations=58 (full 0):
 garbage-first heap   total reserved 2097152K, committed 332800K, used 302895K [0x0000000080000000, 0x0000000100000000)
  region size 1024K, 89 young (91136K), 6 survivors (6144K)
 Metaspace       used 110904K, committed 113728K, reserved 557056K
  class space    used 15813K, committed 17152K, reserved 425984K
}
Event: 71.588 GC heap after
{Heap after GC invocations=59 (full 0):
 garbage-first heap   total reserved 2097152K, committed 332800K, used 226304K [0x0000000080000000, 0x0000000100000000)
  region size 1024K, 12 young (12288K), 12 survivors (12288K)
 Metaspace       used 110904K, committed 113728K, reserved 557056K
  class space    used 15813K, committed 17152K, reserved 425984K
}
Event: 74.678 GC heap before
{Heap before GC invocations=59 (full 0):
 garbage-first heap   total reserved 2097152K, committed 332800K, used 297984K [0x0000000080000000, 0x0000000100000000)
  region size 1024K, 83 young (84992K), 12 survivors (12288K)
 Metaspace       used 111317K, committed 114176K, reserved 557056K
  class space    used 15874K, committed 17216K, reserved 425984K
}
Event: 74.710 GC heap after
{Heap after GC invocations=60 (full 0):
 garbage-first heap   total reserved 2097152K, committed 332800K, used 236280K [0x0000000080000000, 0x0000000100000000)
  region size 1024K, 11 young (11264K), 11 survivors (11264K)
 Metaspace       used 111317K, committed 114176K, reserved 557056K
  class space    used 15874K, committed 17216K, reserved 425984K
}

