# JRE version: OpenJDK Runtime Environment (22.0.2+9) (build 22.0.2+9-70)
# Java VM: OpenJDK 64-Bit Server VM (22.0.2+9-70, mixed mode, sharing, tiered, compressed oops, compressed class ptrs, g1 gc, windows-amd64)
GC Precious Log:
 CardTable entry size: 512
 Card Set container configuration: InlinePtr #cards 5 size 8 Array Of Cards #cards 12 size 40 Howl #buckets 4 coarsen threshold 1843 Howl Bitmap #cards 512 size 80 coarsen threshold 460 Card regions per heap region 1 cards per card region 2048
 CPUs: 4 total, 4 available
 Memory: 7878M
 Large Page Support: Disabled
 NUMA Support: Disabled
 Compressed Oops: Enabled (32-bit)
 Heap Region Size: 1M
 Heap Min Capacity: 8M
 Heap Initial Capacity: 124M
 Heap Max Capacity: 2G
 Pre-touch: Disabled
 Parallel Workers: 4
 Concurrent Workers: 1
 Concurrent Refinement Workers: 4
 Periodic GC: Disabled
Heap:
 garbage-first heap   total reserved 2097152K, committed 377856K, used 274342K [0x0000000080000000, 0x0000000100000000)
  region size 1024K, 38 young (38912K), 14 survivors (14336K)
 Metaspace       used 114606K, committed 117376K, reserved 557056K
  class space    used 16260K, committed 17536K, reserved 425984K
GC Heap History (20 events):
Event: 221.126 GC heap before
{Heap before GC invocations=67 (full 0):
 garbage-first heap   total reserved 2097152K, committed 299008K, used 265814K [0x0000000080000000, 0x0000000100000000)
  region size 1024K, 91 young (93184K), 12 survivors (12288K)
 Metaspace       used 104327K, committed 107136K, reserved 557056K
  class space    used 14942K, committed 16256K, reserved 425984K
}
Event: 221.144 GC heap after
{Heap after GC invocations=68 (full 0):
 garbage-first heap   total reserved 2097152K, committed 299008K, used 186722K [0x0000000080000000, 0x0000000100000000)
  region size 1024K, 4 young (4096K), 4 survivors (4096K)
 Metaspace       used 104327K, committed 107136K, reserved 557056K
  class space    used 14942K, committed 16256K, reserved 425984K
}
Event: 221.748 GC heap before
{Heap before GC invocations=68 (full 0):
 garbage-first heap   total reserved 2097152K, committed 299008K, used 202082K [0x0000000080000000, 0x0000000100000000)
  region size 1024K, 20 young (20480K), 4 survivors (4096K)
 Metaspace       used 104373K, committed 107200K, reserved 557056K
  class space    used 14947K, committed 16256K, reserved 425984K
}
Event: 221.760 GC heap after
{Heap after GC invocations=69 (full 0):
 garbage-first heap   total reserved 2097152K, committed 299008K, used 188690K [0x0000000080000000, 0x0000000100000000)
  region size 1024K, 6 young (6144K), 6 survivors (6144K)
 Metaspace       used 104373K, committed 107200K, reserved 557056K
  class space    used 14947K, committed 16256K, reserved 425984K
}
Event: 227.634 GC heap before
{Heap before GC invocations=70 (full 0):
 garbage-first heap   total reserved 2097152K, committed 319488K, used 272658K [0x0000000080000000, 0x0000000100000000)
  region size 1024K, 86 young (88064K), 6 survivors (6144K)
 Metaspace       used 104544K, committed 107328K, reserved 557056K
  class space    used 14969K, committed 16256K, reserved 425984K
}
Event: 227.657 GC heap after
{Heap after GC invocations=71 (full 0):
 garbage-first heap   total reserved 2097152K, committed 319488K, used 198471K [0x0000000080000000, 0x0000000100000000)
  region size 1024K, 11 young (11264K), 11 survivors (11264K)
 Metaspace       used 104544K, committed 107328K, reserved 557056K
  class space    used 14969K, committed 16256K, reserved 425984K
}
Event: 230.414 GC heap before
{Heap before GC invocations=71 (full 0):
 garbage-first heap   total reserved 2097152K, committed 319488K, used 283463K [0x0000000080000000, 0x0000000100000000)
  region size 1024K, 95 young (97280K), 11 survivors (11264K)
 Metaspace       used 104544K, committed 107328K, reserved 557056K
  class space    used 14969K, committed 16256K, reserved 425984K
}
Event: 230.441 GC heap after
{Heap after GC invocations=72 (full 0):
 garbage-first heap   total reserved 2097152K, committed 319488K, used 199050K [0x0000000080000000, 0x0000000100000000)
  region size 1024K, 5 young (5120K), 5 survivors (5120K)
 Metaspace       used 104544K, committed 107328K, reserved 557056K
  class space    used 14969K, committed 16256K, reserved 425984K
}
Event: 232.673 GC heap before
{Heap before GC invocations=72 (full 0):
 garbage-first heap   total reserved 2097152K, committed 319488K, used 237962K [0x0000000080000000, 0x0000000100000000)
  region size 1024K, 44 young (45056K), 5 survivors (5120K)
 Metaspace       used 104587K, committed 107392K, reserved 557056K
  class space    used 14973K, committed 16256K, reserved 425984K
}
Event: 232.689 GC heap after
{Heap after GC invocations=73 (full 0):
 garbage-first heap   total reserved 2097152K, committed 319488K, used 200704K [0x0000000080000000, 0x0000000100000000)
  region size 1024K, 6 young (6144K), 6 survivors (6144K)
 Metaspace       used 104587K, committed 107392K, reserved 557056K
  class space    used 14973K, committed 16256K, reserved 425984K
}
Event: 264.593 GC heap before
{Heap before GC invocations=74 (full 0):
 garbage-first heap   total reserved 2097152K, committed 339968K, used 292864K [0x0000000080000000, 0x0000000100000000)
  region size 1024K, 93 young (95232K), 6 survivors (6144K)
 Metaspace       used 107087K, committed 109952K, reserved 557056K
  class space    used 15245K, committed 16576K, reserved 425984K
}
Event: 264.624 GC heap after
{Heap after GC invocations=75 (full 0):
 garbage-first heap   total reserved 2097152K, committed 339968K, used 213948K [0x0000000080000000, 0x0000000100000000)
  region size 1024K, 12 young (12288K), 12 survivors (12288K)
 Metaspace       used 107087K, committed 109952K, reserved 557056K
  class space    used 15245K, committed 16576K, reserved 425984K
}
Event: 271.688 GC heap before
{Heap before GC invocations=75 (full 0):
 garbage-first heap   total reserved 2097152K, committed 339968K, used 303036K [0x0000000080000000, 0x0000000100000000)
  region size 1024K, 100 young (102400K), 12 survivors (12288K)
 Metaspace       used 107091K, committed 109952K, reserved 557056K
  class space    used 15245K, committed 16576K, reserved 425984K
}
Event: 271.729 GC heap after
{Heap after GC invocations=76 (full 0):
 garbage-first heap   total reserved 2097152K, committed 339968K, used 215837K [0x0000000080000000, 0x0000000100000000)
  region size 1024K, 5 young (5120K), 5 survivors (5120K)
 Metaspace       used 107091K, committed 109952K, reserved 557056K
  class space    used 15245K, committed 16576K, reserved 425984K
}
Event: 272.933 GC heap before
{Heap before GC invocations=76 (full 0):
 garbage-first heap   total reserved 2097152K, committed 339968K, used 244509K [0x0000000080000000, 0x0000000100000000)
  region size 1024K, 35 young (35840K), 5 survivors (5120K)
 Metaspace       used 107119K, committed 109952K, reserved 557056K
  class space    used 15248K, committed 16576K, reserved 425984K
}
Event: 272.946 GC heap after
{Heap after GC invocations=77 (full 0):
 garbage-first heap   total reserved 2097152K, committed 339968K, used 218169K [0x0000000080000000, 0x0000000100000000)
  region size 1024K, 7 young (7168K), 7 survivors (7168K)
 Metaspace       used 107119K, committed 109952K, reserved 557056K
  class space    used 15248K, committed 16576K, reserved 425984K
}
Event: 286.113 GC heap before
{Heap before GC invocations=78 (full 0):
 garbage-first heap   total reserved 2097152K, committed 377856K, used 318521K [0x0000000080000000, 0x0000000100000000)
  region size 1024K, 99 young (101376K), 7 survivors (7168K)
 Metaspace       used 110732K, committed 113536K, reserved 557056K
  class space    used 15797K, committed 17088K, reserved 425984K
}
Event: 286.153 GC heap after
{Heap after GC invocations=79 (full 0):
 garbage-first heap   total reserved 2097152K, committed 377856K, used 239164K [0x0000000080000000, 0x0000000100000000)
  region size 1024K, 13 young (13312K), 13 survivors (13312K)
 Metaspace       used 110732K, committed 113536K, reserved 557056K
  class space    used 15797K, committed 17088K, reserved 425984K
}
Event: 297.651 GC heap before
{Heap before GC invocations=79 (full 0):
 garbage-first heap   total reserved 2097152K, committed 377856K, used 335420K [0x0000000080000000, 0x0000000100000000)
  region size 1024K, 107 young (109568K), 13 survivors (13312K)
 Metaspace       used 114318K, committed 117120K, reserved 557056K
  class space    used 16235K, committed 17536K, reserved 425984K
}
Event: 297.788 GC heap after
{Heap after GC invocations=80 (full 0):
 garbage-first heap   total reserved 2097152K, committed 377856K, used 250790K [0x0000000080000000, 0x0000000100000000)
  region size 1024K, 14 young (14336K), 14 survivors (14336K)
 Metaspace       used 114318K, committed 117120K, reserved 557056K
  class space    used 16235K, committed 17536K, reserved 425984K
}

