# JRE version: OpenJDK Runtime Environment (22.0.2+9) (build 22.0.2+9-70)
# Java VM: OpenJDK 64-Bit Server VM (22.0.2+9-70, mixed mode, sharing, tiered, compressed oops, compressed class ptrs, g1 gc, windows-amd64)
GC Precious Log:
 CardTable entry size: 512
 Card Set container configuration: InlinePtr #cards 5 size 8 Array Of Cards #cards 12 size 40 Howl #buckets 4 coarsen threshold 1843 Howl Bitmap #cards 512 size 80 coarsen threshold 460 Card regions per heap region 1 cards per card region 2048
 CPUs: 4 total, 4 available
 Memory: 7878M
 Large Page Support: Disabled
 NUMA Support: Disabled
 Compressed Oops: Enabled (32-bit)
 Heap Region Size: 1M
 Heap Min Capacity: 8M
 Heap Initial Capacity: 124M
 Heap Max Capacity: 2G
 Pre-touch: Disabled
 Parallel Workers: 4
 Concurrent Workers: 1
 Concurrent Refinement Workers: 4
 Periodic GC: Disabled
Heap:
 garbage-first heap   total reserved 2097152K, committed 432128K, used 342016K [0x0000000080000000, 0x0000000100000000)
  region size 1024K, 68 young (69632K), 15 survivors (15360K)
 Metaspace       used 116827K, committed 119872K, reserved 557056K
  class space    used 16575K, committed 17984K, reserved 425984K
GC Heap History (20 events):
Event: 151.191 GC heap before
{Heap before GC invocations=65 (full 0):
 garbage-first heap   total reserved 2097152K, committed 337920K, used 270528K [0x0000000080000000, 0x0000000100000000)
  region size 1024K, 75 young (76800K), 7 survivors (7168K)
 Metaspace       used 105680K, committed 108608K, reserved 557056K
  class space    used 15159K, committed 16512K, reserved 425984K
}
Event: 151.214 GC heap after
{Heap after GC invocations=66 (full 0):
 garbage-first heap   total reserved 2097152K, committed 337920K, used 208694K [0x0000000080000000, 0x0000000100000000)
  region size 1024K, 10 young (10240K), 10 survivors (10240K)
 Metaspace       used 105680K, committed 108608K, reserved 557056K
  class space    used 15159K, committed 16512K, reserved 425984K
}
Event: 157.961 GC heap before
{Heap before GC invocations=66 (full 0):
 garbage-first heap   total reserved 2097152K, committed 337920K, used 290614K [0x0000000080000000, 0x0000000100000000)
  region size 1024K, 91 young (93184K), 10 survivors (10240K)
 Metaspace       used 105798K, committed 108736K, reserved 557056K
  class space    used 15173K, committed 16512K, reserved 425984K
}
Event: 157.986 GC heap after
{Heap after GC invocations=67 (full 0):
 garbage-first heap   total reserved 2097152K, committed 337920K, used 213627K [0x0000000080000000, 0x0000000100000000)
  region size 1024K, 8 young (8192K), 8 survivors (8192K)
 Metaspace       used 105798K, committed 108736K, reserved 557056K
  class space    used 15173K, committed 16512K, reserved 425984K
}
Event: 159.726 GC heap before
{Heap before GC invocations=67 (full 0):
 garbage-first heap   total reserved 2097152K, committed 337920K, used 303739K [0x0000000080000000, 0x0000000100000000)
  region size 1024K, 97 young (99328K), 8 survivors (8192K)
 Metaspace       used 105798K, committed 108736K, reserved 557056K
  class space    used 15173K, committed 16512K, reserved 425984K
}
Event: 159.745 GC heap after
{Heap after GC invocations=68 (full 0):
 garbage-first heap   total reserved 2097152K, committed 337920K, used 215396K [0x0000000080000000, 0x0000000100000000)
  region size 1024K, 5 young (5120K), 5 survivors (5120K)
 Metaspace       used 105798K, committed 108736K, reserved 557056K
  class space    used 15173K, committed 16512K, reserved 425984K
}
Event: 165.049 GC heap before
{Heap before GC invocations=68 (full 0):
 garbage-first heap   total reserved 2097152K, committed 337920K, used 311652K [0x0000000080000000, 0x0000000100000000)
  region size 1024K, 97 young (99328K), 5 survivors (5120K)
 Metaspace       used 106009K, committed 108992K, reserved 557056K
  class space    used 15199K, committed 16576K, reserved 425984K
}
Event: 165.074 GC heap after
{Heap after GC invocations=69 (full 0):
 garbage-first heap   total reserved 2097152K, committed 337920K, used 226304K [0x0000000080000000, 0x0000000100000000)
  region size 1024K, 13 young (13312K), 13 survivors (13312K)
 Metaspace       used 106009K, committed 108992K, reserved 557056K
  class space    used 15199K, committed 16576K, reserved 425984K
}
Event: 167.009 GC heap before
{Heap before GC invocations=69 (full 0):
 garbage-first heap   total reserved 2097152K, committed 337920K, used 305152K [0x0000000080000000, 0x0000000100000000)
  region size 1024K, 92 young (94208K), 13 survivors (13312K)
 Metaspace       used 106049K, committed 109056K, reserved 557056K
  class space    used 15203K, committed 16576K, reserved 425984K
}
Event: 167.033 GC heap after
{Heap after GC invocations=70 (full 0):
 garbage-first heap   total reserved 2097152K, committed 337920K, used 229845K [0x0000000080000000, 0x0000000100000000)
  region size 1024K, 6 young (6144K), 6 survivors (6144K)
 Metaspace       used 106049K, committed 109056K, reserved 557056K
  class space    used 15203K, committed 16576K, reserved 425984K
}
Event: 181.644 GC heap before
{Heap before GC invocations=71 (full 0):
 garbage-first heap   total reserved 2097152K, committed 391168K, used 313813K [0x0000000080000000, 0x0000000100000000)
  region size 1024K, 85 young (87040K), 6 survivors (6144K)
 Metaspace       used 108933K, committed 112000K, reserved 557056K
  class space    used 15536K, committed 16960K, reserved 425984K
}
Event: 181.705 GC heap after
{Heap after GC invocations=72 (full 0):
 garbage-first heap   total reserved 2097152K, committed 391168K, used 246784K [0x0000000080000000, 0x0000000100000000)
  region size 1024K, 11 young (11264K), 11 survivors (11264K)
 Metaspace       used 108933K, committed 112000K, reserved 557056K
  class space    used 15536K, committed 16960K, reserved 425984K
}
Event: 184.183 GC heap before
{Heap before GC invocations=72 (full 0):
 garbage-first heap   total reserved 2097152K, committed 391168K, used 344064K [0x0000000080000000, 0x0000000100000000)
  region size 1024K, 107 young (109568K), 11 survivors (11264K)
 Metaspace       used 108940K, committed 112000K, reserved 557056K
  class space    used 15536K, committed 16960K, reserved 425984K
}
Event: 184.219 GC heap after
{Heap after GC invocations=73 (full 0):
 garbage-first heap   total reserved 2097152K, committed 391168K, used 249856K [0x0000000080000000, 0x0000000100000000)
  region size 1024K, 5 young (5120K), 5 survivors (5120K)
 Metaspace       used 108940K, committed 112000K, reserved 557056K
  class space    used 15536K, committed 16960K, reserved 425984K
}
Event: 184.879 GC heap before
{Heap before GC invocations=73 (full 0):
 garbage-first heap   total reserved 2097152K, committed 391168K, used 263168K [0x0000000080000000, 0x0000000100000000)
  region size 1024K, 19 young (19456K), 5 survivors (5120K)
 Metaspace       used 108978K, committed 112064K, reserved 557056K
  class space    used 15540K, committed 16960K, reserved 425984K
}
Event: 184.891 GC heap after
{Heap after GC invocations=74 (full 0):
 garbage-first heap   total reserved 2097152K, committed 391168K, used 251423K [0x0000000080000000, 0x0000000100000000)
  region size 1024K, 7 young (7168K), 7 survivors (7168K)
 Metaspace       used 108978K, committed 112064K, reserved 557056K
  class space    used 15540K, committed 16960K, reserved 425984K
}
Event: 195.196 GC heap before
{Heap before GC invocations=75 (full 0):
 garbage-first heap   total reserved 2097152K, committed 432128K, used 360991K [0x0000000080000000, 0x0000000100000000)
  region size 1024K, 108 young (110592K), 7 survivors (7168K)
 Metaspace       used 113047K, committed 116096K, reserved 557056K
  class space    used 16161K, committed 17536K, reserved 425984K
}
Event: 195.233 GC heap after
{Heap after GC invocations=76 (full 0):
 garbage-first heap   total reserved 2097152K, committed 432128K, used 273283K [0x0000000080000000, 0x0000000100000000)
  region size 1024K, 14 young (14336K), 14 survivors (14336K)
 Metaspace       used 113047K, committed 116096K, reserved 557056K
  class space    used 16161K, committed 17536K, reserved 425984K
}
Event: 205.044 GC heap before
{Heap before GC invocations=76 (full 0):
 garbage-first heap   total reserved 2097152K, committed 432128K, used 379779K [0x0000000080000000, 0x0000000100000000)
  region size 1024K, 118 young (120832K), 14 survivors (14336K)
 Metaspace       used 116299K, committed 119424K, reserved 557056K
  class space    used 16542K, committed 17984K, reserved 425984K
}
Event: 205.116 GC heap after
{Heap after GC invocations=77 (full 0):
 garbage-first heap   total reserved 2097152K, committed 432128K, used 288768K [0x0000000080000000, 0x0000000100000000)
  region size 1024K, 15 young (15360K), 15 survivors (15360K)
 Metaspace       used 116299K, committed 119424K, reserved 557056K
  class space    used 16542K, committed 17984K, reserved 425984K
}

